extracting the dataset from NAS ...
done
/var/spool/slurm/d/job00598/slurm_script: line 22: $'\necho \'setup yolox environment ...\'\npip3 install -v -e .  # or  python3 setup.py develop\necho \'done\'\n': command not found
20221111-123015
2022-11-11 12:30:18 | INFO     | yolox.core.trainer:130 - args: Namespace(batch_size=64, cache=False, ckpt='pretrained_models/yolox_nano.pth', devices=1, dist_backend='nccl', dist_url=None, exp_file='exps/example/custom/visdrone_nano.py', experiment_name='visdrone_nano', fp16=True, logger='tensorboard', machine_rank=0, name=None, num_machines=1, occupy=False, opts=[], resume=False, start_epoch=None)
2022-11-11 12:30:18 | INFO     | yolox.core.trainer:131 - exp value:
╒═══════════════════╤════════════════════════════╕
│ keys              │ values                     │
╞═══════════════════╪════════════════════════════╡
│ seed              │ None                       │
├───────────────────┼────────────────────────────┤
│ output_dir        │ './YOLOX_outputs'          │
├───────────────────┼────────────────────────────┤
│ print_interval    │ 10                         │
├───────────────────┼────────────────────────────┤
│ eval_interval     │ 10                         │
├───────────────────┼────────────────────────────┤
│ num_classes       │ 12                         │
├───────────────────┼────────────────────────────┤
│ depth             │ 0.33                       │
├───────────────────┼────────────────────────────┤
│ width             │ 0.25                       │
├───────────────────┼────────────────────────────┤
│ act               │ 'silu'                     │
├───────────────────┼────────────────────────────┤
│ data_num_workers  │ 0                          │
├───────────────────┼────────────────────────────┤
│ input_size        │ (416, 416)                 │
├───────────────────┼────────────────────────────┤
│ multiscale_range  │ 5                          │
├───────────────────┼────────────────────────────┤
│ data_dir          │ '/local_datasets/VisDrone' │
├───────────────────┼────────────────────────────┤
│ train_ann         │ 'train2017.json'           │
├───────────────────┼────────────────────────────┤
│ val_ann           │ 'val2017.json'             │
├───────────────────┼────────────────────────────┤
│ test_ann          │ 'test2017.json'            │
├───────────────────┼────────────────────────────┤
│ mosaic_prob       │ 1.0                        │
├───────────────────┼────────────────────────────┤
│ mixup_prob        │ 1.0                        │
├───────────────────┼────────────────────────────┤
│ hsv_prob          │ 1.0                        │
├───────────────────┼────────────────────────────┤
│ flip_prob         │ 0.5                        │
├───────────────────┼────────────────────────────┤
│ degrees           │ 10.0                       │
├───────────────────┼────────────────────────────┤
│ translate         │ 0.1                        │
├───────────────────┼────────────────────────────┤
│ mosaic_scale      │ (0.5, 1.5)                 │
├───────────────────┼────────────────────────────┤
│ enable_mixup      │ False                      │
├───────────────────┼────────────────────────────┤
│ mixup_scale       │ (0.5, 1.5)                 │
├───────────────────┼────────────────────────────┤
│ shear             │ 2.0                        │
├───────────────────┼────────────────────────────┤
│ warmup_epochs     │ 5                          │
├───────────────────┼────────────────────────────┤
│ max_epoch         │ 350                        │
├───────────────────┼────────────────────────────┤
│ warmup_lr         │ 0                          │
├───────────────────┼────────────────────────────┤
│ min_lr_ratio      │ 0.05                       │
├───────────────────┼────────────────────────────┤
│ basic_lr_per_img  │ 0.00015625                 │
├───────────────────┼────────────────────────────┤
│ scheduler         │ 'yoloxwarmcos'             │
├───────────────────┼────────────────────────────┤
│ no_aug_epochs     │ 15                         │
├───────────────────┼────────────────────────────┤
│ ema               │ True                       │
├───────────────────┼────────────────────────────┤
│ weight_decay      │ 0.0005                     │
├───────────────────┼────────────────────────────┤
│ momentum          │ 0.9                        │
├───────────────────┼────────────────────────────┤
│ save_history_ckpt │ True                       │
├───────────────────┼────────────────────────────┤
│ exp_name          │ 'visdrone_nano'            │
├───────────────────┼────────────────────────────┤
│ test_size         │ (416, 416)                 │
├───────────────────┼────────────────────────────┤
│ test_conf         │ 0.01                       │
├───────────────────┼────────────────────────────┤
│ nmsthre           │ 0.65                       │
├───────────────────┼────────────────────────────┤
│ random_size       │ (10, 20)                   │
╘═══════════════════╧════════════════════════════╛
2022-11-11 12:30:18 | INFO     | yolox.core.trainer:137 - Model Summary: Params: 0.90M, Gflops: 1.08
2022-11-11 12:30:20 | INFO     | yolox.core.trainer:311 - loading checkpoint for fine tuning
2022-11-11 12:30:20 | WARNING  | yolox.utils.checkpoint:26 - Shape of head.cls_preds.0.weight in checkpoint is torch.Size([80, 64, 1, 1]), while shape of head.cls_preds.0.weight in model is torch.Size([12, 64, 1, 1]).
2022-11-11 12:30:20 | WARNING  | yolox.utils.checkpoint:26 - Shape of head.cls_preds.0.bias in checkpoint is torch.Size([80]), while shape of head.cls_preds.0.bias in model is torch.Size([12]).
2022-11-11 12:30:20 | WARNING  | yolox.utils.checkpoint:26 - Shape of head.cls_preds.1.weight in checkpoint is torch.Size([80, 64, 1, 1]), while shape of head.cls_preds.1.weight in model is torch.Size([12, 64, 1, 1]).
2022-11-11 12:30:20 | WARNING  | yolox.utils.checkpoint:26 - Shape of head.cls_preds.1.bias in checkpoint is torch.Size([80]), while shape of head.cls_preds.1.bias in model is torch.Size([12]).
2022-11-11 12:30:20 | WARNING  | yolox.utils.checkpoint:26 - Shape of head.cls_preds.2.weight in checkpoint is torch.Size([80, 64, 1, 1]), while shape of head.cls_preds.2.weight in model is torch.Size([12, 64, 1, 1]).
2022-11-11 12:30:20 | WARNING  | yolox.utils.checkpoint:26 - Shape of head.cls_preds.2.bias in checkpoint is torch.Size([80]), while shape of head.cls_preds.2.bias in model is torch.Size([12]).
2022-11-11 12:30:20 | INFO     | yolox.data.datasets.coco:65 - loading annotations into memory...
2022-11-11 12:30:22 | INFO     | yolox.data.datasets.coco:65 - Done (t=1.94s)
2022-11-11 12:30:22 | INFO     | pycocotools.coco:86 - creating index...
2022-11-11 12:30:22 | INFO     | pycocotools.coco:86 - index created!
2022-11-11 12:30:42 | INFO     | yolox.core.trainer:155 - init prefetcher, this might take one minute or less...
2022-11-11 12:30:50 | INFO     | yolox.data.datasets.coco:65 - loading annotations into memory...
2022-11-11 12:30:51 | INFO     | yolox.data.datasets.coco:65 - Done (t=0.12s)
2022-11-11 12:30:51 | INFO     | pycocotools.coco:86 - creating index...
2022-11-11 12:30:51 | INFO     | pycocotools.coco:86 - index created!
2022-11-11 12:30:53 | INFO     | yolox.core.trainer:191 - Training start...
2022-11-11 12:30:53 | INFO     | yolox.core.trainer:192 - 
YOLOX(
  (backbone): YOLOPAFPN(
    (backbone): CSPDarknet(
      (stem): Focus(
        (conv): BaseConv(
          (conv): Conv2d(12, 16, kernel_size=(3, 3), stride=(1, 1), padding=(1, 1), bias=False)
          (bn): BatchNorm2d(16, eps=0.001, momentum=0.03, affine=True, track_running_stats=True)
          (act): SiLU(inplace=True)
        )
      )
      (dark2): Sequential(
        (0): DWConv(
          (dconv): BaseConv(
            (conv): Conv2d(16, 16, kernel_size=(3, 3), stride=(2, 2), padding=(1, 1), groups=16, bias=False)
            (bn): BatchNorm2d(16, eps=0.001, momentum=0.03, affine=True, track_running_stats=True)
            (act): SiLU(inplace=True)
          )
          (pconv): BaseConv(
            (conv): Conv2d(16, 32, kernel_size=(1, 1), stride=(1, 1), bias=False)
            (bn): BatchNorm2d(32, eps=0.001, momentum=0.03, affine=True, track_running_stats=True)
            (act): SiLU(inplace=True)
          )
        )
        (1): CSPLayer(
          (conv1): BaseConv(
            (conv): Conv2d(32, 16, kernel_size=(1, 1), stride=(1, 1), bias=False)
            (bn): BatchNorm2d(16, eps=0.001, momentum=0.03, affine=True, track_running_stats=True)
            (act): SiLU(inplace=True)
          )
          (conv2): BaseConv(
            (conv): Conv2d(32, 16, kernel_size=(1, 1), stride=(1, 1), bias=False)
            (bn): BatchNorm2d(16, eps=0.001, momentum=0.03, affine=True, track_running_stats=True)
            (act): SiLU(inplace=True)
          )
          (conv3): BaseConv(
            (conv): Conv2d(32, 32, kernel_size=(1, 1), stride=(1, 1), bias=False)
            (bn): BatchNorm2d(32, eps=0.001, momentum=0.03, affine=True, track_running_stats=True)
            (act): SiLU(inplace=True)
          )
          (m): Sequential(
            (0): Bottleneck(
              (conv1): BaseConv(
                (conv): Conv2d(16, 16, kernel_size=(1, 1), stride=(1, 1), bias=False)
                (bn): BatchNorm2d(16, eps=0.001, momentum=0.03, affine=True, track_running_stats=True)
                (act): SiLU(inplace=True)
              )
              (conv2): DWConv(
                (dconv): BaseConv(
                  (conv): Conv2d(16, 16, kernel_size=(3, 3), stride=(1, 1), padding=(1, 1), groups=16, bias=False)
                  (bn): BatchNorm2d(16, eps=0.001, momentum=0.03, affine=True, track_running_stats=True)
                  (act): SiLU(inplace=True)
                )
                (pconv): BaseConv(
                  (conv): Conv2d(16, 16, kernel_size=(1, 1), stride=(1, 1), bias=False)
                  (bn): BatchNorm2d(16, eps=0.001, momentum=0.03, affine=True, track_running_stats=True)
                  (act): SiLU(inplace=True)
                )
              )
            )
          )
        )
      )
      (dark3): Sequential(
        (0): DWConv(
          (dconv): BaseConv(
            (conv): Conv2d(32, 32, kernel_size=(3, 3), stride=(2, 2), padding=(1, 1), groups=32, bias=False)
            (bn): BatchNorm2d(32, eps=0.001, momentum=0.03, affine=True, track_running_stats=True)
            (act): SiLU(inplace=True)
          )
          (pconv): BaseConv(
            (conv): Conv2d(32, 64, kernel_size=(1, 1), stride=(1, 1), bias=False)
            (bn): BatchNorm2d(64, eps=0.001, momentum=0.03, affine=True, track_running_stats=True)
            (act): SiLU(inplace=True)
          )
        )
        (1): CSPLayer(
          (conv1): BaseConv(
            (conv): Conv2d(64, 32, kernel_size=(1, 1), stride=(1, 1), bias=False)
            (bn): BatchNorm2d(32, eps=0.001, momentum=0.03, affine=True, track_running_stats=True)
            (act): SiLU(inplace=True)
          )
          (conv2): BaseConv(
            (conv): Conv2d(64, 32, kernel_size=(1, 1), stride=(1, 1), bias=False)
            (bn): BatchNorm2d(32, eps=0.001, momentum=0.03, affine=True, track_running_stats=True)
            (act): SiLU(inplace=True)
          )
          (conv3): BaseConv(
            (conv): Conv2d(64, 64, kernel_size=(1, 1), stride=(1, 1), bias=False)
            (bn): BatchNorm2d(64, eps=0.001, momentum=0.03, affine=True, track_running_stats=True)
            (act): SiLU(inplace=True)
          )
          (m): Sequential(
            (0): Bottleneck(
              (conv1): BaseConv(
                (conv): Conv2d(32, 32, kernel_size=(1, 1), stride=(1, 1), bias=False)
                (bn): BatchNorm2d(32, eps=0.001, momentum=0.03, affine=True, track_running_stats=True)
                (act): SiLU(inplace=True)
              )
              (conv2): DWConv(
                (dconv): BaseConv(
                  (conv): Conv2d(32, 32, kernel_size=(3, 3), stride=(1, 1), padding=(1, 1), groups=32, bias=False)
                  (bn): BatchNorm2d(32, eps=0.001, momentum=0.03, affine=True, track_running_stats=True)
                  (act): SiLU(inplace=True)
                )
                (pconv): BaseConv(
                  (conv): Conv2d(32, 32, kernel_size=(1, 1), stride=(1, 1), bias=False)
                  (bn): BatchNorm2d(32, eps=0.001, momentum=0.03, affine=True, track_running_stats=True)
                  (act): SiLU(inplace=True)
                )
              )
            )
            (1): Bottleneck(
              (conv1): BaseConv(
                (conv): Conv2d(32, 32, kernel_size=(1, 1), stride=(1, 1), bias=False)
                (bn): BatchNorm2d(32, eps=0.001, momentum=0.03, affine=True, track_running_stats=True)
                (act): SiLU(inplace=True)
              )
              (conv2): DWConv(
                (dconv): BaseConv(
                  (conv): Conv2d(32, 32, kernel_size=(3, 3), stride=(1, 1), padding=(1, 1), groups=32, bias=False)
                  (bn): BatchNorm2d(32, eps=0.001, momentum=0.03, affine=True, track_running_stats=True)
                  (act): SiLU(inplace=True)
                )
                (pconv): BaseConv(
                  (conv): Conv2d(32, 32, kernel_size=(1, 1), stride=(1, 1), bias=False)
                  (bn): BatchNorm2d(32, eps=0.001, momentum=0.03, affine=True, track_running_stats=True)
                  (act): SiLU(inplace=True)
                )
              )
            )
            (2): Bottleneck(
              (conv1): BaseConv(
                (conv): Conv2d(32, 32, kernel_size=(1, 1), stride=(1, 1), bias=False)
                (bn): BatchNorm2d(32, eps=0.001, momentum=0.03, affine=True, track_running_stats=True)
                (act): SiLU(inplace=True)
              )
              (conv2): DWConv(
                (dconv): BaseConv(
                  (conv): Conv2d(32, 32, kernel_size=(3, 3), stride=(1, 1), padding=(1, 1), groups=32, bias=False)
                  (bn): BatchNorm2d(32, eps=0.001, momentum=0.03, affine=True, track_running_stats=True)
                  (act): SiLU(inplace=True)
                )
                (pconv): BaseConv(
                  (conv): Conv2d(32, 32, kernel_size=(1, 1), stride=(1, 1), bias=False)
                  (bn): BatchNorm2d(32, eps=0.001, momentum=0.03, affine=True, track_running_stats=True)
                  (act): SiLU(inplace=True)
                )
              )
            )
          )
        )
      )
      (dark4): Sequential(
        (0): DWConv(
          (dconv): BaseConv(
            (conv): Conv2d(64, 64, kernel_size=(3, 3), stride=(2, 2), padding=(1, 1), groups=64, bias=False)
            (bn): BatchNorm2d(64, eps=0.001, momentum=0.03, affine=True, track_running_stats=True)
            (act): SiLU(inplace=True)
          )
          (pconv): BaseConv(
            (conv): Conv2d(64, 128, kernel_size=(1, 1), stride=(1, 1), bias=False)
            (bn): BatchNorm2d(128, eps=0.001, momentum=0.03, affine=True, track_running_stats=True)
            (act): SiLU(inplace=True)
          )
        )
        (1): CSPLayer(
          (conv1): BaseConv(
            (conv): Conv2d(128, 64, kernel_size=(1, 1), stride=(1, 1), bias=False)
            (bn): BatchNorm2d(64, eps=0.001, momentum=0.03, affine=True, track_running_stats=True)
            (act): SiLU(inplace=True)
          )
          (conv2): BaseConv(
            (conv): Conv2d(128, 64, kernel_size=(1, 1), stride=(1, 1), bias=False)
            (bn): BatchNorm2d(64, eps=0.001, momentum=0.03, affine=True, track_running_stats=True)
            (act): SiLU(inplace=True)
          )
          (conv3): BaseConv(
            (conv): Conv2d(128, 128, kernel_size=(1, 1), stride=(1, 1), bias=False)
            (bn): BatchNorm2d(128, eps=0.001, momentum=0.03, affine=True, track_running_stats=True)
            (act): SiLU(inplace=True)
          )
          (m): Sequential(
            (0): Bottleneck(
              (conv1): BaseConv(
                (conv): Conv2d(64, 64, kernel_size=(1, 1), stride=(1, 1), bias=False)
                (bn): BatchNorm2d(64, eps=0.001, momentum=0.03, affine=True, track_running_stats=True)
                (act): SiLU(inplace=True)
              )
              (conv2): DWConv(
                (dconv): BaseConv(
                  (conv): Conv2d(64, 64, kernel_size=(3, 3), stride=(1, 1), padding=(1, 1), groups=64, bias=False)
                  (bn): BatchNorm2d(64, eps=0.001, momentum=0.03, affine=True, track_running_stats=True)
                  (act): SiLU(inplace=True)
                )
                (pconv): BaseConv(
                  (conv): Conv2d(64, 64, kernel_size=(1, 1), stride=(1, 1), bias=False)
                  (bn): BatchNorm2d(64, eps=0.001, momentum=0.03, affine=True, track_running_stats=True)
                  (act): SiLU(inplace=True)
                )
              )
            )
            (1): Bottleneck(
              (conv1): BaseConv(
                (conv): Conv2d(64, 64, kernel_size=(1, 1), stride=(1, 1), bias=False)
                (bn): BatchNorm2d(64, eps=0.001, momentum=0.03, affine=True, track_running_stats=True)
                (act): SiLU(inplace=True)
              )
              (conv2): DWConv(
                (dconv): BaseConv(
                  (conv): Conv2d(64, 64, kernel_size=(3, 3), stride=(1, 1), padding=(1, 1), groups=64, bias=False)
                  (bn): BatchNorm2d(64, eps=0.001, momentum=0.03, affine=True, track_running_stats=True)
                  (act): SiLU(inplace=True)
                )
                (pconv): BaseConv(
                  (conv): Conv2d(64, 64, kernel_size=(1, 1), stride=(1, 1), bias=False)
                  (bn): BatchNorm2d(64, eps=0.001, momentum=0.03, affine=True, track_running_stats=True)
                  (act): SiLU(inplace=True)
                )
              )
            )
            (2): Bottleneck(
              (conv1): BaseConv(
                (conv): Conv2d(64, 64, kernel_size=(1, 1), stride=(1, 1), bias=False)
                (bn): BatchNorm2d(64, eps=0.001, momentum=0.03, affine=True, track_running_stats=True)
                (act): SiLU(inplace=True)
              )
              (conv2): DWConv(
                (dconv): BaseConv(
                  (conv): Conv2d(64, 64, kernel_size=(3, 3), stride=(1, 1), padding=(1, 1), groups=64, bias=False)
                  (bn): BatchNorm2d(64, eps=0.001, momentum=0.03, affine=True, track_running_stats=True)
                  (act): SiLU(inplace=True)
                )
                (pconv): BaseConv(
                  (conv): Conv2d(64, 64, kernel_size=(1, 1), stride=(1, 1), bias=False)
                  (bn): BatchNorm2d(64, eps=0.001, momentum=0.03, affine=True, track_running_stats=True)
                  (act): SiLU(inplace=True)
                )
              )
            )
          )
        )
      )
      (dark5): Sequential(
        (0): DWConv(
          (dconv): BaseConv(
            (conv): Conv2d(128, 128, kernel_size=(3, 3), stride=(2, 2), padding=(1, 1), groups=128, bias=False)
            (bn): BatchNorm2d(128, eps=0.001, momentum=0.03, affine=True, track_running_stats=True)
            (act): SiLU(inplace=True)
          )
          (pconv): BaseConv(
            (conv): Conv2d(128, 256, kernel_size=(1, 1), stride=(1, 1), bias=False)
            (bn): BatchNorm2d(256, eps=0.001, momentum=0.03, affine=True, track_running_stats=True)
            (act): SiLU(inplace=True)
          )
        )
        (1): SPPBottleneck(
          (conv1): BaseConv(
            (conv): Conv2d(256, 128, kernel_size=(1, 1), stride=(1, 1), bias=False)
            (bn): BatchNorm2d(128, eps=0.001, momentum=0.03, affine=True, track_running_stats=True)
            (act): SiLU(inplace=True)
          )
          (m): ModuleList(
            (0): MaxPool2d(kernel_size=5, stride=1, padding=2, dilation=1, ceil_mode=False)
            (1): MaxPool2d(kernel_size=9, stride=1, padding=4, dilation=1, ceil_mode=False)
            (2): MaxPool2d(kernel_size=13, stride=1, padding=6, dilation=1, ceil_mode=False)
          )
          (conv2): BaseConv(
            (conv): Conv2d(512, 256, kernel_size=(1, 1), stride=(1, 1), bias=False)
            (bn): BatchNorm2d(256, eps=0.001, momentum=0.03, affine=True, track_running_stats=True)
            (act): SiLU(inplace=True)
          )
        )
        (2): CSPLayer(
          (conv1): BaseConv(
            (conv): Conv2d(256, 128, kernel_size=(1, 1), stride=(1, 1), bias=False)
            (bn): BatchNorm2d(128, eps=0.001, momentum=0.03, affine=True, track_running_stats=True)
            (act): SiLU(inplace=True)
          )
          (conv2): BaseConv(
            (conv): Conv2d(256, 128, kernel_size=(1, 1), stride=(1, 1), bias=False)
            (bn): BatchNorm2d(128, eps=0.001, momentum=0.03, affine=True, track_running_stats=True)
            (act): SiLU(inplace=True)
          )
          (conv3): BaseConv(
            (conv): Conv2d(256, 256, kernel_size=(1, 1), stride=(1, 1), bias=False)
            (bn): BatchNorm2d(256, eps=0.001, momentum=0.03, affine=True, track_running_stats=True)
            (act): SiLU(inplace=True)
          )
          (m): Sequential(
            (0): Bottleneck(
              (conv1): BaseConv(
                (conv): Conv2d(128, 128, kernel_size=(1, 1), stride=(1, 1), bias=False)
                (bn): BatchNorm2d(128, eps=0.001, momentum=0.03, affine=True, track_running_stats=True)
                (act): SiLU(inplace=True)
              )
              (conv2): DWConv(
                (dconv): BaseConv(
                  (conv): Conv2d(128, 128, kernel_size=(3, 3), stride=(1, 1), padding=(1, 1), groups=128, bias=False)
                  (bn): BatchNorm2d(128, eps=0.001, momentum=0.03, affine=True, track_running_stats=True)
                  (act): SiLU(inplace=True)
                )
                (pconv): BaseConv(
                  (conv): Conv2d(128, 128, kernel_size=(1, 1), stride=(1, 1), bias=False)
                  (bn): BatchNorm2d(128, eps=0.001, momentum=0.03, affine=True, track_running_stats=True)
                  (act): SiLU(inplace=True)
                )
              )
            )
          )
        )
      )
    )
    (upsample): Upsample(scale_factor=2.0, mode=nearest)
    (lateral_conv0): BaseConv(
      (conv): Conv2d(256, 128, kernel_size=(1, 1), stride=(1, 1), bias=False)
      (bn): BatchNorm2d(128, eps=0.001, momentum=0.03, affine=True, track_running_stats=True)
      (act): SiLU(inplace=True)
    )
    (C3_p4): CSPLayer(
      (conv1): BaseConv(
        (conv): Conv2d(256, 64, kernel_size=(1, 1), stride=(1, 1), bias=False)
        (bn): BatchNorm2d(64, eps=0.001, momentum=0.03, affine=True, track_running_stats=True)
        (act): SiLU(inplace=True)
      )
      (conv2): BaseConv(
        (conv): Conv2d(256, 64, kernel_size=(1, 1), stride=(1, 1), bias=False)
        (bn): BatchNorm2d(64, eps=0.001, momentum=0.03, affine=True, track_running_stats=True)
        (act): SiLU(inplace=True)
      )
      (conv3): BaseConv(
        (conv): Conv2d(128, 128, kernel_size=(1, 1), stride=(1, 1), bias=False)
        (bn): BatchNorm2d(128, eps=0.001, momentum=0.03, affine=True, track_running_stats=True)
        (act): SiLU(inplace=True)
      )
      (m): Sequential(
        (0): Bottleneck(
          (conv1): BaseConv(
            (conv): Conv2d(64, 64, kernel_size=(1, 1), stride=(1, 1), bias=False)
            (bn): BatchNorm2d(64, eps=0.001, momentum=0.03, affine=True, track_running_stats=True)
            (act): SiLU(inplace=True)
          )
          (conv2): DWConv(
            (dconv): BaseConv(
              (conv): Conv2d(64, 64, kernel_size=(3, 3), stride=(1, 1), padding=(1, 1), groups=64, bias=False)
              (bn): BatchNorm2d(64, eps=0.001, momentum=0.03, affine=True, track_running_stats=True)
              (act): SiLU(inplace=True)
            )
            (pconv): BaseConv(
              (conv): Conv2d(64, 64, kernel_size=(1, 1), stride=(1, 1), bias=False)
              (bn): BatchNorm2d(64, eps=0.001, momentum=0.03, affine=True, track_running_stats=True)
              (act): SiLU(inplace=True)
            )
          )
        )
      )
    )
    (reduce_conv1): BaseConv(
      (conv): Conv2d(128, 64, kernel_size=(1, 1), stride=(1, 1), bias=False)
      (bn): BatchNorm2d(64, eps=0.001, momentum=0.03, affine=True, track_running_stats=True)
      (act): SiLU(inplace=True)
    )
    (C3_p3): CSPLayer(
      (conv1): BaseConv(
        (conv): Conv2d(128, 32, kernel_size=(1, 1), stride=(1, 1), bias=False)
        (bn): BatchNorm2d(32, eps=0.001, momentum=0.03, affine=True, track_running_stats=True)
        (act): SiLU(inplace=True)
      )
      (conv2): BaseConv(
        (conv): Conv2d(128, 32, kernel_size=(1, 1), stride=(1, 1), bias=False)
        (bn): BatchNorm2d(32, eps=0.001, momentum=0.03, affine=True, track_running_stats=True)
        (act): SiLU(inplace=True)
      )
      (conv3): BaseConv(
        (conv): Conv2d(64, 64, kernel_size=(1, 1), stride=(1, 1), bias=False)
        (bn): BatchNorm2d(64, eps=0.001, momentum=0.03, affine=True, track_running_stats=True)
        (act): SiLU(inplace=True)
      )
      (m): Sequential(
        (0): Bottleneck(
          (conv1): BaseConv(
            (conv): Conv2d(32, 32, kernel_size=(1, 1), stride=(1, 1), bias=False)
            (bn): BatchNorm2d(32, eps=0.001, momentum=0.03, affine=True, track_running_stats=True)
            (act): SiLU(inplace=True)
          )
          (conv2): DWConv(
            (dconv): BaseConv(
              (conv): Conv2d(32, 32, kernel_size=(3, 3), stride=(1, 1), padding=(1, 1), groups=32, bias=False)
              (bn): BatchNorm2d(32, eps=0.001, momentum=0.03, affine=True, track_running_stats=True)
              (act): SiLU(inplace=True)
            )
            (pconv): BaseConv(
              (conv): Conv2d(32, 32, kernel_size=(1, 1), stride=(1, 1), bias=False)
              (bn): BatchNorm2d(32, eps=0.001, momentum=0.03, affine=True, track_running_stats=True)
              (act): SiLU(inplace=True)
            )
          )
        )
      )
    )
    (bu_conv2): DWConv(
      (dconv): BaseConv(
        (conv): Conv2d(64, 64, kernel_size=(3, 3), stride=(2, 2), padding=(1, 1), groups=64, bias=False)
        (bn): BatchNorm2d(64, eps=0.001, momentum=0.03, affine=True, track_running_stats=True)
        (act): SiLU(inplace=True)
      )
      (pconv): BaseConv(
        (conv): Conv2d(64, 64, kernel_size=(1, 1), stride=(1, 1), bias=False)
        (bn): BatchNorm2d(64, eps=0.001, momentum=0.03, affine=True, track_running_stats=True)
        (act): SiLU(inplace=True)
      )
    )
    (C3_n3): CSPLayer(
      (conv1): BaseConv(
        (conv): Conv2d(128, 64, kernel_size=(1, 1), stride=(1, 1), bias=False)
        (bn): BatchNorm2d(64, eps=0.001, momentum=0.03, affine=True, track_running_stats=True)
        (act): SiLU(inplace=True)
      )
      (conv2): BaseConv(
        (conv): Conv2d(128, 64, kernel_size=(1, 1), stride=(1, 1), bias=False)
        (bn): BatchNorm2d(64, eps=0.001, momentum=0.03, affine=True, track_running_stats=True)
        (act): SiLU(inplace=True)
      )
      (conv3): BaseConv(
        (conv): Conv2d(128, 128, kernel_size=(1, 1), stride=(1, 1), bias=False)
        (bn): BatchNorm2d(128, eps=0.001, momentum=0.03, affine=True, track_running_stats=True)
        (act): SiLU(inplace=True)
      )
      (m): Sequential(
        (0): Bottleneck(
          (conv1): BaseConv(
            (conv): Conv2d(64, 64, kernel_size=(1, 1), stride=(1, 1), bias=False)
            (bn): BatchNorm2d(64, eps=0.001, momentum=0.03, affine=True, track_running_stats=True)
            (act): SiLU(inplace=True)
          )
          (conv2): DWConv(
            (dconv): BaseConv(
              (conv): Conv2d(64, 64, kernel_size=(3, 3), stride=(1, 1), padding=(1, 1), groups=64, bias=False)
              (bn): BatchNorm2d(64, eps=0.001, momentum=0.03, affine=True, track_running_stats=True)
              (act): SiLU(inplace=True)
            )
            (pconv): BaseConv(
              (conv): Conv2d(64, 64, kernel_size=(1, 1), stride=(1, 1), bias=False)
              (bn): BatchNorm2d(64, eps=0.001, momentum=0.03, affine=True, track_running_stats=True)
              (act): SiLU(inplace=True)
            )
          )
        )
      )
    )
    (bu_conv1): DWConv(
      (dconv): BaseConv(
        (conv): Conv2d(128, 128, kernel_size=(3, 3), stride=(2, 2), padding=(1, 1), groups=128, bias=False)
        (bn): BatchNorm2d(128, eps=0.001, momentum=0.03, affine=True, track_running_stats=True)
        (act): SiLU(inplace=True)
      )
      (pconv): BaseConv(
        (conv): Conv2d(128, 128, kernel_size=(1, 1), stride=(1, 1), bias=False)
        (bn): BatchNorm2d(128, eps=0.001, momentum=0.03, affine=True, track_running_stats=True)
        (act): SiLU(inplace=True)
      )
    )
    (C3_n4): CSPLayer(
      (conv1): BaseConv(
        (conv): Conv2d(256, 128, kernel_size=(1, 1), stride=(1, 1), bias=False)
        (bn): BatchNorm2d(128, eps=0.001, momentum=0.03, affine=True, track_running_stats=True)
        (act): SiLU(inplace=True)
      )
      (conv2): BaseConv(
        (conv): Conv2d(256, 128, kernel_size=(1, 1), stride=(1, 1), bias=False)
        (bn): BatchNorm2d(128, eps=0.001, momentum=0.03, affine=True, track_running_stats=True)
        (act): SiLU(inplace=True)
      )
      (conv3): BaseConv(
        (conv): Conv2d(256, 256, kernel_size=(1, 1), stride=(1, 1), bias=False)
        (bn): BatchNorm2d(256, eps=0.001, momentum=0.03, affine=True, track_running_stats=True)
        (act): SiLU(inplace=True)
      )
      (m): Sequential(
        (0): Bottleneck(
          (conv1): BaseConv(
            (conv): Conv2d(128, 128, kernel_size=(1, 1), stride=(1, 1), bias=False)
            (bn): BatchNorm2d(128, eps=0.001, momentum=0.03, affine=True, track_running_stats=True)
            (act): SiLU(inplace=True)
          )
          (conv2): DWConv(
            (dconv): BaseConv(
              (conv): Conv2d(128, 128, kernel_size=(3, 3), stride=(1, 1), padding=(1, 1), groups=128, bias=False)
              (bn): BatchNorm2d(128, eps=0.001, momentum=0.03, affine=True, track_running_stats=True)
              (act): SiLU(inplace=True)
            )
            (pconv): BaseConv(
              (conv): Conv2d(128, 128, kernel_size=(1, 1), stride=(1, 1), bias=False)
              (bn): BatchNorm2d(128, eps=0.001, momentum=0.03, affine=True, track_running_stats=True)
              (act): SiLU(inplace=True)
            )
          )
        )
      )
    )
  )
  (head): YOLOXHead(
    (cls_convs): ModuleList(
      (0): Sequential(
        (0): DWConv(
          (dconv): BaseConv(
            (conv): Conv2d(64, 64, kernel_size=(3, 3), stride=(1, 1), padding=(1, 1), groups=64, bias=False)
            (bn): BatchNorm2d(64, eps=0.001, momentum=0.03, affine=True, track_running_stats=True)
            (act): SiLU(inplace=True)
          )
          (pconv): BaseConv(
            (conv): Conv2d(64, 64, kernel_size=(1, 1), stride=(1, 1), bias=False)
            (bn): BatchNorm2d(64, eps=0.001, momentum=0.03, affine=True, track_running_stats=True)
            (act): SiLU(inplace=True)
          )
        )
        (1): DWConv(
          (dconv): BaseConv(
            (conv): Conv2d(64, 64, kernel_size=(3, 3), stride=(1, 1), padding=(1, 1), groups=64, bias=False)
            (bn): BatchNorm2d(64, eps=0.001, momentum=0.03, affine=True, track_running_stats=True)
            (act): SiLU(inplace=True)
          )
          (pconv): BaseConv(
            (conv): Conv2d(64, 64, kernel_size=(1, 1), stride=(1, 1), bias=False)
            (bn): BatchNorm2d(64, eps=0.001, momentum=0.03, affine=True, track_running_stats=True)
            (act): SiLU(inplace=True)
          )
        )
      )
      (1): Sequential(
        (0): DWConv(
          (dconv): BaseConv(
            (conv): Conv2d(64, 64, kernel_size=(3, 3), stride=(1, 1), padding=(1, 1), groups=64, bias=False)
            (bn): BatchNorm2d(64, eps=0.001, momentum=0.03, affine=True, track_running_stats=True)
            (act): SiLU(inplace=True)
          )
          (pconv): BaseConv(
            (conv): Conv2d(64, 64, kernel_size=(1, 1), stride=(1, 1), bias=False)
            (bn): BatchNorm2d(64, eps=0.001, momentum=0.03, affine=True, track_running_stats=True)
            (act): SiLU(inplace=True)
          )
        )
        (1): DWConv(
          (dconv): BaseConv(
            (conv): Conv2d(64, 64, kernel_size=(3, 3), stride=(1, 1), padding=(1, 1), groups=64, bias=False)
            (bn): BatchNorm2d(64, eps=0.001, momentum=0.03, affine=True, track_running_stats=True)
            (act): SiLU(inplace=True)
          )
          (pconv): BaseConv(
            (conv): Conv2d(64, 64, kernel_size=(1, 1), stride=(1, 1), bias=False)
            (bn): BatchNorm2d(64, eps=0.001, momentum=0.03, affine=True, track_running_stats=True)
            (act): SiLU(inplace=True)
          )
        )
      )
      (2): Sequential(
        (0): DWConv(
          (dconv): BaseConv(
            (conv): Conv2d(64, 64, kernel_size=(3, 3), stride=(1, 1), padding=(1, 1), groups=64, bias=False)
            (bn): BatchNorm2d(64, eps=0.001, momentum=0.03, affine=True, track_running_stats=True)
            (act): SiLU(inplace=True)
          )
          (pconv): BaseConv(
            (conv): Conv2d(64, 64, kernel_size=(1, 1), stride=(1, 1), bias=False)
            (bn): BatchNorm2d(64, eps=0.001, momentum=0.03, affine=True, track_running_stats=True)
            (act): SiLU(inplace=True)
          )
        )
        (1): DWConv(
          (dconv): BaseConv(
            (conv): Conv2d(64, 64, kernel_size=(3, 3), stride=(1, 1), padding=(1, 1), groups=64, bias=False)
            (bn): BatchNorm2d(64, eps=0.001, momentum=0.03, affine=True, track_running_stats=True)
            (act): SiLU(inplace=True)
          )
          (pconv): BaseConv(
            (conv): Conv2d(64, 64, kernel_size=(1, 1), stride=(1, 1), bias=False)
            (bn): BatchNorm2d(64, eps=0.001, momentum=0.03, affine=True, track_running_stats=True)
            (act): SiLU(inplace=True)
          )
        )
      )
    )
    (reg_convs): ModuleList(
      (0): Sequential(
        (0): DWConv(
          (dconv): BaseConv(
            (conv): Conv2d(64, 64, kernel_size=(3, 3), stride=(1, 1), padding=(1, 1), groups=64, bias=False)
            (bn): BatchNorm2d(64, eps=0.001, momentum=0.03, affine=True, track_running_stats=True)
            (act): SiLU(inplace=True)
          )
          (pconv): BaseConv(
            (conv): Conv2d(64, 64, kernel_size=(1, 1), stride=(1, 1), bias=False)
            (bn): BatchNorm2d(64, eps=0.001, momentum=0.03, affine=True, track_running_stats=True)
            (act): SiLU(inplace=True)
          )
        )
        (1): DWConv(
          (dconv): BaseConv(
            (conv): Conv2d(64, 64, kernel_size=(3, 3), stride=(1, 1), padding=(1, 1), groups=64, bias=False)
            (bn): BatchNorm2d(64, eps=0.001, momentum=0.03, affine=True, track_running_stats=True)
            (act): SiLU(inplace=True)
          )
          (pconv): BaseConv(
            (conv): Conv2d(64, 64, kernel_size=(1, 1), stride=(1, 1), bias=False)
            (bn): BatchNorm2d(64, eps=0.001, momentum=0.03, affine=True, track_running_stats=True)
            (act): SiLU(inplace=True)
          )
        )
      )
      (1): Sequential(
        (0): DWConv(
          (dconv): BaseConv(
            (conv): Conv2d(64, 64, kernel_size=(3, 3), stride=(1, 1), padding=(1, 1), groups=64, bias=False)
            (bn): BatchNorm2d(64, eps=0.001, momentum=0.03, affine=True, track_running_stats=True)
            (act): SiLU(inplace=True)
          )
          (pconv): BaseConv(
            (conv): Conv2d(64, 64, kernel_size=(1, 1), stride=(1, 1), bias=False)
            (bn): BatchNorm2d(64, eps=0.001, momentum=0.03, affine=True, track_running_stats=True)
            (act): SiLU(inplace=True)
          )
        )
        (1): DWConv(
          (dconv): BaseConv(
            (conv): Conv2d(64, 64, kernel_size=(3, 3), stride=(1, 1), padding=(1, 1), groups=64, bias=False)
            (bn): BatchNorm2d(64, eps=0.001, momentum=0.03, affine=True, track_running_stats=True)
            (act): SiLU(inplace=True)
          )
          (pconv): BaseConv(
            (conv): Conv2d(64, 64, kernel_size=(1, 1), stride=(1, 1), bias=False)
            (bn): BatchNorm2d(64, eps=0.001, momentum=0.03, affine=True, track_running_stats=True)
            (act): SiLU(inplace=True)
          )
        )
      )
      (2): Sequential(
        (0): DWConv(
          (dconv): BaseConv(
            (conv): Conv2d(64, 64, kernel_size=(3, 3), stride=(1, 1), padding=(1, 1), groups=64, bias=False)
            (bn): BatchNorm2d(64, eps=0.001, momentum=0.03, affine=True, track_running_stats=True)
            (act): SiLU(inplace=True)
          )
          (pconv): BaseConv(
            (conv): Conv2d(64, 64, kernel_size=(1, 1), stride=(1, 1), bias=False)
            (bn): BatchNorm2d(64, eps=0.001, momentum=0.03, affine=True, track_running_stats=True)
            (act): SiLU(inplace=True)
          )
        )
        (1): DWConv(
          (dconv): BaseConv(
            (conv): Conv2d(64, 64, kernel_size=(3, 3), stride=(1, 1), padding=(1, 1), groups=64, bias=False)
            (bn): BatchNorm2d(64, eps=0.001, momentum=0.03, affine=True, track_running_stats=True)
            (act): SiLU(inplace=True)
          )
          (pconv): BaseConv(
            (conv): Conv2d(64, 64, kernel_size=(1, 1), stride=(1, 1), bias=False)
            (bn): BatchNorm2d(64, eps=0.001, momentum=0.03, affine=True, track_running_stats=True)
            (act): SiLU(inplace=True)
          )
        )
      )
    )
    (cls_preds): ModuleList(
      (0): Conv2d(64, 12, kernel_size=(1, 1), stride=(1, 1))
      (1): Conv2d(64, 12, kernel_size=(1, 1), stride=(1, 1))
      (2): Conv2d(64, 12, kernel_size=(1, 1), stride=(1, 1))
    )
    (reg_preds): ModuleList(
      (0): Conv2d(64, 4, kernel_size=(1, 1), stride=(1, 1))
      (1): Conv2d(64, 4, kernel_size=(1, 1), stride=(1, 1))
      (2): Conv2d(64, 4, kernel_size=(1, 1), stride=(1, 1))
    )
    (obj_preds): ModuleList(
      (0): Conv2d(64, 1, kernel_size=(1, 1), stride=(1, 1))
      (1): Conv2d(64, 1, kernel_size=(1, 1), stride=(1, 1))
      (2): Conv2d(64, 1, kernel_size=(1, 1), stride=(1, 1))
    )
    (stems): ModuleList(
      (0): BaseConv(
        (conv): Conv2d(64, 64, kernel_size=(1, 1), stride=(1, 1), bias=False)
        (bn): BatchNorm2d(64, eps=0.001, momentum=0.03, affine=True, track_running_stats=True)
        (act): SiLU(inplace=True)
      )
      (1): BaseConv(
        (conv): Conv2d(128, 64, kernel_size=(1, 1), stride=(1, 1), bias=False)
        (bn): BatchNorm2d(64, eps=0.001, momentum=0.03, affine=True, track_running_stats=True)
        (act): SiLU(inplace=True)
      )
      (2): BaseConv(
        (conv): Conv2d(256, 64, kernel_size=(1, 1), stride=(1, 1), bias=False)
        (bn): BatchNorm2d(64, eps=0.001, momentum=0.03, affine=True, track_running_stats=True)
        (act): SiLU(inplace=True)
      )
    )
    (l1_loss): L1Loss()
    (bcewithlog_loss): BCEWithLogitsLoss()
    (iou_loss): IOUloss()
  )
)
2022-11-11 12:30:53 | INFO     | yolox.core.trainer:203 - ---> start train epoch1
2022-11-11 12:32:28 | INFO     | yolox.core.trainer:261 - epoch: 1/350, iter: 10/102, mem: 3606Mb, iter_time: 9.557s, data_time: 8.409s, total_loss: 10.8, iou_loss: 3.6, l1_loss: 0.0, conf_loss: 4.6, cls_loss: 2.6, lr: 3.845e-06, size: 416, ETA: 3 days, 22:44:48
2022-11-11 12:34:00 | INFO     | yolox.core.trainer:261 - epoch: 1/350, iter: 20/102, mem: 3606Mb, iter_time: 9.139s, data_time: 8.290s, total_loss: 10.5, iou_loss: 3.6, l1_loss: 0.0, conf_loss: 4.4, cls_loss: 2.5, lr: 1.538e-05, size: 416, ETA: 3 days, 20:38:52
2022-11-11 12:35:34 | INFO     | yolox.core.trainer:261 - epoch: 1/350, iter: 30/102, mem: 7937Mb, iter_time: 9.391s, data_time: 8.388s, total_loss: 9.0, iou_loss: 3.1, l1_loss: 0.0, conf_loss: 3.2, cls_loss: 2.7, lr: 3.460e-05, size: 608, ETA: 3 days, 20:45:47
2022-11-11 12:37:06 | INFO     | yolox.core.trainer:261 - epoch: 1/350, iter: 40/102, mem: 7937Mb, iter_time: 9.198s, data_time: 8.279s, total_loss: 8.3, iou_loss: 3.4, l1_loss: 0.0, conf_loss: 3.0, cls_loss: 1.8, lr: 6.151e-05, size: 512, ETA: 3 days, 20:19:49
2022-11-11 12:38:38 | INFO     | yolox.core.trainer:261 - epoch: 1/350, iter: 50/102, mem: 7937Mb, iter_time: 9.256s, data_time: 8.345s, total_loss: 7.9, iou_loss: 3.5, l1_loss: 0.0, conf_loss: 2.7, cls_loss: 1.7, lr: 9.612e-05, size: 352, ETA: 3 days, 20:10:33
2022-11-11 12:40:11 | INFO     | yolox.core.trainer:261 - epoch: 1/350, iter: 60/102, mem: 7937Mb, iter_time: 9.269s, data_time: 8.302s, total_loss: 7.5, iou_loss: 3.2, l1_loss: 0.0, conf_loss: 2.6, cls_loss: 1.6, lr: 1.384e-04, size: 544, ETA: 3 days, 20:05:06
2022-11-11 12:41:44 | INFO     | yolox.core.trainer:261 - epoch: 1/350, iter: 70/102, mem: 7937Mb, iter_time: 9.329s, data_time: 8.421s, total_loss: 7.3, iou_loss: 3.3, l1_loss: 0.0, conf_loss: 2.5, cls_loss: 1.5, lr: 1.884e-04, size: 384, ETA: 3 days, 20:05:55
2022-11-11 12:43:16 | INFO     | yolox.core.trainer:261 - epoch: 1/350, iter: 80/102, mem: 7937Mb, iter_time: 9.180s, data_time: 8.356s, total_loss: 7.1, iou_loss: 3.1, l1_loss: 0.0, conf_loss: 2.5, cls_loss: 1.5, lr: 2.461e-04, size: 544, ETA: 3 days, 19:55:01
2022-11-11 12:44:48 | INFO     | yolox.core.trainer:261 - epoch: 1/350, iter: 90/102, mem: 7937Mb, iter_time: 9.151s, data_time: 8.236s, total_loss: 6.8, iou_loss: 3.1, l1_loss: 0.0, conf_loss: 2.3, cls_loss: 1.4, lr: 3.114e-04, size: 480, ETA: 3 days, 19:44:19
2022-11-11 12:46:19 | INFO     | yolox.core.trainer:261 - epoch: 1/350, iter: 100/102, mem: 7937Mb, iter_time: 9.128s, data_time: 8.281s, total_loss: 7.3, iou_loss: 3.2, l1_loss: 0.0, conf_loss: 2.6, cls_loss: 1.5, lr: 3.845e-04, size: 544, ETA: 3 days, 19:34:07
2022-11-11 12:46:39 | INFO     | yolox.core.trainer:356 - Save weights to ./YOLOX_outputs/visdrone_nano
2022-11-11 12:46:39 | INFO     | yolox.core.trainer:203 - ---> start train epoch2
2022-11-11 12:48:11 | INFO     | yolox.core.trainer:261 - epoch: 2/350, iter: 10/102, mem: 7937Mb, iter_time: 9.203s, data_time: 8.365s, total_loss: 7.0, iou_loss: 3.3, l1_loss: 0.0, conf_loss: 2.3, cls_loss: 1.3, lr: 4.823e-04, size: 384, ETA: 3 days, 19:38:07
2022-11-11 12:49:42 | INFO     | yolox.core.trainer:261 - epoch: 2/350, iter: 20/102, mem: 7937Mb, iter_time: 9.089s, data_time: 8.226s, total_loss: 7.0, iou_loss: 3.4, l1_loss: 0.0, conf_loss: 2.3, cls_loss: 1.3, lr: 5.722e-04, size: 384, ETA: 3 days, 19:27:47
2022-11-11 12:51:14 | INFO     | yolox.core.trainer:261 - epoch: 2/350, iter: 30/102, mem: 7937Mb, iter_time: 9.228s, data_time: 8.335s, total_loss: 7.2, iou_loss: 3.6, l1_loss: 0.0, conf_loss: 2.3, cls_loss: 1.2, lr: 6.699e-04, size: 320, ETA: 3 days, 19:25:03
2022-11-11 12:52:47 | INFO     | yolox.core.trainer:261 - epoch: 2/350, iter: 40/102, mem: 7937Mb, iter_time: 9.221s, data_time: 8.445s, total_loss: 6.8, iou_loss: 3.1, l1_loss: 0.0, conf_loss: 2.4, cls_loss: 1.4, lr: 7.752e-04, size: 480, ETA: 3 days, 19:22:11
2022-11-11 12:54:18 | INFO     | yolox.core.trainer:261 - epoch: 2/350, iter: 50/102, mem: 7937Mb, iter_time: 9.168s, data_time: 8.370s, total_loss: 6.8, iou_loss: 3.3, l1_loss: 0.0, conf_loss: 2.2, cls_loss: 1.3, lr: 8.883e-04, size: 384, ETA: 3 days, 19:17:25
2022-11-11 12:55:49 | INFO     | yolox.core.trainer:261 - epoch: 2/350, iter: 60/102, mem: 7937Mb, iter_time: 9.095s, data_time: 8.273s, total_loss: 6.7, iou_loss: 3.2, l1_loss: 0.0, conf_loss: 2.3, cls_loss: 1.3, lr: 1.009e-03, size: 416, ETA: 3 days, 19:10:24
2022-11-11 12:57:21 | INFO     | yolox.core.trainer:261 - epoch: 2/350, iter: 70/102, mem: 7937Mb, iter_time: 9.202s, data_time: 8.337s, total_loss: 6.8, iou_loss: 3.0, l1_loss: 0.0, conf_loss: 2.3, cls_loss: 1.4, lr: 1.137e-03, size: 576, ETA: 3 days, 19:07:42
2022-11-11 12:58:53 | INFO     | yolox.core.trainer:261 - epoch: 2/350, iter: 80/102, mem: 7937Mb, iter_time: 9.196s, data_time: 8.370s, total_loss: 6.7, iou_loss: 3.1, l1_loss: 0.0, conf_loss: 2.2, cls_loss: 1.4, lr: 1.274e-03, size: 512, ETA: 3 days, 19:04:56
2022-11-11 13:00:26 | INFO     | yolox.core.trainer:261 - epoch: 2/350, iter: 90/102, mem: 7937Mb, iter_time: 9.305s, data_time: 8.470s, total_loss: 6.4, iou_loss: 2.9, l1_loss: 0.0, conf_loss: 2.2, cls_loss: 1.4, lr: 1.417e-03, size: 608, ETA: 3 days, 19:05:39
2022-11-11 13:01:59 | INFO     | yolox.core.trainer:261 - epoch: 2/350, iter: 100/102, mem: 7937Mb, iter_time: 9.235s, data_time: 8.369s, total_loss: 6.5, iou_loss: 3.1, l1_loss: 0.0, conf_loss: 2.1, cls_loss: 1.3, lr: 1.569e-03, size: 384, ETA: 3 days, 19:04:06
2022-11-11 13:02:17 | INFO     | yolox.core.trainer:356 - Save weights to ./YOLOX_outputs/visdrone_nano
2022-11-11 13:02:17 | INFO     | yolox.core.trainer:203 - ---> start train epoch3
2022-11-11 13:03:49 | INFO     | yolox.core.trainer:261 - epoch: 3/350, iter: 10/102, mem: 7937Mb, iter_time: 9.220s, data_time: 8.367s, total_loss: 6.4, iou_loss: 2.8, l1_loss: 0.0, conf_loss: 2.3, cls_loss: 1.3, lr: 1.761e-03, size: 608, ETA: 3 days, 19:01:02
2022-11-11 13:05:23 | INFO     | yolox.core.trainer:261 - epoch: 3/350, iter: 20/102, mem: 7937Mb, iter_time: 9.333s, data_time: 8.457s, total_loss: 6.5, iou_loss: 3.1, l1_loss: 0.0, conf_loss: 2.1, cls_loss: 1.3, lr: 1.929e-03, size: 480, ETA: 3 days, 19:02:08
2022-11-11 13:06:54 | INFO     | yolox.core.trainer:261 - epoch: 3/350, iter: 30/102, mem: 7937Mb, iter_time: 9.128s, data_time: 8.288s, total_loss: 6.4, iou_loss: 2.9, l1_loss: 0.0, conf_loss: 2.1, cls_loss: 1.3, lr: 2.105e-03, size: 544, ETA: 3 days, 18:57:48
2022-11-11 13:08:27 | INFO     | yolox.core.trainer:261 - epoch: 3/350, iter: 40/102, mem: 7937Mb, iter_time: 9.315s, data_time: 8.466s, total_loss: 6.1, iou_loss: 2.9, l1_loss: 0.0, conf_loss: 1.9, cls_loss: 1.2, lr: 2.289e-03, size: 544, ETA: 3 days, 18:58:14
slurmstepd: error: *** JOB 598 ON sw8 CANCELLED AT 2022-11-11T13:09:05 ***
