extracting the dataset from NAS ...
done
/var/spool/slurm/d/job00597/slurm_script: line 22: $'\necho \'setup yolox environment ...\'\npip3 install -v -e .  # or  python3 setup.py develop\necho \'done\'\n': command not found
20221111-041853
2022-11-11 04:18:56 | INFO     | yolox.core.trainer:130 - args: Namespace(batch_size=64, cache=True, ckpt='pretrained_models/yolox_nano.pth', devices=1, dist_backend='nccl', dist_url=None, exp_file='exps/example/custom/visdrone_nano.py', experiment_name='visdrone_nano', fp16=True, logger='tensorboard', machine_rank=0, name=None, num_machines=1, occupy=False, opts=[], resume=False, start_epoch=None)
2022-11-11 04:18:56 | INFO     | yolox.core.trainer:131 - exp value:
╒═══════════════════╤════════════════════════════╕
│ keys              │ values                     │
╞═══════════════════╪════════════════════════════╡
│ seed              │ None                       │
├───────────────────┼────────────────────────────┤
│ output_dir        │ './YOLOX_outputs'          │
├───────────────────┼────────────────────────────┤
│ print_interval    │ 10                         │
├───────────────────┼────────────────────────────┤
│ eval_interval     │ 10                         │
├───────────────────┼────────────────────────────┤
│ num_classes       │ 12                         │
├───────────────────┼────────────────────────────┤
│ depth             │ 0.33                       │
├───────────────────┼────────────────────────────┤
│ width             │ 0.25                       │
├───────────────────┼────────────────────────────┤
│ act               │ 'silu'                     │
├───────────────────┼────────────────────────────┤
│ data_num_workers  │ 0                          │
├───────────────────┼────────────────────────────┤
│ input_size        │ (416, 416)                 │
├───────────────────┼────────────────────────────┤
│ multiscale_range  │ 5                          │
├───────────────────┼────────────────────────────┤
│ data_dir          │ '/local_datasets/VisDrone' │
├───────────────────┼────────────────────────────┤
│ train_ann         │ 'train2017.json'           │
├───────────────────┼────────────────────────────┤
│ val_ann           │ 'val2017.json'             │
├───────────────────┼────────────────────────────┤
│ test_ann          │ 'test2017.json'            │
├───────────────────┼────────────────────────────┤
│ mosaic_prob       │ 1.0                        │
├───────────────────┼────────────────────────────┤
│ mixup_prob        │ 1.0                        │
├───────────────────┼────────────────────────────┤
│ hsv_prob          │ 1.0                        │
├───────────────────┼────────────────────────────┤
│ flip_prob         │ 0.5                        │
├───────────────────┼────────────────────────────┤
│ degrees           │ 10.0                       │
├───────────────────┼────────────────────────────┤
│ translate         │ 0.1                        │
├───────────────────┼────────────────────────────┤
│ mosaic_scale      │ (0.5, 1.5)                 │
├───────────────────┼────────────────────────────┤
│ enable_mixup      │ False                      │
├───────────────────┼────────────────────────────┤
│ mixup_scale       │ (0.5, 1.5)                 │
├───────────────────┼────────────────────────────┤
│ shear             │ 2.0                        │
├───────────────────┼────────────────────────────┤
│ warmup_epochs     │ 5                          │
├───────────────────┼────────────────────────────┤
│ max_epoch         │ 500                        │
├───────────────────┼────────────────────────────┤
│ warmup_lr         │ 0                          │
├───────────────────┼────────────────────────────┤
│ min_lr_ratio      │ 0.05                       │
├───────────────────┼────────────────────────────┤
│ basic_lr_per_img  │ 0.00015625                 │
├───────────────────┼────────────────────────────┤
│ scheduler         │ 'yoloxwarmcos'             │
├───────────────────┼────────────────────────────┤
│ no_aug_epochs     │ 15                         │
├───────────────────┼────────────────────────────┤
│ ema               │ True                       │
├───────────────────┼────────────────────────────┤
│ weight_decay      │ 0.0005                     │
├───────────────────┼────────────────────────────┤
│ momentum          │ 0.9                        │
├───────────────────┼────────────────────────────┤
│ save_history_ckpt │ True                       │
├───────────────────┼────────────────────────────┤
│ exp_name          │ 'visdrone_nano'            │
├───────────────────┼────────────────────────────┤
│ test_size         │ (416, 416)                 │
├───────────────────┼────────────────────────────┤
│ test_conf         │ 0.01                       │
├───────────────────┼────────────────────────────┤
│ nmsthre           │ 0.65                       │
├───────────────────┼────────────────────────────┤
│ random_size       │ (10, 20)                   │
╘═══════════════════╧════════════════════════════╛
2022-11-11 04:19:04 | INFO     | yolox.core.trainer:137 - Model Summary: Params: 0.90M, Gflops: 1.08
2022-11-11 04:19:05 | INFO     | yolox.core.trainer:311 - loading checkpoint for fine tuning
2022-11-11 04:19:06 | WARNING  | yolox.utils.checkpoint:26 - Shape of head.cls_preds.0.weight in checkpoint is torch.Size([80, 64, 1, 1]), while shape of head.cls_preds.0.weight in model is torch.Size([12, 64, 1, 1]).
2022-11-11 04:19:06 | WARNING  | yolox.utils.checkpoint:26 - Shape of head.cls_preds.0.bias in checkpoint is torch.Size([80]), while shape of head.cls_preds.0.bias in model is torch.Size([12]).
2022-11-11 04:19:06 | WARNING  | yolox.utils.checkpoint:26 - Shape of head.cls_preds.1.weight in checkpoint is torch.Size([80, 64, 1, 1]), while shape of head.cls_preds.1.weight in model is torch.Size([12, 64, 1, 1]).
2022-11-11 04:19:06 | WARNING  | yolox.utils.checkpoint:26 - Shape of head.cls_preds.1.bias in checkpoint is torch.Size([80]), while shape of head.cls_preds.1.bias in model is torch.Size([12]).
2022-11-11 04:19:06 | WARNING  | yolox.utils.checkpoint:26 - Shape of head.cls_preds.2.weight in checkpoint is torch.Size([80, 64, 1, 1]), while shape of head.cls_preds.2.weight in model is torch.Size([12, 64, 1, 1]).
2022-11-11 04:19:06 | WARNING  | yolox.utils.checkpoint:26 - Shape of head.cls_preds.2.bias in checkpoint is torch.Size([80]), while shape of head.cls_preds.2.bias in model is torch.Size([12]).
2022-11-11 04:19:06 | INFO     | yolox.data.datasets.coco:65 - loading annotations into memory...
2022-11-11 04:19:08 | INFO     | yolox.data.datasets.coco:65 - Done (t=1.94s)
2022-11-11 04:19:08 | INFO     | pycocotools.coco:86 - creating index...
2022-11-11 04:19:08 | INFO     | pycocotools.coco:86 - index created!
2022-11-11 04:19:27 | WARNING  | yolox.data.datasets.coco:90 - 
********************************************************************************
You are using cached images in RAM to accelerate training.
This requires large system RAM.
Make sure you have 200G+ RAM and 136G available disk space for training COCO.
********************************************************************************

2022-11-11 04:19:27 | WARNING  | yolox.data.datasets.coco:124 - You are using cached imgs! Make sure your dataset is not changed!!
Everytime the self.input_size is changed in your exp file, you need to delete
the cached data and re-generate them.

2022-11-11 04:19:27 | INFO     | yolox.data.datasets.coco:129 - Loading cached imgs...
2022-11-11 04:19:27 | INFO     | yolox.core.trainer:155 - init prefetcher, this might take one minute or less...
2022-11-11 04:19:28 | INFO     | yolox.data.datasets.coco:65 - loading annotations into memory...
2022-11-11 04:19:28 | INFO     | yolox.data.datasets.coco:65 - Done (t=0.13s)
2022-11-11 04:19:28 | INFO     | pycocotools.coco:86 - creating index...
2022-11-11 04:19:28 | INFO     | pycocotools.coco:86 - index created!
2022-11-11 04:19:30 | INFO     | yolox.core.trainer:191 - Training start...
2022-11-11 04:19:30 | INFO     | yolox.core.trainer:192 - 
YOLOX(
  (backbone): YOLOPAFPN(
    (backbone): CSPDarknet(
      (stem): Focus(
        (conv): BaseConv(
          (conv): Conv2d(12, 16, kernel_size=(3, 3), stride=(1, 1), padding=(1, 1), bias=False)
          (bn): BatchNorm2d(16, eps=0.001, momentum=0.03, affine=True, track_running_stats=True)
          (act): SiLU(inplace=True)
        )
      )
      (dark2): Sequential(
        (0): DWConv(
          (dconv): BaseConv(
            (conv): Conv2d(16, 16, kernel_size=(3, 3), stride=(2, 2), padding=(1, 1), groups=16, bias=False)
            (bn): BatchNorm2d(16, eps=0.001, momentum=0.03, affine=True, track_running_stats=True)
            (act): SiLU(inplace=True)
          )
          (pconv): BaseConv(
            (conv): Conv2d(16, 32, kernel_size=(1, 1), stride=(1, 1), bias=False)
            (bn): BatchNorm2d(32, eps=0.001, momentum=0.03, affine=True, track_running_stats=True)
            (act): SiLU(inplace=True)
          )
        )
        (1): CSPLayer(
          (conv1): BaseConv(
            (conv): Conv2d(32, 16, kernel_size=(1, 1), stride=(1, 1), bias=False)
            (bn): BatchNorm2d(16, eps=0.001, momentum=0.03, affine=True, track_running_stats=True)
            (act): SiLU(inplace=True)
          )
          (conv2): BaseConv(
            (conv): Conv2d(32, 16, kernel_size=(1, 1), stride=(1, 1), bias=False)
            (bn): BatchNorm2d(16, eps=0.001, momentum=0.03, affine=True, track_running_stats=True)
            (act): SiLU(inplace=True)
          )
          (conv3): BaseConv(
            (conv): Conv2d(32, 32, kernel_size=(1, 1), stride=(1, 1), bias=False)
            (bn): BatchNorm2d(32, eps=0.001, momentum=0.03, affine=True, track_running_stats=True)
            (act): SiLU(inplace=True)
          )
          (m): Sequential(
            (0): Bottleneck(
              (conv1): BaseConv(
                (conv): Conv2d(16, 16, kernel_size=(1, 1), stride=(1, 1), bias=False)
                (bn): BatchNorm2d(16, eps=0.001, momentum=0.03, affine=True, track_running_stats=True)
                (act): SiLU(inplace=True)
              )
              (conv2): DWConv(
                (dconv): BaseConv(
                  (conv): Conv2d(16, 16, kernel_size=(3, 3), stride=(1, 1), padding=(1, 1), groups=16, bias=False)
                  (bn): BatchNorm2d(16, eps=0.001, momentum=0.03, affine=True, track_running_stats=True)
                  (act): SiLU(inplace=True)
                )
                (pconv): BaseConv(
                  (conv): Conv2d(16, 16, kernel_size=(1, 1), stride=(1, 1), bias=False)
                  (bn): BatchNorm2d(16, eps=0.001, momentum=0.03, affine=True, track_running_stats=True)
                  (act): SiLU(inplace=True)
                )
              )
            )
          )
        )
      )
      (dark3): Sequential(
        (0): DWConv(
          (dconv): BaseConv(
            (conv): Conv2d(32, 32, kernel_size=(3, 3), stride=(2, 2), padding=(1, 1), groups=32, bias=False)
            (bn): BatchNorm2d(32, eps=0.001, momentum=0.03, affine=True, track_running_stats=True)
            (act): SiLU(inplace=True)
          )
          (pconv): BaseConv(
            (conv): Conv2d(32, 64, kernel_size=(1, 1), stride=(1, 1), bias=False)
            (bn): BatchNorm2d(64, eps=0.001, momentum=0.03, affine=True, track_running_stats=True)
            (act): SiLU(inplace=True)
          )
        )
        (1): CSPLayer(
          (conv1): BaseConv(
            (conv): Conv2d(64, 32, kernel_size=(1, 1), stride=(1, 1), bias=False)
            (bn): BatchNorm2d(32, eps=0.001, momentum=0.03, affine=True, track_running_stats=True)
            (act): SiLU(inplace=True)
          )
          (conv2): BaseConv(
            (conv): Conv2d(64, 32, kernel_size=(1, 1), stride=(1, 1), bias=False)
            (bn): BatchNorm2d(32, eps=0.001, momentum=0.03, affine=True, track_running_stats=True)
            (act): SiLU(inplace=True)
          )
          (conv3): BaseConv(
            (conv): Conv2d(64, 64, kernel_size=(1, 1), stride=(1, 1), bias=False)
            (bn): BatchNorm2d(64, eps=0.001, momentum=0.03, affine=True, track_running_stats=True)
            (act): SiLU(inplace=True)
          )
          (m): Sequential(
            (0): Bottleneck(
              (conv1): BaseConv(
                (conv): Conv2d(32, 32, kernel_size=(1, 1), stride=(1, 1), bias=False)
                (bn): BatchNorm2d(32, eps=0.001, momentum=0.03, affine=True, track_running_stats=True)
                (act): SiLU(inplace=True)
              )
              (conv2): DWConv(
                (dconv): BaseConv(
                  (conv): Conv2d(32, 32, kernel_size=(3, 3), stride=(1, 1), padding=(1, 1), groups=32, bias=False)
                  (bn): BatchNorm2d(32, eps=0.001, momentum=0.03, affine=True, track_running_stats=True)
                  (act): SiLU(inplace=True)
                )
                (pconv): BaseConv(
                  (conv): Conv2d(32, 32, kernel_size=(1, 1), stride=(1, 1), bias=False)
                  (bn): BatchNorm2d(32, eps=0.001, momentum=0.03, affine=True, track_running_stats=True)
                  (act): SiLU(inplace=True)
                )
              )
            )
            (1): Bottleneck(
              (conv1): BaseConv(
                (conv): Conv2d(32, 32, kernel_size=(1, 1), stride=(1, 1), bias=False)
                (bn): BatchNorm2d(32, eps=0.001, momentum=0.03, affine=True, track_running_stats=True)
                (act): SiLU(inplace=True)
              )
              (conv2): DWConv(
                (dconv): BaseConv(
                  (conv): Conv2d(32, 32, kernel_size=(3, 3), stride=(1, 1), padding=(1, 1), groups=32, bias=False)
                  (bn): BatchNorm2d(32, eps=0.001, momentum=0.03, affine=True, track_running_stats=True)
                  (act): SiLU(inplace=True)
                )
                (pconv): BaseConv(
                  (conv): Conv2d(32, 32, kernel_size=(1, 1), stride=(1, 1), bias=False)
                  (bn): BatchNorm2d(32, eps=0.001, momentum=0.03, affine=True, track_running_stats=True)
                  (act): SiLU(inplace=True)
                )
              )
            )
            (2): Bottleneck(
              (conv1): BaseConv(
                (conv): Conv2d(32, 32, kernel_size=(1, 1), stride=(1, 1), bias=False)
                (bn): BatchNorm2d(32, eps=0.001, momentum=0.03, affine=True, track_running_stats=True)
                (act): SiLU(inplace=True)
              )
              (conv2): DWConv(
                (dconv): BaseConv(
                  (conv): Conv2d(32, 32, kernel_size=(3, 3), stride=(1, 1), padding=(1, 1), groups=32, bias=False)
                  (bn): BatchNorm2d(32, eps=0.001, momentum=0.03, affine=True, track_running_stats=True)
                  (act): SiLU(inplace=True)
                )
                (pconv): BaseConv(
                  (conv): Conv2d(32, 32, kernel_size=(1, 1), stride=(1, 1), bias=False)
                  (bn): BatchNorm2d(32, eps=0.001, momentum=0.03, affine=True, track_running_stats=True)
                  (act): SiLU(inplace=True)
                )
              )
            )
          )
        )
      )
      (dark4): Sequential(
        (0): DWConv(
          (dconv): BaseConv(
            (conv): Conv2d(64, 64, kernel_size=(3, 3), stride=(2, 2), padding=(1, 1), groups=64, bias=False)
            (bn): BatchNorm2d(64, eps=0.001, momentum=0.03, affine=True, track_running_stats=True)
            (act): SiLU(inplace=True)
          )
          (pconv): BaseConv(
            (conv): Conv2d(64, 128, kernel_size=(1, 1), stride=(1, 1), bias=False)
            (bn): BatchNorm2d(128, eps=0.001, momentum=0.03, affine=True, track_running_stats=True)
            (act): SiLU(inplace=True)
          )
        )
        (1): CSPLayer(
          (conv1): BaseConv(
            (conv): Conv2d(128, 64, kernel_size=(1, 1), stride=(1, 1), bias=False)
            (bn): BatchNorm2d(64, eps=0.001, momentum=0.03, affine=True, track_running_stats=True)
            (act): SiLU(inplace=True)
          )
          (conv2): BaseConv(
            (conv): Conv2d(128, 64, kernel_size=(1, 1), stride=(1, 1), bias=False)
            (bn): BatchNorm2d(64, eps=0.001, momentum=0.03, affine=True, track_running_stats=True)
            (act): SiLU(inplace=True)
          )
          (conv3): BaseConv(
            (conv): Conv2d(128, 128, kernel_size=(1, 1), stride=(1, 1), bias=False)
            (bn): BatchNorm2d(128, eps=0.001, momentum=0.03, affine=True, track_running_stats=True)
            (act): SiLU(inplace=True)
          )
          (m): Sequential(
            (0): Bottleneck(
              (conv1): BaseConv(
                (conv): Conv2d(64, 64, kernel_size=(1, 1), stride=(1, 1), bias=False)
                (bn): BatchNorm2d(64, eps=0.001, momentum=0.03, affine=True, track_running_stats=True)
                (act): SiLU(inplace=True)
              )
              (conv2): DWConv(
                (dconv): BaseConv(
                  (conv): Conv2d(64, 64, kernel_size=(3, 3), stride=(1, 1), padding=(1, 1), groups=64, bias=False)
                  (bn): BatchNorm2d(64, eps=0.001, momentum=0.03, affine=True, track_running_stats=True)
                  (act): SiLU(inplace=True)
                )
                (pconv): BaseConv(
                  (conv): Conv2d(64, 64, kernel_size=(1, 1), stride=(1, 1), bias=False)
                  (bn): BatchNorm2d(64, eps=0.001, momentum=0.03, affine=True, track_running_stats=True)
                  (act): SiLU(inplace=True)
                )
              )
            )
            (1): Bottleneck(
              (conv1): BaseConv(
                (conv): Conv2d(64, 64, kernel_size=(1, 1), stride=(1, 1), bias=False)
                (bn): BatchNorm2d(64, eps=0.001, momentum=0.03, affine=True, track_running_stats=True)
                (act): SiLU(inplace=True)
              )
              (conv2): DWConv(
                (dconv): BaseConv(
                  (conv): Conv2d(64, 64, kernel_size=(3, 3), stride=(1, 1), padding=(1, 1), groups=64, bias=False)
                  (bn): BatchNorm2d(64, eps=0.001, momentum=0.03, affine=True, track_running_stats=True)
                  (act): SiLU(inplace=True)
                )
                (pconv): BaseConv(
                  (conv): Conv2d(64, 64, kernel_size=(1, 1), stride=(1, 1), bias=False)
                  (bn): BatchNorm2d(64, eps=0.001, momentum=0.03, affine=True, track_running_stats=True)
                  (act): SiLU(inplace=True)
                )
              )
            )
            (2): Bottleneck(
              (conv1): BaseConv(
                (conv): Conv2d(64, 64, kernel_size=(1, 1), stride=(1, 1), bias=False)
                (bn): BatchNorm2d(64, eps=0.001, momentum=0.03, affine=True, track_running_stats=True)
                (act): SiLU(inplace=True)
              )
              (conv2): DWConv(
                (dconv): BaseConv(
                  (conv): Conv2d(64, 64, kernel_size=(3, 3), stride=(1, 1), padding=(1, 1), groups=64, bias=False)
                  (bn): BatchNorm2d(64, eps=0.001, momentum=0.03, affine=True, track_running_stats=True)
                  (act): SiLU(inplace=True)
                )
                (pconv): BaseConv(
                  (conv): Conv2d(64, 64, kernel_size=(1, 1), stride=(1, 1), bias=False)
                  (bn): BatchNorm2d(64, eps=0.001, momentum=0.03, affine=True, track_running_stats=True)
                  (act): SiLU(inplace=True)
                )
              )
            )
          )
        )
      )
      (dark5): Sequential(
        (0): DWConv(
          (dconv): BaseConv(
            (conv): Conv2d(128, 128, kernel_size=(3, 3), stride=(2, 2), padding=(1, 1), groups=128, bias=False)
            (bn): BatchNorm2d(128, eps=0.001, momentum=0.03, affine=True, track_running_stats=True)
            (act): SiLU(inplace=True)
          )
          (pconv): BaseConv(
            (conv): Conv2d(128, 256, kernel_size=(1, 1), stride=(1, 1), bias=False)
            (bn): BatchNorm2d(256, eps=0.001, momentum=0.03, affine=True, track_running_stats=True)
            (act): SiLU(inplace=True)
          )
        )
        (1): SPPBottleneck(
          (conv1): BaseConv(
            (conv): Conv2d(256, 128, kernel_size=(1, 1), stride=(1, 1), bias=False)
            (bn): BatchNorm2d(128, eps=0.001, momentum=0.03, affine=True, track_running_stats=True)
            (act): SiLU(inplace=True)
          )
          (m): ModuleList(
            (0): MaxPool2d(kernel_size=5, stride=1, padding=2, dilation=1, ceil_mode=False)
            (1): MaxPool2d(kernel_size=9, stride=1, padding=4, dilation=1, ceil_mode=False)
            (2): MaxPool2d(kernel_size=13, stride=1, padding=6, dilation=1, ceil_mode=False)
          )
          (conv2): BaseConv(
            (conv): Conv2d(512, 256, kernel_size=(1, 1), stride=(1, 1), bias=False)
            (bn): BatchNorm2d(256, eps=0.001, momentum=0.03, affine=True, track_running_stats=True)
            (act): SiLU(inplace=True)
          )
        )
        (2): CSPLayer(
          (conv1): BaseConv(
            (conv): Conv2d(256, 128, kernel_size=(1, 1), stride=(1, 1), bias=False)
            (bn): BatchNorm2d(128, eps=0.001, momentum=0.03, affine=True, track_running_stats=True)
            (act): SiLU(inplace=True)
          )
          (conv2): BaseConv(
            (conv): Conv2d(256, 128, kernel_size=(1, 1), stride=(1, 1), bias=False)
            (bn): BatchNorm2d(128, eps=0.001, momentum=0.03, affine=True, track_running_stats=True)
            (act): SiLU(inplace=True)
          )
          (conv3): BaseConv(
            (conv): Conv2d(256, 256, kernel_size=(1, 1), stride=(1, 1), bias=False)
            (bn): BatchNorm2d(256, eps=0.001, momentum=0.03, affine=True, track_running_stats=True)
            (act): SiLU(inplace=True)
          )
          (m): Sequential(
            (0): Bottleneck(
              (conv1): BaseConv(
                (conv): Conv2d(128, 128, kernel_size=(1, 1), stride=(1, 1), bias=False)
                (bn): BatchNorm2d(128, eps=0.001, momentum=0.03, affine=True, track_running_stats=True)
                (act): SiLU(inplace=True)
              )
              (conv2): DWConv(
                (dconv): BaseConv(
                  (conv): Conv2d(128, 128, kernel_size=(3, 3), stride=(1, 1), padding=(1, 1), groups=128, bias=False)
                  (bn): BatchNorm2d(128, eps=0.001, momentum=0.03, affine=True, track_running_stats=True)
                  (act): SiLU(inplace=True)
                )
                (pconv): BaseConv(
                  (conv): Conv2d(128, 128, kernel_size=(1, 1), stride=(1, 1), bias=False)
                  (bn): BatchNorm2d(128, eps=0.001, momentum=0.03, affine=True, track_running_stats=True)
                  (act): SiLU(inplace=True)
                )
              )
            )
          )
        )
      )
    )
    (upsample): Upsample(scale_factor=2.0, mode=nearest)
    (lateral_conv0): BaseConv(
      (conv): Conv2d(256, 128, kernel_size=(1, 1), stride=(1, 1), bias=False)
      (bn): BatchNorm2d(128, eps=0.001, momentum=0.03, affine=True, track_running_stats=True)
      (act): SiLU(inplace=True)
    )
    (C3_p4): CSPLayer(
      (conv1): BaseConv(
        (conv): Conv2d(256, 64, kernel_size=(1, 1), stride=(1, 1), bias=False)
        (bn): BatchNorm2d(64, eps=0.001, momentum=0.03, affine=True, track_running_stats=True)
        (act): SiLU(inplace=True)
      )
      (conv2): BaseConv(
        (conv): Conv2d(256, 64, kernel_size=(1, 1), stride=(1, 1), bias=False)
        (bn): BatchNorm2d(64, eps=0.001, momentum=0.03, affine=True, track_running_stats=True)
        (act): SiLU(inplace=True)
      )
      (conv3): BaseConv(
        (conv): Conv2d(128, 128, kernel_size=(1, 1), stride=(1, 1), bias=False)
        (bn): BatchNorm2d(128, eps=0.001, momentum=0.03, affine=True, track_running_stats=True)
        (act): SiLU(inplace=True)
      )
      (m): Sequential(
        (0): Bottleneck(
          (conv1): BaseConv(
            (conv): Conv2d(64, 64, kernel_size=(1, 1), stride=(1, 1), bias=False)
            (bn): BatchNorm2d(64, eps=0.001, momentum=0.03, affine=True, track_running_stats=True)
            (act): SiLU(inplace=True)
          )
          (conv2): DWConv(
            (dconv): BaseConv(
              (conv): Conv2d(64, 64, kernel_size=(3, 3), stride=(1, 1), padding=(1, 1), groups=64, bias=False)
              (bn): BatchNorm2d(64, eps=0.001, momentum=0.03, affine=True, track_running_stats=True)
              (act): SiLU(inplace=True)
            )
            (pconv): BaseConv(
              (conv): Conv2d(64, 64, kernel_size=(1, 1), stride=(1, 1), bias=False)
              (bn): BatchNorm2d(64, eps=0.001, momentum=0.03, affine=True, track_running_stats=True)
              (act): SiLU(inplace=True)
            )
          )
        )
      )
    )
    (reduce_conv1): BaseConv(
      (conv): Conv2d(128, 64, kernel_size=(1, 1), stride=(1, 1), bias=False)
      (bn): BatchNorm2d(64, eps=0.001, momentum=0.03, affine=True, track_running_stats=True)
      (act): SiLU(inplace=True)
    )
    (C3_p3): CSPLayer(
      (conv1): BaseConv(
        (conv): Conv2d(128, 32, kernel_size=(1, 1), stride=(1, 1), bias=False)
        (bn): BatchNorm2d(32, eps=0.001, momentum=0.03, affine=True, track_running_stats=True)
        (act): SiLU(inplace=True)
      )
      (conv2): BaseConv(
        (conv): Conv2d(128, 32, kernel_size=(1, 1), stride=(1, 1), bias=False)
        (bn): BatchNorm2d(32, eps=0.001, momentum=0.03, affine=True, track_running_stats=True)
        (act): SiLU(inplace=True)
      )
      (conv3): BaseConv(
        (conv): Conv2d(64, 64, kernel_size=(1, 1), stride=(1, 1), bias=False)
        (bn): BatchNorm2d(64, eps=0.001, momentum=0.03, affine=True, track_running_stats=True)
        (act): SiLU(inplace=True)
      )
      (m): Sequential(
        (0): Bottleneck(
          (conv1): BaseConv(
            (conv): Conv2d(32, 32, kernel_size=(1, 1), stride=(1, 1), bias=False)
            (bn): BatchNorm2d(32, eps=0.001, momentum=0.03, affine=True, track_running_stats=True)
            (act): SiLU(inplace=True)
          )
          (conv2): DWConv(
            (dconv): BaseConv(
              (conv): Conv2d(32, 32, kernel_size=(3, 3), stride=(1, 1), padding=(1, 1), groups=32, bias=False)
              (bn): BatchNorm2d(32, eps=0.001, momentum=0.03, affine=True, track_running_stats=True)
              (act): SiLU(inplace=True)
            )
            (pconv): BaseConv(
              (conv): Conv2d(32, 32, kernel_size=(1, 1), stride=(1, 1), bias=False)
              (bn): BatchNorm2d(32, eps=0.001, momentum=0.03, affine=True, track_running_stats=True)
              (act): SiLU(inplace=True)
            )
          )
        )
      )
    )
    (bu_conv2): DWConv(
      (dconv): BaseConv(
        (conv): Conv2d(64, 64, kernel_size=(3, 3), stride=(2, 2), padding=(1, 1), groups=64, bias=False)
        (bn): BatchNorm2d(64, eps=0.001, momentum=0.03, affine=True, track_running_stats=True)
        (act): SiLU(inplace=True)
      )
      (pconv): BaseConv(
        (conv): Conv2d(64, 64, kernel_size=(1, 1), stride=(1, 1), bias=False)
        (bn): BatchNorm2d(64, eps=0.001, momentum=0.03, affine=True, track_running_stats=True)
        (act): SiLU(inplace=True)
      )
    )
    (C3_n3): CSPLayer(
      (conv1): BaseConv(
        (conv): Conv2d(128, 64, kernel_size=(1, 1), stride=(1, 1), bias=False)
        (bn): BatchNorm2d(64, eps=0.001, momentum=0.03, affine=True, track_running_stats=True)
        (act): SiLU(inplace=True)
      )
      (conv2): BaseConv(
        (conv): Conv2d(128, 64, kernel_size=(1, 1), stride=(1, 1), bias=False)
        (bn): BatchNorm2d(64, eps=0.001, momentum=0.03, affine=True, track_running_stats=True)
        (act): SiLU(inplace=True)
      )
      (conv3): BaseConv(
        (conv): Conv2d(128, 128, kernel_size=(1, 1), stride=(1, 1), bias=False)
        (bn): BatchNorm2d(128, eps=0.001, momentum=0.03, affine=True, track_running_stats=True)
        (act): SiLU(inplace=True)
      )
      (m): Sequential(
        (0): Bottleneck(
          (conv1): BaseConv(
            (conv): Conv2d(64, 64, kernel_size=(1, 1), stride=(1, 1), bias=False)
            (bn): BatchNorm2d(64, eps=0.001, momentum=0.03, affine=True, track_running_stats=True)
            (act): SiLU(inplace=True)
          )
          (conv2): DWConv(
            (dconv): BaseConv(
              (conv): Conv2d(64, 64, kernel_size=(3, 3), stride=(1, 1), padding=(1, 1), groups=64, bias=False)
              (bn): BatchNorm2d(64, eps=0.001, momentum=0.03, affine=True, track_running_stats=True)
              (act): SiLU(inplace=True)
            )
            (pconv): BaseConv(
              (conv): Conv2d(64, 64, kernel_size=(1, 1), stride=(1, 1), bias=False)
              (bn): BatchNorm2d(64, eps=0.001, momentum=0.03, affine=True, track_running_stats=True)
              (act): SiLU(inplace=True)
            )
          )
        )
      )
    )
    (bu_conv1): DWConv(
      (dconv): BaseConv(
        (conv): Conv2d(128, 128, kernel_size=(3, 3), stride=(2, 2), padding=(1, 1), groups=128, bias=False)
        (bn): BatchNorm2d(128, eps=0.001, momentum=0.03, affine=True, track_running_stats=True)
        (act): SiLU(inplace=True)
      )
      (pconv): BaseConv(
        (conv): Conv2d(128, 128, kernel_size=(1, 1), stride=(1, 1), bias=False)
        (bn): BatchNorm2d(128, eps=0.001, momentum=0.03, affine=True, track_running_stats=True)
        (act): SiLU(inplace=True)
      )
    )
    (C3_n4): CSPLayer(
      (conv1): BaseConv(
        (conv): Conv2d(256, 128, kernel_size=(1, 1), stride=(1, 1), bias=False)
        (bn): BatchNorm2d(128, eps=0.001, momentum=0.03, affine=True, track_running_stats=True)
        (act): SiLU(inplace=True)
      )
      (conv2): BaseConv(
        (conv): Conv2d(256, 128, kernel_size=(1, 1), stride=(1, 1), bias=False)
        (bn): BatchNorm2d(128, eps=0.001, momentum=0.03, affine=True, track_running_stats=True)
        (act): SiLU(inplace=True)
      )
      (conv3): BaseConv(
        (conv): Conv2d(256, 256, kernel_size=(1, 1), stride=(1, 1), bias=False)
        (bn): BatchNorm2d(256, eps=0.001, momentum=0.03, affine=True, track_running_stats=True)
        (act): SiLU(inplace=True)
      )
      (m): Sequential(
        (0): Bottleneck(
          (conv1): BaseConv(
            (conv): Conv2d(128, 128, kernel_size=(1, 1), stride=(1, 1), bias=False)
            (bn): BatchNorm2d(128, eps=0.001, momentum=0.03, affine=True, track_running_stats=True)
            (act): SiLU(inplace=True)
          )
          (conv2): DWConv(
            (dconv): BaseConv(
              (conv): Conv2d(128, 128, kernel_size=(3, 3), stride=(1, 1), padding=(1, 1), groups=128, bias=False)
              (bn): BatchNorm2d(128, eps=0.001, momentum=0.03, affine=True, track_running_stats=True)
              (act): SiLU(inplace=True)
            )
            (pconv): BaseConv(
              (conv): Conv2d(128, 128, kernel_size=(1, 1), stride=(1, 1), bias=False)
              (bn): BatchNorm2d(128, eps=0.001, momentum=0.03, affine=True, track_running_stats=True)
              (act): SiLU(inplace=True)
            )
          )
        )
      )
    )
  )
  (head): YOLOXHead(
    (cls_convs): ModuleList(
      (0): Sequential(
        (0): DWConv(
          (dconv): BaseConv(
            (conv): Conv2d(64, 64, kernel_size=(3, 3), stride=(1, 1), padding=(1, 1), groups=64, bias=False)
            (bn): BatchNorm2d(64, eps=0.001, momentum=0.03, affine=True, track_running_stats=True)
            (act): SiLU(inplace=True)
          )
          (pconv): BaseConv(
            (conv): Conv2d(64, 64, kernel_size=(1, 1), stride=(1, 1), bias=False)
            (bn): BatchNorm2d(64, eps=0.001, momentum=0.03, affine=True, track_running_stats=True)
            (act): SiLU(inplace=True)
          )
        )
        (1): DWConv(
          (dconv): BaseConv(
            (conv): Conv2d(64, 64, kernel_size=(3, 3), stride=(1, 1), padding=(1, 1), groups=64, bias=False)
            (bn): BatchNorm2d(64, eps=0.001, momentum=0.03, affine=True, track_running_stats=True)
            (act): SiLU(inplace=True)
          )
          (pconv): BaseConv(
            (conv): Conv2d(64, 64, kernel_size=(1, 1), stride=(1, 1), bias=False)
            (bn): BatchNorm2d(64, eps=0.001, momentum=0.03, affine=True, track_running_stats=True)
            (act): SiLU(inplace=True)
          )
        )
      )
      (1): Sequential(
        (0): DWConv(
          (dconv): BaseConv(
            (conv): Conv2d(64, 64, kernel_size=(3, 3), stride=(1, 1), padding=(1, 1), groups=64, bias=False)
            (bn): BatchNorm2d(64, eps=0.001, momentum=0.03, affine=True, track_running_stats=True)
            (act): SiLU(inplace=True)
          )
          (pconv): BaseConv(
            (conv): Conv2d(64, 64, kernel_size=(1, 1), stride=(1, 1), bias=False)
            (bn): BatchNorm2d(64, eps=0.001, momentum=0.03, affine=True, track_running_stats=True)
            (act): SiLU(inplace=True)
          )
        )
        (1): DWConv(
          (dconv): BaseConv(
            (conv): Conv2d(64, 64, kernel_size=(3, 3), stride=(1, 1), padding=(1, 1), groups=64, bias=False)
            (bn): BatchNorm2d(64, eps=0.001, momentum=0.03, affine=True, track_running_stats=True)
            (act): SiLU(inplace=True)
          )
          (pconv): BaseConv(
            (conv): Conv2d(64, 64, kernel_size=(1, 1), stride=(1, 1), bias=False)
            (bn): BatchNorm2d(64, eps=0.001, momentum=0.03, affine=True, track_running_stats=True)
            (act): SiLU(inplace=True)
          )
        )
      )
      (2): Sequential(
        (0): DWConv(
          (dconv): BaseConv(
            (conv): Conv2d(64, 64, kernel_size=(3, 3), stride=(1, 1), padding=(1, 1), groups=64, bias=False)
            (bn): BatchNorm2d(64, eps=0.001, momentum=0.03, affine=True, track_running_stats=True)
            (act): SiLU(inplace=True)
          )
          (pconv): BaseConv(
            (conv): Conv2d(64, 64, kernel_size=(1, 1), stride=(1, 1), bias=False)
            (bn): BatchNorm2d(64, eps=0.001, momentum=0.03, affine=True, track_running_stats=True)
            (act): SiLU(inplace=True)
          )
        )
        (1): DWConv(
          (dconv): BaseConv(
            (conv): Conv2d(64, 64, kernel_size=(3, 3), stride=(1, 1), padding=(1, 1), groups=64, bias=False)
            (bn): BatchNorm2d(64, eps=0.001, momentum=0.03, affine=True, track_running_stats=True)
            (act): SiLU(inplace=True)
          )
          (pconv): BaseConv(
            (conv): Conv2d(64, 64, kernel_size=(1, 1), stride=(1, 1), bias=False)
            (bn): BatchNorm2d(64, eps=0.001, momentum=0.03, affine=True, track_running_stats=True)
            (act): SiLU(inplace=True)
          )
        )
      )
    )
    (reg_convs): ModuleList(
      (0): Sequential(
        (0): DWConv(
          (dconv): BaseConv(
            (conv): Conv2d(64, 64, kernel_size=(3, 3), stride=(1, 1), padding=(1, 1), groups=64, bias=False)
            (bn): BatchNorm2d(64, eps=0.001, momentum=0.03, affine=True, track_running_stats=True)
            (act): SiLU(inplace=True)
          )
          (pconv): BaseConv(
            (conv): Conv2d(64, 64, kernel_size=(1, 1), stride=(1, 1), bias=False)
            (bn): BatchNorm2d(64, eps=0.001, momentum=0.03, affine=True, track_running_stats=True)
            (act): SiLU(inplace=True)
          )
        )
        (1): DWConv(
          (dconv): BaseConv(
            (conv): Conv2d(64, 64, kernel_size=(3, 3), stride=(1, 1), padding=(1, 1), groups=64, bias=False)
            (bn): BatchNorm2d(64, eps=0.001, momentum=0.03, affine=True, track_running_stats=True)
            (act): SiLU(inplace=True)
          )
          (pconv): BaseConv(
            (conv): Conv2d(64, 64, kernel_size=(1, 1), stride=(1, 1), bias=False)
            (bn): BatchNorm2d(64, eps=0.001, momentum=0.03, affine=True, track_running_stats=True)
            (act): SiLU(inplace=True)
          )
        )
      )
      (1): Sequential(
        (0): DWConv(
          (dconv): BaseConv(
            (conv): Conv2d(64, 64, kernel_size=(3, 3), stride=(1, 1), padding=(1, 1), groups=64, bias=False)
            (bn): BatchNorm2d(64, eps=0.001, momentum=0.03, affine=True, track_running_stats=True)
            (act): SiLU(inplace=True)
          )
          (pconv): BaseConv(
            (conv): Conv2d(64, 64, kernel_size=(1, 1), stride=(1, 1), bias=False)
            (bn): BatchNorm2d(64, eps=0.001, momentum=0.03, affine=True, track_running_stats=True)
            (act): SiLU(inplace=True)
          )
        )
        (1): DWConv(
          (dconv): BaseConv(
            (conv): Conv2d(64, 64, kernel_size=(3, 3), stride=(1, 1), padding=(1, 1), groups=64, bias=False)
            (bn): BatchNorm2d(64, eps=0.001, momentum=0.03, affine=True, track_running_stats=True)
            (act): SiLU(inplace=True)
          )
          (pconv): BaseConv(
            (conv): Conv2d(64, 64, kernel_size=(1, 1), stride=(1, 1), bias=False)
            (bn): BatchNorm2d(64, eps=0.001, momentum=0.03, affine=True, track_running_stats=True)
            (act): SiLU(inplace=True)
          )
        )
      )
      (2): Sequential(
        (0): DWConv(
          (dconv): BaseConv(
            (conv): Conv2d(64, 64, kernel_size=(3, 3), stride=(1, 1), padding=(1, 1), groups=64, bias=False)
            (bn): BatchNorm2d(64, eps=0.001, momentum=0.03, affine=True, track_running_stats=True)
            (act): SiLU(inplace=True)
          )
          (pconv): BaseConv(
            (conv): Conv2d(64, 64, kernel_size=(1, 1), stride=(1, 1), bias=False)
            (bn): BatchNorm2d(64, eps=0.001, momentum=0.03, affine=True, track_running_stats=True)
            (act): SiLU(inplace=True)
          )
        )
        (1): DWConv(
          (dconv): BaseConv(
            (conv): Conv2d(64, 64, kernel_size=(3, 3), stride=(1, 1), padding=(1, 1), groups=64, bias=False)
            (bn): BatchNorm2d(64, eps=0.001, momentum=0.03, affine=True, track_running_stats=True)
            (act): SiLU(inplace=True)
          )
          (pconv): BaseConv(
            (conv): Conv2d(64, 64, kernel_size=(1, 1), stride=(1, 1), bias=False)
            (bn): BatchNorm2d(64, eps=0.001, momentum=0.03, affine=True, track_running_stats=True)
            (act): SiLU(inplace=True)
          )
        )
      )
    )
    (cls_preds): ModuleList(
      (0): Conv2d(64, 12, kernel_size=(1, 1), stride=(1, 1))
      (1): Conv2d(64, 12, kernel_size=(1, 1), stride=(1, 1))
      (2): Conv2d(64, 12, kernel_size=(1, 1), stride=(1, 1))
    )
    (reg_preds): ModuleList(
      (0): Conv2d(64, 4, kernel_size=(1, 1), stride=(1, 1))
      (1): Conv2d(64, 4, kernel_size=(1, 1), stride=(1, 1))
      (2): Conv2d(64, 4, kernel_size=(1, 1), stride=(1, 1))
    )
    (obj_preds): ModuleList(
      (0): Conv2d(64, 1, kernel_size=(1, 1), stride=(1, 1))
      (1): Conv2d(64, 1, kernel_size=(1, 1), stride=(1, 1))
      (2): Conv2d(64, 1, kernel_size=(1, 1), stride=(1, 1))
    )
    (stems): ModuleList(
      (0): BaseConv(
        (conv): Conv2d(64, 64, kernel_size=(1, 1), stride=(1, 1), bias=False)
        (bn): BatchNorm2d(64, eps=0.001, momentum=0.03, affine=True, track_running_stats=True)
        (act): SiLU(inplace=True)
      )
      (1): BaseConv(
        (conv): Conv2d(128, 64, kernel_size=(1, 1), stride=(1, 1), bias=False)
        (bn): BatchNorm2d(64, eps=0.001, momentum=0.03, affine=True, track_running_stats=True)
        (act): SiLU(inplace=True)
      )
      (2): BaseConv(
        (conv): Conv2d(256, 64, kernel_size=(1, 1), stride=(1, 1), bias=False)
        (bn): BatchNorm2d(64, eps=0.001, momentum=0.03, affine=True, track_running_stats=True)
        (act): SiLU(inplace=True)
      )
    )
    (l1_loss): L1Loss()
    (bcewithlog_loss): BCEWithLogitsLoss()
    (iou_loss): IOUloss()
  )
)
2022-11-11 04:19:30 | INFO     | yolox.core.trainer:203 - ---> start train epoch1
2022-11-11 04:19:48 | INFO     | yolox.core.trainer:261 - epoch: 1/500, iter: 10/102, mem: 3606Mb, iter_time: 1.793s, data_time: 0.666s, total_loss: 10.9, iou_loss: 3.7, l1_loss: 0.0, conf_loss: 4.8, cls_loss: 2.5, lr: 3.845e-06, size: 416, ETA: 1 day, 1:23:30
2022-11-11 04:20:04 | INFO     | yolox.core.trainer:261 - epoch: 1/500, iter: 20/102, mem: 5291Mb, iter_time: 1.595s, data_time: 0.671s, total_loss: 10.2, iou_loss: 3.4, l1_loss: 0.0, conf_loss: 4.2, cls_loss: 2.6, lr: 1.538e-05, size: 512, ETA: 23:59:00
2022-11-11 04:20:20 | INFO     | yolox.core.trainer:261 - epoch: 1/500, iter: 30/102, mem: 5291Mb, iter_time: 1.582s, data_time: 0.673s, total_loss: 9.1, iou_loss: 3.4, l1_loss: 0.0, conf_loss: 3.5, cls_loss: 2.1, lr: 3.460e-05, size: 480, ETA: 23:27:00
2022-11-11 04:20:36 | INFO     | yolox.core.trainer:261 - epoch: 1/500, iter: 40/102, mem: 6589Mb, iter_time: 1.618s, data_time: 0.671s, total_loss: 8.3, iou_loss: 3.2, l1_loss: 0.0, conf_loss: 3.1, cls_loss: 1.9, lr: 6.151e-05, size: 544, ETA: 23:18:38
2022-11-11 04:20:53 | INFO     | yolox.core.trainer:261 - epoch: 1/500, iter: 50/102, mem: 7244Mb, iter_time: 1.631s, data_time: 0.675s, total_loss: 7.7, iou_loss: 3.2, l1_loss: 0.0, conf_loss: 2.8, cls_loss: 1.7, lr: 9.612e-05, size: 576, ETA: 23:15:45
2022-11-11 04:21:07 | INFO     | yolox.core.trainer:261 - epoch: 1/500, iter: 60/102, mem: 7244Mb, iter_time: 1.489s, data_time: 0.664s, total_loss: 8.0, iou_loss: 3.7, l1_loss: 0.0, conf_loss: 2.9, cls_loss: 1.4, lr: 1.384e-04, size: 320, ETA: 22:53:39
2022-11-11 04:21:24 | INFO     | yolox.core.trainer:261 - epoch: 1/500, iter: 70/102, mem: 7936Mb, iter_time: 1.660s, data_time: 0.665s, total_loss: 7.3, iou_loss: 3.0, l1_loss: 0.0, conf_loss: 2.7, cls_loss: 1.6, lr: 1.884e-04, size: 608, ETA: 22:58:26
2022-11-11 04:21:39 | INFO     | yolox.core.trainer:261 - epoch: 1/500, iter: 80/102, mem: 7936Mb, iter_time: 1.497s, data_time: 0.679s, total_loss: 7.2, iou_loss: 3.1, l1_loss: 0.0, conf_loss: 2.5, cls_loss: 1.6, lr: 2.461e-04, size: 544, ETA: 22:44:44
2022-11-11 04:21:54 | INFO     | yolox.core.trainer:261 - epoch: 1/500, iter: 90/102, mem: 7936Mb, iter_time: 1.500s, data_time: 0.672s, total_loss: 6.9, iou_loss: 2.9, l1_loss: 0.0, conf_loss: 2.5, cls_loss: 1.5, lr: 3.114e-04, size: 576, ETA: 22:34:17
2022-11-11 04:22:09 | INFO     | yolox.core.trainer:261 - epoch: 1/500, iter: 100/102, mem: 7936Mb, iter_time: 1.534s, data_time: 0.667s, total_loss: 6.8, iou_loss: 2.9, l1_loss: 0.0, conf_loss: 2.3, cls_loss: 1.6, lr: 3.845e-04, size: 608, ETA: 22:28:47
2022-11-11 04:22:12 | INFO     | yolox.core.trainer:356 - Save weights to ./YOLOX_outputs/visdrone_nano
2022-11-11 04:22:13 | INFO     | yolox.core.trainer:203 - ---> start train epoch2
2022-11-11 04:22:28 | INFO     | yolox.core.trainer:261 - epoch: 2/500, iter: 10/102, mem: 7936Mb, iter_time: 1.511s, data_time: 0.670s, total_loss: 6.9, iou_loss: 3.2, l1_loss: 0.0, conf_loss: 2.3, cls_loss: 1.4, lr: 4.823e-04, size: 480, ETA: 22:21:19
2022-11-11 04:22:43 | INFO     | yolox.core.trainer:261 - epoch: 2/500, iter: 20/102, mem: 7936Mb, iter_time: 1.563s, data_time: 0.669s, total_loss: 7.2, iou_loss: 3.5, l1_loss: 0.0, conf_loss: 2.4, cls_loss: 1.2, lr: 5.722e-04, size: 320, ETA: 22:19:44
2022-11-11 04:22:58 | INFO     | yolox.core.trainer:261 - epoch: 2/500, iter: 30/102, mem: 7936Mb, iter_time: 1.463s, data_time: 0.675s, total_loss: 7.1, iou_loss: 2.9, l1_loss: 0.0, conf_loss: 2.7, cls_loss: 1.5, lr: 6.699e-04, size: 608, ETA: 22:11:56
2022-11-11 04:23:13 | INFO     | yolox.core.trainer:261 - epoch: 2/500, iter: 40/102, mem: 7936Mb, iter_time: 1.521s, data_time: 0.678s, total_loss: 7.0, iou_loss: 3.2, l1_loss: 0.0, conf_loss: 2.4, cls_loss: 1.3, lr: 7.752e-04, size: 512, ETA: 22:08:40
2022-11-11 04:23:28 | INFO     | yolox.core.trainer:261 - epoch: 2/500, iter: 50/102, mem: 7936Mb, iter_time: 1.497s, data_time: 0.673s, total_loss: 6.6, iou_loss: 2.9, l1_loss: 0.0, conf_loss: 2.2, cls_loss: 1.4, lr: 8.883e-04, size: 544, ETA: 22:04:28
2022-11-11 04:23:43 | INFO     | yolox.core.trainer:261 - epoch: 2/500, iter: 60/102, mem: 7936Mb, iter_time: 1.513s, data_time: 0.673s, total_loss: 6.3, iou_loss: 2.8, l1_loss: 0.0, conf_loss: 2.1, cls_loss: 1.4, lr: 1.009e-03, size: 576, ETA: 22:01:38
2022-11-11 04:23:58 | INFO     | yolox.core.trainer:261 - epoch: 2/500, iter: 70/102, mem: 7936Mb, iter_time: 1.513s, data_time: 0.668s, total_loss: 6.4, iou_loss: 2.9, l1_loss: 0.0, conf_loss: 2.2, cls_loss: 1.3, lr: 1.137e-03, size: 576, ETA: 21:59:04
2022-11-11 04:24:14 | INFO     | yolox.core.trainer:261 - epoch: 2/500, iter: 80/102, mem: 7936Mb, iter_time: 1.543s, data_time: 0.673s, total_loss: 6.4, iou_loss: 3.0, l1_loss: 0.0, conf_loss: 2.1, cls_loss: 1.3, lr: 1.274e-03, size: 512, ETA: 21:58:10
2022-11-11 04:24:30 | INFO     | yolox.core.trainer:261 - epoch: 2/500, iter: 90/102, mem: 7936Mb, iter_time: 1.594s, data_time: 0.675s, total_loss: 6.3, iou_loss: 3.0, l1_loss: 0.0, conf_loss: 2.0, cls_loss: 1.3, lr: 1.417e-03, size: 384, ETA: 21:59:35
2022-11-11 04:24:47 | INFO     | yolox.core.trainer:261 - epoch: 2/500, iter: 100/102, mem: 7936Mb, iter_time: 1.770s, data_time: 0.978s, total_loss: 6.4, iou_loss: 3.0, l1_loss: 0.0, conf_loss: 2.1, cls_loss: 1.4, lr: 1.569e-03, size: 480, ETA: 22:08:12
2022-11-11 04:24:50 | INFO     | yolox.core.trainer:356 - Save weights to ./YOLOX_outputs/visdrone_nano
2022-11-11 04:24:51 | INFO     | yolox.core.trainer:203 - ---> start train epoch3
2022-11-11 04:25:05 | INFO     | yolox.core.trainer:261 - epoch: 3/500, iter: 10/102, mem: 7936Mb, iter_time: 1.477s, data_time: 0.672s, total_loss: 7.0, iou_loss: 3.5, l1_loss: 0.0, conf_loss: 2.2, cls_loss: 1.2, lr: 1.761e-03, size: 320, ETA: 22:03:44
2022-11-11 04:25:20 | INFO     | yolox.core.trainer:261 - epoch: 3/500, iter: 20/102, mem: 7936Mb, iter_time: 1.455s, data_time: 0.671s, total_loss: 6.6, iou_loss: 3.0, l1_loss: 0.0, conf_loss: 2.3, cls_loss: 1.3, lr: 1.929e-03, size: 480, ETA: 21:59:22
2022-11-11 04:25:35 | INFO     | yolox.core.trainer:261 - epoch: 3/500, iter: 30/102, mem: 7936Mb, iter_time: 1.516s, data_time: 0.674s, total_loss: 6.4, iou_loss: 2.9, l1_loss: 0.0, conf_loss: 2.2, cls_loss: 1.3, lr: 2.105e-03, size: 608, ETA: 21:57:33
2022-11-11 04:25:50 | INFO     | yolox.core.trainer:261 - epoch: 3/500, iter: 40/102, mem: 7936Mb, iter_time: 1.528s, data_time: 0.676s, total_loss: 6.1, iou_loss: 2.8, l1_loss: 0.0, conf_loss: 2.0, cls_loss: 1.2, lr: 2.289e-03, size: 544, ETA: 21:56:16
2022-11-11 04:26:05 | INFO     | yolox.core.trainer:261 - epoch: 3/500, iter: 50/102, mem: 7936Mb, iter_time: 1.501s, data_time: 0.664s, total_loss: 6.4, iou_loss: 3.0, l1_loss: 0.0, conf_loss: 2.1, cls_loss: 1.3, lr: 2.480e-03, size: 416, ETA: 21:54:11
2022-11-11 04:26:22 | INFO     | yolox.core.trainer:261 - epoch: 3/500, iter: 60/102, mem: 8671Mb, iter_time: 1.673s, data_time: 0.675s, total_loss: 6.3, iou_loss: 2.9, l1_loss: 0.0, conf_loss: 2.1, cls_loss: 1.4, lr: 2.680e-03, size: 640, ETA: 21:57:44
2022-11-11 04:26:37 | INFO     | yolox.core.trainer:261 - epoch: 3/500, iter: 70/102, mem: 8671Mb, iter_time: 1.527s, data_time: 0.671s, total_loss: 6.3, iou_loss: 3.1, l1_loss: 0.0, conf_loss: 2.0, cls_loss: 1.2, lr: 2.886e-03, size: 384, ETA: 21:56:31
2022-11-11 04:26:52 | INFO     | yolox.core.trainer:261 - epoch: 3/500, iter: 80/102, mem: 8671Mb, iter_time: 1.492s, data_time: 0.679s, total_loss: 6.5, iou_loss: 3.3, l1_loss: 0.0, conf_loss: 2.0, cls_loss: 1.2, lr: 3.101e-03, size: 320, ETA: 21:54:19
2022-11-11 04:27:07 | INFO     | yolox.core.trainer:261 - epoch: 3/500, iter: 90/102, mem: 8671Mb, iter_time: 1.487s, data_time: 0.669s, total_loss: 6.0, iou_loss: 2.7, l1_loss: 0.0, conf_loss: 2.0, cls_loss: 1.2, lr: 3.323e-03, size: 640, ETA: 21:52:07
2022-11-11 04:27:22 | INFO     | yolox.core.trainer:261 - epoch: 3/500, iter: 100/102, mem: 8671Mb, iter_time: 1.506s, data_time: 0.668s, total_loss: 6.4, iou_loss: 3.1, l1_loss: 0.0, conf_loss: 2.0, cls_loss: 1.3, lr: 3.553e-03, size: 416, ETA: 21:50:34
2022-11-11 04:27:25 | INFO     | yolox.core.trainer:356 - Save weights to ./YOLOX_outputs/visdrone_nano
2022-11-11 04:27:25 | INFO     | yolox.core.trainer:203 - ---> start train epoch4
2022-11-11 04:27:41 | INFO     | yolox.core.trainer:261 - epoch: 4/500, iter: 10/102, mem: 8671Mb, iter_time: 1.522s, data_time: 0.660s, total_loss: 6.0, iou_loss: 2.8, l1_loss: 0.0, conf_loss: 2.0, cls_loss: 1.2, lr: 3.839e-03, size: 608, ETA: 21:49:18
2022-11-11 04:27:56 | INFO     | yolox.core.trainer:261 - epoch: 4/500, iter: 20/102, mem: 8671Mb, iter_time: 1.526s, data_time: 0.663s, total_loss: 6.4, iou_loss: 3.1, l1_loss: 0.0, conf_loss: 2.0, cls_loss: 1.3, lr: 4.086e-03, size: 416, ETA: 21:48:25
2022-11-11 04:28:11 | INFO     | yolox.core.trainer:261 - epoch: 4/500, iter: 30/102, mem: 8671Mb, iter_time: 1.491s, data_time: 0.657s, total_loss: 6.2, iou_loss: 3.0, l1_loss: 0.0, conf_loss: 2.0, cls_loss: 1.2, lr: 4.340e-03, size: 512, ETA: 21:46:41
2022-11-11 04:28:26 | INFO     | yolox.core.trainer:261 - epoch: 4/500, iter: 40/102, mem: 8671Mb, iter_time: 1.498s, data_time: 0.657s, total_loss: 6.5, iou_loss: 3.1, l1_loss: 0.0, conf_loss: 2.0, cls_loss: 1.3, lr: 4.603e-03, size: 416, ETA: 21:45:12
2022-11-11 04:28:41 | INFO     | yolox.core.trainer:261 - epoch: 4/500, iter: 50/102, mem: 8671Mb, iter_time: 1.502s, data_time: 0.655s, total_loss: 6.1, iou_loss: 2.8, l1_loss: 0.0, conf_loss: 2.0, cls_loss: 1.3, lr: 4.873e-03, size: 576, ETA: 21:43:54
2022-11-11 04:28:56 | INFO     | yolox.core.trainer:261 - epoch: 4/500, iter: 60/102, mem: 8671Mb, iter_time: 1.496s, data_time: 0.668s, total_loss: 6.6, iou_loss: 3.4, l1_loss: 0.0, conf_loss: 2.0, cls_loss: 1.2, lr: 5.150e-03, size: 320, ETA: 21:42:31
2022-11-11 04:29:11 | INFO     | yolox.core.trainer:261 - epoch: 4/500, iter: 70/102, mem: 8671Mb, iter_time: 1.569s, data_time: 0.677s, total_loss: 6.0, iou_loss: 2.9, l1_loss: 0.0, conf_loss: 1.8, cls_loss: 1.2, lr: 5.435e-03, size: 448, ETA: 21:42:49
2022-11-11 04:29:26 | INFO     | yolox.core.trainer:261 - epoch: 4/500, iter: 80/102, mem: 8671Mb, iter_time: 1.483s, data_time: 0.683s, total_loss: 6.3, iou_loss: 3.1, l1_loss: 0.0, conf_loss: 2.0, cls_loss: 1.2, lr: 5.728e-03, size: 480, ETA: 21:41:14
2022-11-11 04:29:41 | INFO     | yolox.core.trainer:261 - epoch: 4/500, iter: 90/102, mem: 8671Mb, iter_time: 1.501s, data_time: 0.674s, total_loss: 6.1, iou_loss: 2.9, l1_loss: 0.0, conf_loss: 2.0, cls_loss: 1.2, lr: 6.029e-03, size: 544, ETA: 21:40:05
2022-11-11 04:29:56 | INFO     | yolox.core.trainer:261 - epoch: 4/500, iter: 100/102, mem: 8671Mb, iter_time: 1.487s, data_time: 0.682s, total_loss: 6.2, iou_loss: 3.0, l1_loss: 0.0, conf_loss: 2.0, cls_loss: 1.2, lr: 6.337e-03, size: 512, ETA: 21:38:42
2022-11-11 04:29:59 | INFO     | yolox.core.trainer:356 - Save weights to ./YOLOX_outputs/visdrone_nano
2022-11-11 04:29:59 | INFO     | yolox.core.trainer:203 - ---> start train epoch5
2022-11-11 04:30:14 | INFO     | yolox.core.trainer:261 - epoch: 5/500, iter: 10/102, mem: 8671Mb, iter_time: 1.492s, data_time: 0.677s, total_loss: 6.1, iou_loss: 2.9, l1_loss: 0.0, conf_loss: 2.0, cls_loss: 1.2, lr: 6.718e-03, size: 480, ETA: 21:37:20
2022-11-11 04:30:29 | INFO     | yolox.core.trainer:261 - epoch: 5/500, iter: 20/102, mem: 8671Mb, iter_time: 1.502s, data_time: 0.674s, total_loss: 6.1, iou_loss: 3.0, l1_loss: 0.0, conf_loss: 1.9, cls_loss: 1.2, lr: 7.043e-03, size: 416, ETA: 21:36:21
2022-11-11 04:30:44 | INFO     | yolox.core.trainer:261 - epoch: 5/500, iter: 30/102, mem: 8671Mb, iter_time: 1.468s, data_time: 0.670s, total_loss: 6.5, iou_loss: 3.3, l1_loss: 0.0, conf_loss: 2.0, cls_loss: 1.2, lr: 7.376e-03, size: 320, ETA: 21:34:44
2022-11-11 04:30:59 | INFO     | yolox.core.trainer:261 - epoch: 5/500, iter: 40/102, mem: 8671Mb, iter_time: 1.534s, data_time: 0.674s, total_loss: 6.2, iou_loss: 2.9, l1_loss: 0.0, conf_loss: 2.0, cls_loss: 1.2, lr: 7.716e-03, size: 608, ETA: 21:34:26
2022-11-11 04:31:14 | INFO     | yolox.core.trainer:261 - epoch: 5/500, iter: 50/102, mem: 8671Mb, iter_time: 1.496s, data_time: 0.674s, total_loss: 6.2, iou_loss: 2.9, l1_loss: 0.0, conf_loss: 2.0, cls_loss: 1.2, lr: 8.065e-03, size: 544, ETA: 21:33:26
2022-11-11 04:31:30 | INFO     | yolox.core.trainer:261 - epoch: 5/500, iter: 60/102, mem: 8671Mb, iter_time: 1.527s, data_time: 0.677s, total_loss: 6.5, iou_loss: 3.2, l1_loss: 0.0, conf_loss: 2.0, cls_loss: 1.2, lr: 8.421e-03, size: 448, ETA: 21:33:01
2022-11-11 04:31:45 | INFO     | yolox.core.trainer:261 - epoch: 5/500, iter: 70/102, mem: 8671Mb, iter_time: 1.568s, data_time: 0.671s, total_loss: 6.3, iou_loss: 3.3, l1_loss: 0.0, conf_loss: 1.9, cls_loss: 1.2, lr: 8.784e-03, size: 352, ETA: 21:33:20
2022-11-11 04:32:00 | INFO     | yolox.core.trainer:261 - epoch: 5/500, iter: 80/102, mem: 8671Mb, iter_time: 1.500s, data_time: 0.666s, total_loss: 6.3, iou_loss: 3.1, l1_loss: 0.0, conf_loss: 2.0, cls_loss: 1.2, lr: 9.156e-03, size: 448, ETA: 21:32:28
2022-11-11 04:32:15 | INFO     | yolox.core.trainer:261 - epoch: 5/500, iter: 90/102, mem: 8671Mb, iter_time: 1.506s, data_time: 0.678s, total_loss: 6.1, iou_loss: 3.0, l1_loss: 0.0, conf_loss: 1.9, cls_loss: 1.2, lr: 9.535e-03, size: 512, ETA: 21:31:43
2022-11-11 04:32:30 | INFO     | yolox.core.trainer:261 - epoch: 5/500, iter: 100/102, mem: 8671Mb, iter_time: 1.498s, data_time: 0.685s, total_loss: 6.1, iou_loss: 2.9, l1_loss: 0.0, conf_loss: 1.9, cls_loss: 1.2, lr: 9.922e-03, size: 480, ETA: 21:30:52
2022-11-11 04:32:33 | INFO     | yolox.core.trainer:356 - Save weights to ./YOLOX_outputs/visdrone_nano
2022-11-11 04:32:33 | INFO     | yolox.core.trainer:203 - ---> start train epoch6
2022-11-11 04:32:49 | INFO     | yolox.core.trainer:261 - epoch: 6/500, iter: 10/102, mem: 8671Mb, iter_time: 1.529s, data_time: 0.675s, total_loss: 6.4, iou_loss: 3.2, l1_loss: 0.0, conf_loss: 2.0, cls_loss: 1.1, lr: 1.000e-02, size: 384, ETA: 21:30:22
2022-11-11 04:33:04 | INFO     | yolox.core.trainer:261 - epoch: 6/500, iter: 20/102, mem: 8671Mb, iter_time: 1.543s, data_time: 0.684s, total_loss: 6.8, iou_loss: 3.4, l1_loss: 0.0, conf_loss: 2.3, cls_loss: 1.1, lr: 1.000e-02, size: 384, ETA: 21:30:15
2022-11-11 04:33:20 | INFO     | yolox.core.trainer:261 - epoch: 6/500, iter: 30/102, mem: 8671Mb, iter_time: 1.563s, data_time: 0.681s, total_loss: 6.4, iou_loss: 3.1, l1_loss: 0.0, conf_loss: 2.1, cls_loss: 1.2, lr: 1.000e-02, size: 640, ETA: 21:30:27
2022-11-11 04:33:35 | INFO     | yolox.core.trainer:261 - epoch: 6/500, iter: 40/102, mem: 8671Mb, iter_time: 1.528s, data_time: 0.673s, total_loss: 5.9, iou_loss: 2.8, l1_loss: 0.0, conf_loss: 1.9, cls_loss: 1.2, lr: 1.000e-02, size: 576, ETA: 21:30:05
2022-11-11 04:33:50 | INFO     | yolox.core.trainer:261 - epoch: 6/500, iter: 50/102, mem: 8671Mb, iter_time: 1.481s, data_time: 0.674s, total_loss: 6.6, iou_loss: 3.4, l1_loss: 0.0, conf_loss: 2.0, cls_loss: 1.1, lr: 1.000e-02, size: 320, ETA: 21:29:02
2022-11-11 04:34:04 | INFO     | yolox.core.trainer:261 - epoch: 6/500, iter: 60/102, mem: 8671Mb, iter_time: 1.452s, data_time: 0.670s, total_loss: 6.3, iou_loss: 3.2, l1_loss: 0.0, conf_loss: 1.9, cls_loss: 1.2, lr: 1.000e-02, size: 320, ETA: 21:27:34
2022-11-11 04:34:19 | INFO     | yolox.core.trainer:261 - epoch: 6/500, iter: 70/102, mem: 8671Mb, iter_time: 1.501s, data_time: 0.680s, total_loss: 6.2, iou_loss: 3.1, l1_loss: 0.0, conf_loss: 2.0, cls_loss: 1.2, lr: 1.000e-02, size: 448, ETA: 21:26:52
2022-11-11 04:34:35 | INFO     | yolox.core.trainer:261 - epoch: 6/500, iter: 80/102, mem: 8671Mb, iter_time: 1.512s, data_time: 0.674s, total_loss: 6.0, iou_loss: 3.0, l1_loss: 0.0, conf_loss: 1.8, cls_loss: 1.2, lr: 1.000e-02, size: 448, ETA: 21:26:21
2022-11-11 04:34:50 | INFO     | yolox.core.trainer:261 - epoch: 6/500, iter: 90/102, mem: 8671Mb, iter_time: 1.532s, data_time: 0.671s, total_loss: 6.1, iou_loss: 3.0, l1_loss: 0.0, conf_loss: 1.9, cls_loss: 1.2, lr: 1.000e-02, size: 416, ETA: 21:26:06
2022-11-11 04:35:05 | INFO     | yolox.core.trainer:261 - epoch: 6/500, iter: 100/102, mem: 8671Mb, iter_time: 1.509s, data_time: 0.685s, total_loss: 6.1, iou_loss: 3.0, l1_loss: 0.0, conf_loss: 1.9, cls_loss: 1.2, lr: 1.000e-02, size: 544, ETA: 21:25:33
2022-11-11 04:35:08 | INFO     | yolox.core.trainer:356 - Save weights to ./YOLOX_outputs/visdrone_nano
2022-11-11 04:35:08 | INFO     | yolox.core.trainer:203 - ---> start train epoch7
2022-11-11 04:35:24 | INFO     | yolox.core.trainer:261 - epoch: 7/500, iter: 10/102, mem: 8671Mb, iter_time: 1.536s, data_time: 0.685s, total_loss: 6.1, iou_loss: 3.0, l1_loss: 0.0, conf_loss: 1.9, cls_loss: 1.2, lr: 1.000e-02, size: 448, ETA: 21:25:20
2022-11-11 04:35:39 | INFO     | yolox.core.trainer:261 - epoch: 7/500, iter: 20/102, mem: 8671Mb, iter_time: 1.542s, data_time: 0.688s, total_loss: 6.2, iou_loss: 3.0, l1_loss: 0.0, conf_loss: 2.0, cls_loss: 1.1, lr: 1.000e-02, size: 512, ETA: 21:25:14
2022-11-11 04:35:54 | INFO     | yolox.core.trainer:261 - epoch: 7/500, iter: 30/102, mem: 8671Mb, iter_time: 1.523s, data_time: 0.676s, total_loss: 6.0, iou_loss: 3.0, l1_loss: 0.0, conf_loss: 1.8, cls_loss: 1.2, lr: 1.000e-02, size: 448, ETA: 21:24:52
2022-11-11 04:36:09 | INFO     | yolox.core.trainer:261 - epoch: 7/500, iter: 40/102, mem: 8671Mb, iter_time: 1.489s, data_time: 0.676s, total_loss: 6.0, iou_loss: 2.8, l1_loss: 0.0, conf_loss: 1.9, cls_loss: 1.2, lr: 1.000e-02, size: 512, ETA: 21:24:04
2022-11-11 04:36:24 | INFO     | yolox.core.trainer:261 - epoch: 7/500, iter: 50/102, mem: 8671Mb, iter_time: 1.518s, data_time: 0.676s, total_loss: 6.1, iou_loss: 2.8, l1_loss: 0.0, conf_loss: 2.0, cls_loss: 1.2, lr: 1.000e-02, size: 640, ETA: 21:23:39
2022-11-11 04:36:40 | INFO     | yolox.core.trainer:261 - epoch: 7/500, iter: 60/102, mem: 8671Mb, iter_time: 1.576s, data_time: 0.677s, total_loss: 6.2, iou_loss: 3.0, l1_loss: 0.0, conf_loss: 1.9, cls_loss: 1.3, lr: 1.000e-02, size: 448, ETA: 21:23:58
2022-11-11 04:36:55 | INFO     | yolox.core.trainer:261 - epoch: 7/500, iter: 70/102, mem: 8671Mb, iter_time: 1.520s, data_time: 0.681s, total_loss: 5.7, iou_loss: 2.7, l1_loss: 0.0, conf_loss: 1.9, cls_loss: 1.1, lr: 1.000e-02, size: 480, ETA: 21:23:35
2022-11-11 04:37:10 | INFO     | yolox.core.trainer:261 - epoch: 7/500, iter: 80/102, mem: 8671Mb, iter_time: 1.501s, data_time: 0.674s, total_loss: 5.9, iou_loss: 2.9, l1_loss: 0.0, conf_loss: 1.8, cls_loss: 1.2, lr: 1.000e-02, size: 544, ETA: 21:22:58
2022-11-11 04:37:25 | INFO     | yolox.core.trainer:261 - epoch: 7/500, iter: 90/102, mem: 8671Mb, iter_time: 1.490s, data_time: 0.671s, total_loss: 6.1, iou_loss: 3.1, l1_loss: 0.0, conf_loss: 1.8, cls_loss: 1.1, lr: 1.000e-02, size: 384, ETA: 21:22:15
2022-11-11 04:37:40 | INFO     | yolox.core.trainer:261 - epoch: 7/500, iter: 100/102, mem: 8671Mb, iter_time: 1.497s, data_time: 0.689s, total_loss: 6.2, iou_loss: 3.1, l1_loss: 0.0, conf_loss: 1.9, cls_loss: 1.1, lr: 1.000e-02, size: 352, ETA: 21:21:36
2022-11-11 04:37:43 | INFO     | yolox.core.trainer:356 - Save weights to ./YOLOX_outputs/visdrone_nano
2022-11-11 04:37:43 | INFO     | yolox.core.trainer:203 - ---> start train epoch8
2022-11-11 04:37:58 | INFO     | yolox.core.trainer:261 - epoch: 8/500, iter: 10/102, mem: 8671Mb, iter_time: 1.479s, data_time: 0.674s, total_loss: 6.1, iou_loss: 2.9, l1_loss: 0.0, conf_loss: 2.0, cls_loss: 1.2, lr: 1.000e-02, size: 640, ETA: 21:20:39
2022-11-11 04:38:14 | INFO     | yolox.core.trainer:261 - epoch: 8/500, iter: 20/102, mem: 8671Mb, iter_time: 1.531s, data_time: 0.671s, total_loss: 5.5, iou_loss: 2.6, l1_loss: 0.0, conf_loss: 1.8, cls_loss: 1.1, lr: 1.000e-02, size: 640, ETA: 21:20:26
2022-11-11 04:38:29 | INFO     | yolox.core.trainer:261 - epoch: 8/500, iter: 30/102, mem: 8671Mb, iter_time: 1.545s, data_time: 0.671s, total_loss: 5.7, iou_loss: 2.7, l1_loss: 0.0, conf_loss: 1.8, cls_loss: 1.1, lr: 9.999e-03, size: 640, ETA: 21:20:22
2022-11-11 04:38:45 | INFO     | yolox.core.trainer:261 - epoch: 8/500, iter: 40/102, mem: 8671Mb, iter_time: 1.563s, data_time: 0.683s, total_loss: 5.7, iou_loss: 2.7, l1_loss: 0.0, conf_loss: 1.8, cls_loss: 1.2, lr: 9.999e-03, size: 608, ETA: 21:20:29
2022-11-11 04:39:00 | INFO     | yolox.core.trainer:261 - epoch: 8/500, iter: 50/102, mem: 8671Mb, iter_time: 1.533s, data_time: 0.675s, total_loss: 5.9, iou_loss: 3.0, l1_loss: 0.0, conf_loss: 1.8, cls_loss: 1.1, lr: 9.999e-03, size: 448, ETA: 21:20:16
2022-11-11 04:39:15 | INFO     | yolox.core.trainer:261 - epoch: 8/500, iter: 60/102, mem: 8671Mb, iter_time: 1.538s, data_time: 0.680s, total_loss: 5.6, iou_loss: 2.8, l1_loss: 0.0, conf_loss: 1.7, cls_loss: 1.1, lr: 9.999e-03, size: 448, ETA: 21:20:07
2022-11-11 04:39:31 | INFO     | yolox.core.trainer:261 - epoch: 8/500, iter: 70/102, mem: 8671Mb, iter_time: 1.515s, data_time: 0.675s, total_loss: 6.0, iou_loss: 2.9, l1_loss: 0.0, conf_loss: 1.9, cls_loss: 1.1, lr: 9.999e-03, size: 512, ETA: 21:19:43
2022-11-11 04:39:46 | INFO     | yolox.core.trainer:261 - epoch: 8/500, iter: 80/102, mem: 8671Mb, iter_time: 1.510s, data_time: 0.682s, total_loss: 5.9, iou_loss: 2.9, l1_loss: 0.0, conf_loss: 1.8, cls_loss: 1.1, lr: 9.999e-03, size: 576, ETA: 21:19:15
2022-11-11 04:40:01 | INFO     | yolox.core.trainer:261 - epoch: 8/500, iter: 90/102, mem: 8671Mb, iter_time: 1.529s, data_time: 0.693s, total_loss: 6.1, iou_loss: 3.0, l1_loss: 0.0, conf_loss: 1.9, cls_loss: 1.2, lr: 9.999e-03, size: 480, ETA: 21:19:00
2022-11-11 04:40:16 | INFO     | yolox.core.trainer:261 - epoch: 8/500, iter: 100/102, mem: 8671Mb, iter_time: 1.505s, data_time: 0.685s, total_loss: 5.9, iou_loss: 2.9, l1_loss: 0.0, conf_loss: 1.9, cls_loss: 1.1, lr: 9.999e-03, size: 512, ETA: 21:18:30
2022-11-11 04:40:19 | INFO     | yolox.core.trainer:356 - Save weights to ./YOLOX_outputs/visdrone_nano
2022-11-11 04:40:19 | INFO     | yolox.core.trainer:203 - ---> start train epoch9
2022-11-11 04:40:34 | INFO     | yolox.core.trainer:261 - epoch: 9/500, iter: 10/102, mem: 8671Mb, iter_time: 1.468s, data_time: 0.674s, total_loss: 6.2, iou_loss: 3.2, l1_loss: 0.0, conf_loss: 1.9, cls_loss: 1.1, lr: 9.999e-03, size: 320, ETA: 21:17:27
2022-11-11 04:40:49 | INFO     | yolox.core.trainer:261 - epoch: 9/500, iter: 20/102, mem: 8671Mb, iter_time: 1.492s, data_time: 0.686s, total_loss: 6.3, iou_loss: 3.2, l1_loss: 0.0, conf_loss: 1.9, cls_loss: 1.2, lr: 9.999e-03, size: 384, ETA: 21:16:50
2022-11-11 04:41:04 | INFO     | yolox.core.trainer:261 - epoch: 9/500, iter: 30/102, mem: 8671Mb, iter_time: 1.509s, data_time: 0.679s, total_loss: 6.1, iou_loss: 3.0, l1_loss: 0.0, conf_loss: 1.9, cls_loss: 1.2, lr: 9.999e-03, size: 416, ETA: 21:16:24
2022-11-11 04:41:19 | INFO     | yolox.core.trainer:261 - epoch: 9/500, iter: 40/102, mem: 8671Mb, iter_time: 1.496s, data_time: 0.680s, total_loss: 6.4, iou_loss: 3.2, l1_loss: 0.0, conf_loss: 2.0, cls_loss: 1.1, lr: 9.999e-03, size: 320, ETA: 21:15:51
2022-11-11 04:41:33 | INFO     | yolox.core.trainer:261 - epoch: 9/500, iter: 50/102, mem: 8671Mb, iter_time: 1.473s, data_time: 0.675s, total_loss: 5.8, iou_loss: 2.9, l1_loss: 0.0, conf_loss: 1.7, cls_loss: 1.2, lr: 9.999e-03, size: 384, ETA: 21:15:04
2022-11-11 04:41:49 | INFO     | yolox.core.trainer:261 - epoch: 9/500, iter: 60/102, mem: 8671Mb, iter_time: 1.555s, data_time: 0.680s, total_loss: 5.8, iou_loss: 2.7, l1_loss: 0.0, conf_loss: 2.0, cls_loss: 1.1, lr: 9.999e-03, size: 640, ETA: 21:15:06
2022-11-11 04:42:04 | INFO     | yolox.core.trainer:261 - epoch: 9/500, iter: 70/102, mem: 8671Mb, iter_time: 1.546s, data_time: 0.681s, total_loss: 5.6, iou_loss: 2.7, l1_loss: 0.0, conf_loss: 1.8, cls_loss: 1.1, lr: 9.999e-03, size: 576, ETA: 21:15:01
2022-11-11 04:42:20 | INFO     | yolox.core.trainer:261 - epoch: 9/500, iter: 80/102, mem: 8671Mb, iter_time: 1.529s, data_time: 0.675s, total_loss: 5.9, iou_loss: 2.8, l1_loss: 0.0, conf_loss: 1.9, cls_loss: 1.2, lr: 9.999e-03, size: 640, ETA: 21:14:47
2022-11-11 04:42:35 | INFO     | yolox.core.trainer:261 - epoch: 9/500, iter: 90/102, mem: 8671Mb, iter_time: 1.502s, data_time: 0.674s, total_loss: 6.3, iou_loss: 3.2, l1_loss: 0.0, conf_loss: 2.0, cls_loss: 1.2, lr: 9.998e-03, size: 320, ETA: 21:14:19
2022-11-11 04:42:50 | INFO     | yolox.core.trainer:261 - epoch: 9/500, iter: 100/102, mem: 8671Mb, iter_time: 1.475s, data_time: 0.676s, total_loss: 6.1, iou_loss: 3.1, l1_loss: 0.0, conf_loss: 1.9, cls_loss: 1.1, lr: 9.998e-03, size: 384, ETA: 21:13:35
2022-11-11 04:42:53 | INFO     | yolox.core.trainer:356 - Save weights to ./YOLOX_outputs/visdrone_nano
2022-11-11 04:42:53 | INFO     | yolox.core.trainer:203 - ---> start train epoch10
2022-11-11 04:43:08 | INFO     | yolox.core.trainer:261 - epoch: 10/500, iter: 10/102, mem: 8671Mb, iter_time: 1.516s, data_time: 0.672s, total_loss: 5.8, iou_loss: 2.8, l1_loss: 0.0, conf_loss: 1.8, cls_loss: 1.1, lr: 9.998e-03, size: 544, ETA: 21:13:13
2022-11-11 04:43:23 | INFO     | yolox.core.trainer:261 - epoch: 10/500, iter: 20/102, mem: 8671Mb, iter_time: 1.530s, data_time: 0.682s, total_loss: 5.9, iou_loss: 3.0, l1_loss: 0.0, conf_loss: 1.8, cls_loss: 1.1, lr: 9.998e-03, size: 416, ETA: 21:13:01
2022-11-11 04:43:38 | INFO     | yolox.core.trainer:261 - epoch: 10/500, iter: 30/102, mem: 8671Mb, iter_time: 1.487s, data_time: 0.670s, total_loss: 6.0, iou_loss: 3.0, l1_loss: 0.0, conf_loss: 1.8, cls_loss: 1.2, lr: 9.998e-03, size: 384, ETA: 21:12:25
2022-11-11 04:43:53 | INFO     | yolox.core.trainer:261 - epoch: 10/500, iter: 40/102, mem: 8671Mb, iter_time: 1.505s, data_time: 0.676s, total_loss: 5.8, iou_loss: 2.8, l1_loss: 0.0, conf_loss: 1.8, cls_loss: 1.2, lr: 9.998e-03, size: 480, ETA: 21:11:59
2022-11-11 04:44:08 | INFO     | yolox.core.trainer:261 - epoch: 10/500, iter: 50/102, mem: 8671Mb, iter_time: 1.520s, data_time: 0.679s, total_loss: 5.8, iou_loss: 2.7, l1_loss: 0.0, conf_loss: 1.8, cls_loss: 1.2, lr: 9.998e-03, size: 640, ETA: 21:11:42
2022-11-11 04:44:23 | INFO     | yolox.core.trainer:261 - epoch: 10/500, iter: 60/102, mem: 8671Mb, iter_time: 1.501s, data_time: 0.678s, total_loss: 6.5, iou_loss: 3.3, l1_loss: 0.0, conf_loss: 2.0, cls_loss: 1.2, lr: 9.998e-03, size: 320, ETA: 21:11:14
2022-11-11 04:44:39 | INFO     | yolox.core.trainer:261 - epoch: 10/500, iter: 70/102, mem: 8671Mb, iter_time: 1.538s, data_time: 0.674s, total_loss: 5.8, iou_loss: 2.7, l1_loss: 0.0, conf_loss: 1.9, cls_loss: 1.1, lr: 9.998e-03, size: 608, ETA: 21:11:06
2022-11-11 04:44:54 | INFO     | yolox.core.trainer:261 - epoch: 10/500, iter: 80/102, mem: 8671Mb, iter_time: 1.528s, data_time: 0.679s, total_loss: 5.9, iou_loss: 2.9, l1_loss: 0.0, conf_loss: 1.8, cls_loss: 1.1, lr: 9.998e-03, size: 448, ETA: 21:10:52
2022-11-11 04:45:09 | INFO     | yolox.core.trainer:261 - epoch: 10/500, iter: 90/102, mem: 8671Mb, iter_time: 1.491s, data_time: 0.681s, total_loss: 6.2, iou_loss: 3.2, l1_loss: 0.0, conf_loss: 1.9, cls_loss: 1.1, lr: 9.998e-03, size: 320, ETA: 21:10:20
2022-11-11 04:45:24 | INFO     | yolox.core.trainer:261 - epoch: 10/500, iter: 100/102, mem: 8671Mb, iter_time: 1.518s, data_time: 0.683s, total_loss: 5.7, iou_loss: 2.8, l1_loss: 0.0, conf_loss: 1.8, cls_loss: 1.2, lr: 9.997e-03, size: 576, ETA: 21:10:02
2022-11-11 04:45:27 | INFO     | yolox.core.trainer:356 - Save weights to ./YOLOX_outputs/visdrone_nano
2022-11-11 04:45:46 | INFO     | yolox.core.trainer:196 - Training of experiment is done and the best AP is 0.00
2022-11-11 04:45:46 | ERROR    | yolox.core.launch:98 - An error has been caught in function 'launch', process 'MainProcess' (1523187), thread 'MainThread' (140379795448192):
Traceback (most recent call last):

  File "tools/train.py", line 141, in <module>
    args=(exp, args),
          │    └ Namespace(batch_size=64, cache=True, ckpt='pretrained_models/yolox_nano.pth', devices=1, dist_backend='nccl', dist_url=None, ...
          └ ╒═══════════════════╤════════════════════════════════════════════════════════════════════════════════════════════════════════...

> File "/data/happyhoo97/repos/YOLOX/yolox/core/launch.py", line 98, in launch
    main_func(*args)
    │          └ (╒═══════════════════╤═══════════════════════════════════════════════════════════════════════════════════════════════════════...
    └ <function main at 0x7facb75ac830>

  File "tools/train.py", line 118, in main
    trainer.train()
    │       └ <function Trainer.train at 0x7fac14332560>
    └ <yolox.core.trainer.Trainer object at 0x7fac05039990>

  File "/data/happyhoo97/repos/YOLOX/yolox/core/trainer.py", line 76, in train
    self.train_in_epoch()
    │    └ <function Trainer.train_in_epoch at 0x7fac050aee60>
    └ <yolox.core.trainer.Trainer object at 0x7fac05039990>

  File "/data/happyhoo97/repos/YOLOX/yolox/core/trainer.py", line 86, in train_in_epoch
    self.after_epoch()
    │    └ <function Trainer.after_epoch at 0x7fac05033710>
    └ <yolox.core.trainer.Trainer object at 0x7fac05039990>

  File "/data/happyhoo97/repos/YOLOX/yolox/core/trainer.py", line 222, in after_epoch
    self.evaluate_and_save_model()
    │    └ <function Trainer.evaluate_and_save_model at 0x7fac050339e0>
    └ <yolox.core.trainer.Trainer object at 0x7fac05039990>

  File "/data/happyhoo97/repos/YOLOX/yolox/core/trainer.py", line 329, in evaluate_and_save_model
    evalmodel, self.evaluator, self.is_distributed, return_outputs=True
    │          │    │          │    └ False
    │          │    │          └ <yolox.core.trainer.Trainer object at 0x7fac05039990>
    │          │    └ <yolox.evaluators.coco_evaluator.COCOEvaluator object at 0x7fac3aae4490>
    │          └ <yolox.core.trainer.Trainer object at 0x7fac05039990>
    └ YOLOX(
        (backbone): YOLOPAFPN(
          (backbone): CSPDarknet(
            (stem): Focus(
              (conv): BaseConv(
                (conv): ...

  File "/data/happyhoo97/repos/YOLOX/yolox/exp/yolox_base.py", line 322, in eval
    return evaluator.evaluate(model, is_distributed, half, return_outputs=return_outputs)
           │         │        │      │               │                    └ True
           │         │        │      │               └ False
           │         │        │      └ False
           │         │        └ YOLOX(
           │         │            (backbone): YOLOPAFPN(
           │         │              (backbone): CSPDarknet(
           │         │                (stem): Focus(
           │         │                  (conv): BaseConv(
           │         │                    (conv): ...
           │         └ <function COCOEvaluator.evaluate at 0x7fac050a7ef0>
           └ <yolox.evaluators.coco_evaluator.COCOEvaluator object at 0x7fac3aae4490>

  File "/data/happyhoo97/repos/YOLOX/yolox/evaluators/coco_evaluator.py", line 185, in evaluate
    outputs, info_imgs, ids, return_outputs=True)
    │        │          └ tensor([[513],
    │        │                    [514],
    │        │                    [515],
    │        │                    [516],
    │        │                    [517],
    │        │                    [518],
    │        │                    [519],
    │        │                    [520],
    │        │                 ...
    │        └ [tensor([765, 765, 765, 765, 765, 765, 540, 765, 765, 765, 540, 765, 765, 540,
    │                  765, 765, 540, 765, 540, 765, 765, 765...
    └ [tensor([[ 1.9373e+02,  1.2808e+02,  2.3292e+02,  1.7995e+02,  9.4530e-01,
                8.8599e-01,  3.0000e+00],
              [ 2.44...

  File "/data/happyhoo97/repos/YOLOX/yolox/evaluators/coco_evaluator.py", line 230, in convert_to_coco_format
    for ind in range(bboxes.shape[0])
        │            │      └ <attribute 'shape' of 'torch._C._TensorBase' objects>
        │            └ tensor([[ 7.3506e+02,  1.5961e+02,  1.1012e+03,  5.4934e+02],
        │                      [ 4.3106e+02, -4.2541e+00,  7.1846e+02,  2.4245e+02],
        │               ...
        └ 280

  File "/data/happyhoo97/repos/YOLOX/yolox/evaluators/coco_evaluator.py", line 230, in <listcomp>
    for ind in range(bboxes.shape[0])
        └ 11

IndexError: list index out of range
  0%|          | 0/9 [00:00<?, ?it/s] 11%|#1        | 1/9 [00:03<00:24,  3.05s/it] 22%|##2       | 2/9 [00:05<00:17,  2.46s/it] 33%|###3      | 3/9 [00:07<00:13,  2.21s/it] 44%|####4     | 4/9 [00:08<00:10,  2.07s/it] 56%|#####5    | 5/9 [00:10<00:08,  2.01s/it] 67%|######6   | 6/9 [00:12<00:06,  2.00s/it] 78%|#######7  | 7/9 [00:15<00:04,  2.15s/it] 89%|########8 | 8/9 [00:17<00:02,  2.09s/it] 89%|########8 | 8/9 [00:18<00:02,  2.27s/it]
done
