20221202-133847
0.09865689277648926
898509
12
YOLOPAFPN_prune(
  (backbone): CSPDarknet_prune(
    (stem): Focus(
      (conv): BaseConv(
        (conv): Conv2d(12, 9, kernel_size=(3, 3), stride=(1, 1), padding=(1, 1), bias=False)
        (bn): BatchNorm2d(9, eps=1e-05, momentum=0.1, affine=True, track_running_stats=True)
        (act): SiLU(inplace=True)
      )
    )
    (dark2): Sequential(
      (0): DWConv(
        (dconv): BaseConv(
          (conv): Conv2d(9, 9, kernel_size=(3, 3), stride=(2, 2), padding=(1, 1), groups=9, bias=False)
          (bn): BatchNorm2d(9, eps=1e-05, momentum=0.1, affine=True, track_running_stats=True)
          (act): SiLU(inplace=True)
        )
        (pconv): BaseConv(
          (conv): Conv2d(9, 32, kernel_size=(1, 1), stride=(1, 1), bias=False)
          (bn): BatchNorm2d(32, eps=1e-05, momentum=0.1, affine=True, track_running_stats=True)
          (act): SiLU(inplace=True)
        )
      )
      (1): CSPLayer_prune(
        (conv1): BaseConv(
          (conv): Conv2d(32, 12, kernel_size=(1, 1), stride=(1, 1), bias=False)
          (bn): BatchNorm2d(12, eps=1e-05, momentum=0.1, affine=True, track_running_stats=True)
          (act): SiLU(inplace=True)
        )
        (conv2): BaseConv(
          (conv): Conv2d(32, 16, kernel_size=(1, 1), stride=(1, 1), bias=False)
          (bn): BatchNorm2d(16, eps=1e-05, momentum=0.1, affine=True, track_running_stats=True)
          (act): SiLU(inplace=True)
        )
        (conv3): BaseConv(
          (conv): Conv2d(31, 10, kernel_size=(1, 1), stride=(1, 1), bias=False)
          (bn): BatchNorm2d(10, eps=1e-05, momentum=0.1, affine=True, track_running_stats=True)
          (act): SiLU(inplace=True)
        )
        (m): Sequential(
          (0): Bottleneck_prune(
            (conv1): BaseConv(
              (conv): Conv2d(32, 1, kernel_size=(1, 1), stride=(1, 1), bias=False)
              (bn): BatchNorm2d(1, eps=1e-05, momentum=0.1, affine=True, track_running_stats=True)
              (act): SiLU(inplace=True)
            )
            (conv2): DWConv(
              (dconv): BaseConv(
                (conv): Conv2d(1, 1, kernel_size=(3, 3), stride=(1, 1), padding=(1, 1), bias=False)
                (bn): BatchNorm2d(1, eps=1e-05, momentum=0.1, affine=True, track_running_stats=True)
                (act): SiLU(inplace=True)
              )
              (pconv): BaseConv(
                (conv): Conv2d(1, 15, kernel_size=(1, 1), stride=(1, 1), bias=False)
                (bn): BatchNorm2d(15, eps=1e-05, momentum=0.1, affine=True, track_running_stats=True)
                (act): SiLU(inplace=True)
              )
            )
          )
        )
      )
    )
    (dark3): Sequential(
      (0): DWConv(
        (dconv): BaseConv(
          (conv): Conv2d(10, 10, kernel_size=(3, 3), stride=(2, 2), padding=(1, 1), groups=10, bias=False)
          (bn): BatchNorm2d(10, eps=1e-05, momentum=0.1, affine=True, track_running_stats=True)
          (act): SiLU(inplace=True)
        )
        (pconv): BaseConv(
          (conv): Conv2d(10, 64, kernel_size=(1, 1), stride=(1, 1), bias=False)
          (bn): BatchNorm2d(64, eps=1e-05, momentum=0.1, affine=True, track_running_stats=True)
          (act): SiLU(inplace=True)
        )
      )
      (1): CSPLayer_prune(
        (conv1): BaseConv(
          (conv): Conv2d(64, 8, kernel_size=(1, 1), stride=(1, 1), bias=False)
          (bn): BatchNorm2d(8, eps=1e-05, momentum=0.1, affine=True, track_running_stats=True)
          (act): SiLU(inplace=True)
        )
        (conv2): BaseConv(
          (conv): Conv2d(64, 30, kernel_size=(1, 1), stride=(1, 1), bias=False)
          (bn): BatchNorm2d(30, eps=1e-05, momentum=0.1, affine=True, track_running_stats=True)
          (act): SiLU(inplace=True)
        )
        (conv3): BaseConv(
          (conv): Conv2d(53, 39, kernel_size=(1, 1), stride=(1, 1), bias=False)
          (bn): BatchNorm2d(39, eps=1e-05, momentum=0.1, affine=True, track_running_stats=True)
          (act): SiLU(inplace=True)
        )
        (m): Sequential(
          (0): Bottleneck_prune(
            (conv1): BaseConv(
              (conv): Conv2d(64, 6, kernel_size=(1, 1), stride=(1, 1), bias=False)
              (bn): BatchNorm2d(6, eps=1e-05, momentum=0.1, affine=True, track_running_stats=True)
              (act): SiLU(inplace=True)
            )
            (conv2): DWConv(
              (dconv): BaseConv(
                (conv): Conv2d(6, 6, kernel_size=(3, 3), stride=(1, 1), padding=(1, 1), groups=6, bias=False)
                (bn): BatchNorm2d(6, eps=1e-05, momentum=0.1, affine=True, track_running_stats=True)
                (act): SiLU(inplace=True)
              )
              (pconv): BaseConv(
                (conv): Conv2d(6, 21, kernel_size=(1, 1), stride=(1, 1), bias=False)
                (bn): BatchNorm2d(21, eps=1e-05, momentum=0.1, affine=True, track_running_stats=True)
                (act): SiLU(inplace=True)
              )
            )
          )
          (1): Bottleneck_prune(
            (conv1): BaseConv(
              (conv): Conv2d(21, 11, kernel_size=(1, 1), stride=(1, 1), bias=False)
              (bn): BatchNorm2d(11, eps=1e-05, momentum=0.1, affine=True, track_running_stats=True)
              (act): SiLU(inplace=True)
            )
            (conv2): DWConv(
              (dconv): BaseConv(
                (conv): Conv2d(11, 11, kernel_size=(3, 3), stride=(1, 1), padding=(1, 1), groups=11, bias=False)
                (bn): BatchNorm2d(11, eps=1e-05, momentum=0.1, affine=True, track_running_stats=True)
                (act): SiLU(inplace=True)
              )
              (pconv): BaseConv(
                (conv): Conv2d(11, 25, kernel_size=(1, 1), stride=(1, 1), bias=False)
                (bn): BatchNorm2d(25, eps=1e-05, momentum=0.1, affine=True, track_running_stats=True)
                (act): SiLU(inplace=True)
              )
            )
          )
          (2): Bottleneck_prune(
            (conv1): BaseConv(
              (conv): Conv2d(25, 15, kernel_size=(1, 1), stride=(1, 1), bias=False)
              (bn): BatchNorm2d(15, eps=1e-05, momentum=0.1, affine=True, track_running_stats=True)
              (act): SiLU(inplace=True)
            )
            (conv2): DWConv(
              (dconv): BaseConv(
                (conv): Conv2d(15, 15, kernel_size=(3, 3), stride=(1, 1), padding=(1, 1), groups=15, bias=False)
                (bn): BatchNorm2d(15, eps=1e-05, momentum=0.1, affine=True, track_running_stats=True)
                (act): SiLU(inplace=True)
              )
              (pconv): BaseConv(
                (conv): Conv2d(15, 23, kernel_size=(1, 1), stride=(1, 1), bias=False)
                (bn): BatchNorm2d(23, eps=1e-05, momentum=0.1, affine=True, track_running_stats=True)
                (act): SiLU(inplace=True)
              )
            )
          )
        )
      )
    )
    (dark4): Sequential(
      (0): DWConv(
        (dconv): BaseConv(
          (conv): Conv2d(39, 39, kernel_size=(3, 3), stride=(2, 2), padding=(1, 1), groups=39, bias=False)
          (bn): BatchNorm2d(39, eps=1e-05, momentum=0.1, affine=True, track_running_stats=True)
          (act): SiLU(inplace=True)
        )
        (pconv): BaseConv(
          (conv): Conv2d(39, 123, kernel_size=(1, 1), stride=(1, 1), bias=False)
          (bn): BatchNorm2d(123, eps=1e-05, momentum=0.1, affine=True, track_running_stats=True)
          (act): SiLU(inplace=True)
        )
      )
      (1): CSPLayer_prune(
        (conv1): BaseConv(
          (conv): Conv2d(123, 16, kernel_size=(1, 1), stride=(1, 1), bias=False)
          (bn): BatchNorm2d(16, eps=1e-05, momentum=0.1, affine=True, track_running_stats=True)
          (act): SiLU(inplace=True)
        )
        (conv2): BaseConv(
          (conv): Conv2d(123, 64, kernel_size=(1, 1), stride=(1, 1), bias=False)
          (bn): BatchNorm2d(64, eps=1e-05, momentum=0.1, affine=True, track_running_stats=True)
          (act): SiLU(inplace=True)
        )
        (conv3): BaseConv(
          (conv): Conv2d(125, 108, kernel_size=(1, 1), stride=(1, 1), bias=False)
          (bn): BatchNorm2d(108, eps=1e-05, momentum=0.1, affine=True, track_running_stats=True)
          (act): SiLU(inplace=True)
        )
        (m): Sequential(
          (0): Bottleneck_prune(
            (conv1): BaseConv(
              (conv): Conv2d(123, 13, kernel_size=(1, 1), stride=(1, 1), bias=False)
              (bn): BatchNorm2d(13, eps=1e-05, momentum=0.1, affine=True, track_running_stats=True)
              (act): SiLU(inplace=True)
            )
            (conv2): DWConv(
              (dconv): BaseConv(
                (conv): Conv2d(13, 13, kernel_size=(3, 3), stride=(1, 1), padding=(1, 1), groups=13, bias=False)
                (bn): BatchNorm2d(13, eps=1e-05, momentum=0.1, affine=True, track_running_stats=True)
                (act): SiLU(inplace=True)
              )
              (pconv): BaseConv(
                (conv): Conv2d(13, 33, kernel_size=(1, 1), stride=(1, 1), bias=False)
                (bn): BatchNorm2d(33, eps=1e-05, momentum=0.1, affine=True, track_running_stats=True)
                (act): SiLU(inplace=True)
              )
            )
          )
          (1): Bottleneck_prune(
            (conv1): BaseConv(
              (conv): Conv2d(33, 38, kernel_size=(1, 1), stride=(1, 1), bias=False)
              (bn): BatchNorm2d(38, eps=1e-05, momentum=0.1, affine=True, track_running_stats=True)
              (act): SiLU(inplace=True)
            )
            (conv2): DWConv(
              (dconv): BaseConv(
                (conv): Conv2d(38, 38, kernel_size=(3, 3), stride=(1, 1), padding=(1, 1), groups=38, bias=False)
                (bn): BatchNorm2d(38, eps=1e-05, momentum=0.1, affine=True, track_running_stats=True)
                (act): SiLU(inplace=True)
              )
              (pconv): BaseConv(
                (conv): Conv2d(38, 44, kernel_size=(1, 1), stride=(1, 1), bias=False)
                (bn): BatchNorm2d(44, eps=1e-05, momentum=0.1, affine=True, track_running_stats=True)
                (act): SiLU(inplace=True)
              )
            )
          )
          (2): Bottleneck_prune(
            (conv1): BaseConv(
              (conv): Conv2d(44, 42, kernel_size=(1, 1), stride=(1, 1), bias=False)
              (bn): BatchNorm2d(42, eps=1e-05, momentum=0.1, affine=True, track_running_stats=True)
              (act): SiLU(inplace=True)
            )
            (conv2): DWConv(
              (dconv): BaseConv(
                (conv): Conv2d(42, 42, kernel_size=(3, 3), stride=(1, 1), padding=(1, 1), groups=42, bias=False)
                (bn): BatchNorm2d(42, eps=1e-05, momentum=0.1, affine=True, track_running_stats=True)
                (act): SiLU(inplace=True)
              )
              (pconv): BaseConv(
                (conv): Conv2d(42, 61, kernel_size=(1, 1), stride=(1, 1), bias=False)
                (bn): BatchNorm2d(61, eps=1e-05, momentum=0.1, affine=True, track_running_stats=True)
                (act): SiLU(inplace=True)
              )
            )
          )
        )
      )
    )
    (dark5): Sequential(
      (0): DWConv(
        (dconv): BaseConv(
          (conv): Conv2d(108, 108, kernel_size=(3, 3), stride=(2, 2), padding=(1, 1), groups=108, bias=False)
          (bn): BatchNorm2d(108, eps=1e-05, momentum=0.1, affine=True, track_running_stats=True)
          (act): SiLU(inplace=True)
        )
        (pconv): BaseConv(
          (conv): Conv2d(108, 256, kernel_size=(1, 1), stride=(1, 1), bias=False)
          (bn): BatchNorm2d(256, eps=1e-05, momentum=0.1, affine=True, track_running_stats=True)
          (act): SiLU(inplace=True)
        )
      )
      (1): SPPBottleneck_prune(
        (conv1): BaseConv(
          (conv): Conv2d(256, 127, kernel_size=(1, 1), stride=(1, 1), bias=False)
          (bn): BatchNorm2d(127, eps=1e-05, momentum=0.1, affine=True, track_running_stats=True)
          (act): SiLU(inplace=True)
        )
        (m): ModuleList(
          (0): MaxPool2d(kernel_size=5, stride=1, padding=2, dilation=1, ceil_mode=False)
          (1): MaxPool2d(kernel_size=9, stride=1, padding=4, dilation=1, ceil_mode=False)
          (2): MaxPool2d(kernel_size=13, stride=1, padding=6, dilation=1, ceil_mode=False)
        )
        (conv2): BaseConv(
          (conv): Conv2d(508, 234, kernel_size=(1, 1), stride=(1, 1), bias=False)
          (bn): BatchNorm2d(234, eps=1e-05, momentum=0.1, affine=True, track_running_stats=True)
          (act): SiLU(inplace=True)
        )
      )
      (2): CSPLayer_prune(
        (conv1): BaseConv(
          (conv): Conv2d(234, 128, kernel_size=(1, 1), stride=(1, 1), bias=False)
          (bn): BatchNorm2d(128, eps=1e-05, momentum=0.1, affine=True, track_running_stats=True)
          (act): SiLU(inplace=True)
        )
        (conv2): BaseConv(
          (conv): Conv2d(234, 128, kernel_size=(1, 1), stride=(1, 1), bias=False)
          (bn): BatchNorm2d(128, eps=1e-05, momentum=0.1, affine=True, track_running_stats=True)
          (act): SiLU(inplace=True)
        )
        (conv3): BaseConv(
          (conv): Conv2d(256, 254, kernel_size=(1, 1), stride=(1, 1), bias=False)
          (bn): BatchNorm2d(254, eps=1e-05, momentum=0.1, affine=True, track_running_stats=True)
          (act): SiLU(inplace=True)
        )
        (m): Sequential(
          (0): Bottleneck_prune(
            (conv1): BaseConv(
              (conv): Conv2d(256, 71, kernel_size=(1, 1), stride=(1, 1), bias=False)
              (bn): BatchNorm2d(71, eps=1e-05, momentum=0.1, affine=True, track_running_stats=True)
              (act): SiLU(inplace=True)
            )
            (conv2): DWConv(
              (dconv): BaseConv(
                (conv): Conv2d(71, 71, kernel_size=(3, 3), stride=(1, 1), padding=(1, 1), groups=71, bias=False)
                (bn): BatchNorm2d(71, eps=1e-05, momentum=0.1, affine=True, track_running_stats=True)
                (act): SiLU(inplace=True)
              )
              (pconv): BaseConv(
                (conv): Conv2d(71, 128, kernel_size=(1, 1), stride=(1, 1), bias=False)
                (bn): BatchNorm2d(128, eps=1e-05, momentum=0.1, affine=True, track_running_stats=True)
                (act): SiLU(inplace=True)
              )
            )
          )
        )
      )
    )
  )
  (upsample): Upsample(scale_factor=2.0, mode=nearest)
  (lateral_conv0): BaseConv(
    (conv): Conv2d(234, 126, kernel_size=(1, 1), stride=(1, 1), bias=False)
    (bn): BatchNorm2d(126, eps=1e-05, momentum=0.1, affine=True, track_running_stats=True)
    (act): SiLU(inplace=True)
  )
  (C3_p4): CSPLayer_prune(
    (conv1): BaseConv(
      (conv): Conv2d(234, 59, kernel_size=(1, 1), stride=(1, 1), bias=False)
      (bn): BatchNorm2d(59, eps=1e-05, momentum=0.1, affine=True, track_running_stats=True)
      (act): SiLU(inplace=True)
    )
    (conv2): BaseConv(
      (conv): Conv2d(234, 62, kernel_size=(1, 1), stride=(1, 1), bias=False)
      (bn): BatchNorm2d(62, eps=1e-05, momentum=0.1, affine=True, track_running_stats=True)
      (act): SiLU(inplace=True)
    )
    (conv3): BaseConv(
      (conv): Conv2d(126, 121, kernel_size=(1, 1), stride=(1, 1), bias=False)
      (bn): BatchNorm2d(121, eps=1e-05, momentum=0.1, affine=True, track_running_stats=True)
      (act): SiLU(inplace=True)
    )
    (m): Sequential(
      (0): Bottleneck_prune(
        (conv1): BaseConv(
          (conv): Conv2d(234, 40, kernel_size=(1, 1), stride=(1, 1), bias=False)
          (bn): BatchNorm2d(40, eps=1e-05, momentum=0.1, affine=True, track_running_stats=True)
          (act): SiLU(inplace=True)
        )
        (conv2): DWConv(
          (dconv): BaseConv(
            (conv): Conv2d(40, 40, kernel_size=(3, 3), stride=(1, 1), padding=(1, 1), groups=40, bias=False)
            (bn): BatchNorm2d(40, eps=1e-05, momentum=0.1, affine=True, track_running_stats=True)
            (act): SiLU(inplace=True)
          )
          (pconv): BaseConv(
            (conv): Conv2d(40, 64, kernel_size=(1, 1), stride=(1, 1), bias=False)
            (bn): BatchNorm2d(64, eps=1e-05, momentum=0.1, affine=True, track_running_stats=True)
            (act): SiLU(inplace=True)
          )
        )
      )
    )
  )
  (reduce_conv1): BaseConv(
    (conv): Conv2d(64, 54, kernel_size=(1, 1), stride=(1, 1), bias=False)
    (bn): BatchNorm2d(54, eps=1e-05, momentum=0.1, affine=True, track_running_stats=True)
    (act): SiLU(inplace=True)
  )
  (C3_p3): CSPLayer_prune(
    (conv1): BaseConv(
      (conv): Conv2d(93, 18, kernel_size=(1, 1), stride=(1, 1), bias=False)
      (bn): BatchNorm2d(18, eps=1e-05, momentum=0.1, affine=True, track_running_stats=True)
      (act): SiLU(inplace=True)
    )
    (conv2): BaseConv(
      (conv): Conv2d(93, 15, kernel_size=(1, 1), stride=(1, 1), bias=False)
      (bn): BatchNorm2d(15, eps=1e-05, momentum=0.1, affine=True, track_running_stats=True)
      (act): SiLU(inplace=True)
    )
    (conv3): BaseConv(
      (conv): Conv2d(45, 28, kernel_size=(1, 1), stride=(1, 1), bias=False)
      (bn): BatchNorm2d(28, eps=1e-05, momentum=0.1, affine=True, track_running_stats=True)
      (act): SiLU(inplace=True)
    )
    (m): Sequential(
      (0): Bottleneck_prune(
        (conv1): BaseConv(
          (conv): Conv2d(93, 11, kernel_size=(1, 1), stride=(1, 1), bias=False)
          (bn): BatchNorm2d(11, eps=1e-05, momentum=0.1, affine=True, track_running_stats=True)
          (act): SiLU(inplace=True)
        )
        (conv2): DWConv(
          (dconv): BaseConv(
            (conv): Conv2d(11, 11, kernel_size=(3, 3), stride=(1, 1), padding=(1, 1), groups=11, bias=False)
            (bn): BatchNorm2d(11, eps=1e-05, momentum=0.1, affine=True, track_running_stats=True)
            (act): SiLU(inplace=True)
          )
          (pconv): BaseConv(
            (conv): Conv2d(11, 30, kernel_size=(1, 1), stride=(1, 1), bias=False)
            (bn): BatchNorm2d(30, eps=1e-05, momentum=0.1, affine=True, track_running_stats=True)
            (act): SiLU(inplace=True)
          )
        )
      )
    )
  )
  (bu_conv2): DWConv(
    (dconv): BaseConv(
      (conv): Conv2d(30, 30, kernel_size=(3, 3), stride=(2, 2), padding=(1, 1), groups=30, bias=False)
      (bn): BatchNorm2d(30, eps=1e-05, momentum=0.1, affine=True, track_running_stats=True)
      (act): SiLU(inplace=True)
    )
    (pconv): BaseConv(
      (conv): Conv2d(30, 64, kernel_size=(1, 1), stride=(1, 1), bias=False)
      (bn): BatchNorm2d(64, eps=1e-05, momentum=0.1, affine=True, track_running_stats=True)
      (act): SiLU(inplace=True)
    )
  )
  (C3_n3): CSPLayer_prune(
    (conv1): BaseConv(
      (conv): Conv2d(118, 64, kernel_size=(1, 1), stride=(1, 1), bias=False)
      (bn): BatchNorm2d(64, eps=1e-05, momentum=0.1, affine=True, track_running_stats=True)
      (act): SiLU(inplace=True)
    )
    (conv2): BaseConv(
      (conv): Conv2d(118, 62, kernel_size=(1, 1), stride=(1, 1), bias=False)
      (bn): BatchNorm2d(62, eps=1e-05, momentum=0.1, affine=True, track_running_stats=True)
      (act): SiLU(inplace=True)
    )
    (conv3): BaseConv(
      (conv): Conv2d(126, 116, kernel_size=(1, 1), stride=(1, 1), bias=False)
      (bn): BatchNorm2d(116, eps=1e-05, momentum=0.1, affine=True, track_running_stats=True)
      (act): SiLU(inplace=True)
    )
    (m): Sequential(
      (0): Bottleneck_prune(
        (conv1): BaseConv(
          (conv): Conv2d(118, 34, kernel_size=(1, 1), stride=(1, 1), bias=False)
          (bn): BatchNorm2d(34, eps=1e-05, momentum=0.1, affine=True, track_running_stats=True)
          (act): SiLU(inplace=True)
        )
        (conv2): DWConv(
          (dconv): BaseConv(
            (conv): Conv2d(34, 34, kernel_size=(3, 3), stride=(1, 1), padding=(1, 1), groups=34, bias=False)
            (bn): BatchNorm2d(34, eps=1e-05, momentum=0.1, affine=True, track_running_stats=True)
            (act): SiLU(inplace=True)
          )
          (pconv): BaseConv(
            (conv): Conv2d(34, 64, kernel_size=(1, 1), stride=(1, 1), bias=False)
            (bn): BatchNorm2d(64, eps=1e-05, momentum=0.1, affine=True, track_running_stats=True)
            (act): SiLU(inplace=True)
          )
        )
      )
    )
  )
  (bu_conv1): DWConv(
    (dconv): BaseConv(
      (conv): Conv2d(64, 64, kernel_size=(3, 3), stride=(2, 2), padding=(1, 1), groups=64, bias=False)
      (bn): BatchNorm2d(64, eps=1e-05, momentum=0.1, affine=True, track_running_stats=True)
      (act): SiLU(inplace=True)
    )
    (pconv): BaseConv(
      (conv): Conv2d(64, 128, kernel_size=(1, 1), stride=(1, 1), bias=False)
      (bn): BatchNorm2d(128, eps=1e-05, momentum=0.1, affine=True, track_running_stats=True)
      (act): SiLU(inplace=True)
    )
  )
  (C3_n4): CSPLayer_prune(
    (conv1): BaseConv(
      (conv): Conv2d(190, 128, kernel_size=(1, 1), stride=(1, 1), bias=False)
      (bn): BatchNorm2d(128, eps=1e-05, momentum=0.1, affine=True, track_running_stats=True)
      (act): SiLU(inplace=True)
    )
    (conv2): BaseConv(
      (conv): Conv2d(190, 128, kernel_size=(1, 1), stride=(1, 1), bias=False)
      (bn): BatchNorm2d(128, eps=1e-05, momentum=0.1, affine=True, track_running_stats=True)
      (act): SiLU(inplace=True)
    )
    (conv3): BaseConv(
      (conv): Conv2d(256, 256, kernel_size=(1, 1), stride=(1, 1), bias=False)
      (bn): BatchNorm2d(256, eps=1e-05, momentum=0.1, affine=True, track_running_stats=True)
      (act): SiLU(inplace=True)
    )
    (m): Sequential(
      (0): Bottleneck_prune(
        (conv1): BaseConv(
          (conv): Conv2d(190, 125, kernel_size=(1, 1), stride=(1, 1), bias=False)
          (bn): BatchNorm2d(125, eps=1e-05, momentum=0.1, affine=True, track_running_stats=True)
          (act): SiLU(inplace=True)
        )
        (conv2): DWConv(
          (dconv): BaseConv(
            (conv): Conv2d(125, 125, kernel_size=(3, 3), stride=(1, 1), padding=(1, 1), groups=125, bias=False)
            (bn): BatchNorm2d(125, eps=1e-05, momentum=0.1, affine=True, track_running_stats=True)
            (act): SiLU(inplace=True)
          )
          (pconv): BaseConv(
            (conv): Conv2d(125, 128, kernel_size=(1, 1), stride=(1, 1), bias=False)
            (bn): BatchNorm2d(128, eps=1e-05, momentum=0.1, affine=True, track_running_stats=True)
            (act): SiLU(inplace=True)
          )
        )
      )
    )
  )
)
Traceback (most recent call last):
  File "prun_train/prune.py", line 249, in <module>
    main(exp,args)
  File "prun_train/prune.py", line 222, in main
    compact_model_out = pruned_model(dummy_input)
  File "/data/happyhoo97/anaconda3/envs/yolox_env/lib/python3.7/site-packages/torch/nn/modules/module.py", line 1190, in _call_impl
    return forward_call(*input, **kwargs)
  File "/data/happyhoo97/repos/YOLOX/prun_train/prune_model.py", line 665, in forward
    fpn_outs = self.backbone(x)
  File "/data/happyhoo97/anaconda3/envs/yolox_env/lib/python3.7/site-packages/torch/nn/modules/module.py", line 1190, in _call_impl
    return forward_call(*input, **kwargs)
  File "/data/happyhoo97/repos/YOLOX/prun_train/prune_model.py", line 506, in forward
    out_features = self.backbone(input)
  File "/data/happyhoo97/anaconda3/envs/yolox_env/lib/python3.7/site-packages/torch/nn/modules/module.py", line 1190, in _call_impl
    return forward_call(*input, **kwargs)
  File "/data/happyhoo97/repos/YOLOX/prun_train/prune_model.py", line 291, in forward
    x = self.stem(x)
  File "/data/happyhoo97/anaconda3/envs/yolox_env/lib/python3.7/site-packages/torch/nn/modules/module.py", line 1190, in _call_impl
    return forward_call(*input, **kwargs)
  File "/data/happyhoo97/repos/YOLOX/yolox/models/network_blocks.py", line 210, in forward
    return self.conv(x)
  File "/data/happyhoo97/anaconda3/envs/yolox_env/lib/python3.7/site-packages/torch/nn/modules/module.py", line 1190, in _call_impl
    return forward_call(*input, **kwargs)
  File "/data/happyhoo97/repos/YOLOX/yolox/models/network_blocks.py", line 51, in forward
    return self.act(self.bn(self.conv(x)))
  File "/data/happyhoo97/anaconda3/envs/yolox_env/lib/python3.7/site-packages/torch/nn/modules/module.py", line 1190, in _call_impl
    return forward_call(*input, **kwargs)
  File "/data/happyhoo97/anaconda3/envs/yolox_env/lib/python3.7/site-packages/torch/nn/modules/batchnorm.py", line 182, in forward
    self.eps,
  File "/data/happyhoo97/anaconda3/envs/yolox_env/lib/python3.7/site-packages/torch/nn/functional.py", line 2451, in batch_norm
    input, weight, bias, running_mean, running_var, training, momentum, eps, torch.backends.cudnn.enabled
RuntimeError: running_mean should contain 16 elements not 9
done
