20221209-023324
==== Generate pruning schema ====
2022-12-09 02:33:26.098 | INFO     | __main__:<module>:47 - Testing pruning [yolox-s] with ratio [0.6]
2022-12-09 02:33:26.171 | INFO     | __main__:<module>:47 - Testing pruning [yolox-s] with ratio [0.7]
2022-12-09 02:33:26.227 | INFO     | __main__:<module>:47 - Testing pruning [yolox-s] with ratio [0.8]
2022-12-09 02:33:26.281 | INFO     | __main__:<module>:47 - Testing pruning [yolox-s] with ratio [0.9]
==== Sparsity training ====
2022-12-09 02:33:28.138 | ERROR    | yolox.core.launch:launch:98 - An error has been caught in function 'launch', process 'MainProcess' (38341), thread 'MainThread' (139776498132160):
Traceback (most recent call last):

  File "tools/train.py", line 143, in <module>
    args=(exp, args),
          │    └ Namespace(batch_size=64, cache=False, ckpt=None, devices=1, dist_backend='nccl', dist_url=None, exp_file='exps/network_slim/y...
          └ ╒══════════════════════════════════════════╤════════════════════════════╕
            │ keys                                     │ values...

> File "/data/happyhoo97/repos/YOLOX/yolox/core/launch.py", line 98, in launch
    main_func(*args)
    │          └ (╒══════════════════════════════════════════╤════════════════════════════╕
    │            │ keys                                     │ value...
    └ <function main at 0x7f203f828d40>

  File "tools/train.py", line 118, in main
    trainer = exp.get_trainer(args)
              │               └ Namespace(batch_size=64, cache=False, ckpt=None, devices=1, dist_backend='nccl', dist_url=None, exp_file='exps/network_slim/y...
              └ ╒══════════════════════════════════════════╤════════════════════════════╕
                │ keys                                     │ values...

AttributeError: 'Exp' object has no attribute 'get_trainer'
==== Network Slimming ====
2022-12-09 02:33:29.981 | ERROR    | yolox.core.launch:launch:98 - An error has been caught in function 'launch', process 'MainProcess' (38362), thread 'MainThread' (140615241434304):
Traceback (most recent call last):

  File "tools/train.py", line 143, in <module>
    args=(exp, args),
          │    └ Namespace(batch_size=64, cache=False, ckpt='./YOLOX_outputs/yolox_s_slim_sparsity_train/latest_ckpt.pth', devices=1, dist_bac...
          └ ╒══════════════════════════════════════════╤══════════════════════════════════════════════════════════════════════╕
            │ keys   ...

> File "/data/happyhoo97/repos/YOLOX/yolox/core/launch.py", line 98, in launch
    main_func(*args)
    │          └ (╒══════════════════════════════════════════╤══════════════════════════════════════════════════════════════════════╕
    │            │ keys  ...
    └ <function main at 0x7fe38881ad40>

  File "tools/train.py", line 118, in main
    trainer = exp.get_trainer(args)
              │               └ Namespace(batch_size=64, cache=False, ckpt='./YOLOX_outputs/yolox_s_slim_sparsity_train/latest_ckpt.pth', devices=1, dist_bac...
              └ ╒══════════════════════════════════════════╤══════════════════════════════════════════════════════════════════════╕
                │ keys   ...

AttributeError: 'Exp' object has no attribute 'get_trainer'
done
