20221202-031811
0.10286092758178711
898509
{'backbone.backbone.stem.conv.bn': 9, 'backbone.backbone.dark2.0.dconv.bn': 5, 'backbone.backbone.dark2.0.pconv.bn': 32, 'backbone.backbone.dark2.1.conv1.bn': 12, 'backbone.backbone.dark2.1.conv2.bn': 16, 'backbone.backbone.dark2.1.conv3.bn': 10, 'backbone.backbone.dark2.1.m.0.conv1.bn': 1, 'backbone.backbone.dark2.1.m.0.conv2.dconv.bn': 16, 'backbone.backbone.dark2.1.m.0.conv2.pconv.bn': 15, 'backbone.backbone.dark3.0.dconv.bn': 32, 'backbone.backbone.dark3.0.pconv.bn': 64, 'backbone.backbone.dark3.1.conv1.bn': 8, 'backbone.backbone.dark3.1.conv2.bn': 30, 'backbone.backbone.dark3.1.conv3.bn': 39, 'backbone.backbone.dark3.1.m.0.conv1.bn': 6, 'backbone.backbone.dark3.1.m.0.conv2.dconv.bn': 26, 'backbone.backbone.dark3.1.m.0.conv2.pconv.bn': 21, 'backbone.backbone.dark3.1.m.1.conv1.bn': 11, 'backbone.backbone.dark3.1.m.1.conv2.dconv.bn': 22, 'backbone.backbone.dark3.1.m.1.conv2.pconv.bn': 25, 'backbone.backbone.dark3.1.m.2.conv1.bn': 15, 'backbone.backbone.dark3.1.m.2.conv2.dconv.bn': 8, 'backbone.backbone.dark3.1.m.2.conv2.pconv.bn': 23, 'backbone.backbone.dark4.0.dconv.bn': 1, 'backbone.backbone.dark4.0.pconv.bn': 123, 'backbone.backbone.dark4.1.conv1.bn': 16, 'backbone.backbone.dark4.1.conv2.bn': 64, 'backbone.backbone.dark4.1.conv3.bn': 108, 'backbone.backbone.dark4.1.m.0.conv1.bn': 13, 'backbone.backbone.dark4.1.m.0.conv2.dconv.bn': 52, 'backbone.backbone.dark4.1.m.0.conv2.pconv.bn': 33, 'backbone.backbone.dark4.1.m.1.conv1.bn': 38, 'backbone.backbone.dark4.1.m.1.conv2.dconv.bn': 30, 'backbone.backbone.dark4.1.m.1.conv2.pconv.bn': 44, 'backbone.backbone.dark4.1.m.2.conv1.bn': 42, 'backbone.backbone.dark4.1.m.2.conv2.dconv.bn': 7, 'backbone.backbone.dark4.1.m.2.conv2.pconv.bn': 61, 'backbone.backbone.dark5.0.dconv.bn': 11, 'backbone.backbone.dark5.0.pconv.bn': 256, 'backbone.backbone.dark5.1.conv1.bn': 127, 'backbone.backbone.dark5.1.conv2.bn': 234, 'backbone.backbone.dark5.2.conv1.bn': 128, 'backbone.backbone.dark5.2.conv2.bn': 128, 'backbone.backbone.dark5.2.conv3.bn': 254, 'backbone.backbone.dark5.2.m.0.conv1.bn': 71, 'backbone.backbone.dark5.2.m.0.conv2.dconv.bn': 123, 'backbone.backbone.dark5.2.m.0.conv2.pconv.bn': 128, 'backbone.lateral_conv0.bn': 126, 'backbone.C3_p4.conv1.bn': 59, 'backbone.C3_p4.conv2.bn': 62, 'backbone.C3_p4.conv3.bn': 121, 'backbone.C3_p4.m.0.conv1.bn': 40, 'backbone.C3_p4.m.0.conv2.dconv.bn': 26, 'backbone.C3_p4.m.0.conv2.pconv.bn': 64, 'backbone.reduce_conv1.bn': 54, 'backbone.C3_p3.conv1.bn': 18, 'backbone.C3_p3.conv2.bn': 15, 'backbone.C3_p3.conv3.bn': 28, 'backbone.C3_p3.m.0.conv1.bn': 11, 'backbone.C3_p3.m.0.conv2.dconv.bn': 15, 'backbone.C3_p3.m.0.conv2.pconv.bn': 30, 'backbone.bu_conv2.dconv.bn': 9, 'backbone.bu_conv2.pconv.bn': 64, 'backbone.C3_n3.conv1.bn': 64, 'backbone.C3_n3.conv2.bn': 62, 'backbone.C3_n3.conv3.bn': 116, 'backbone.C3_n3.m.0.conv1.bn': 34, 'backbone.C3_n3.m.0.conv2.dconv.bn': 32, 'backbone.C3_n3.m.0.conv2.pconv.bn': 64, 'backbone.bu_conv1.dconv.bn': 102, 'backbone.bu_conv1.pconv.bn': 128, 'backbone.C3_n4.conv1.bn': 128, 'backbone.C3_n4.conv2.bn': 128, 'backbone.C3_n4.conv3.bn': 256, 'backbone.C3_n4.m.0.conv1.bn': 125, 'backbone.C3_n4.m.0.conv2.dconv.bn': 128, 'backbone.C3_n4.m.0.conv2.pconv.bn': 128, 'head.cls_convs.0.0.dconv.bn': 64, 'head.cls_convs.0.0.pconv.bn': 64, 'head.cls_convs.0.1.dconv.bn': 64, 'head.cls_convs.0.1.pconv.bn': 64, 'head.cls_convs.1.0.dconv.bn': 64, 'head.cls_convs.1.0.pconv.bn': 64, 'head.cls_convs.1.1.dconv.bn': 64, 'head.cls_convs.1.1.pconv.bn': 64, 'head.cls_convs.2.0.dconv.bn': 64, 'head.cls_convs.2.0.pconv.bn': 64, 'head.cls_convs.2.1.dconv.bn': 64, 'head.cls_convs.2.1.pconv.bn': 64, 'head.reg_convs.0.0.dconv.bn': 64, 'head.reg_convs.0.0.pconv.bn': 64, 'head.reg_convs.0.1.dconv.bn': 64, 'head.reg_convs.0.1.pconv.bn': 64, 'head.reg_convs.1.0.dconv.bn': 64, 'head.reg_convs.1.0.pconv.bn': 64, 'head.reg_convs.1.1.dconv.bn': 64, 'head.reg_convs.1.1.pconv.bn': 64, 'head.reg_convs.2.0.dconv.bn': 64, 'head.reg_convs.2.0.pconv.bn': 64, 'head.reg_convs.2.1.dconv.bn': 64, 'head.reg_convs.2.1.pconv.bn': 64, 'head.stems.0.bn': 64, 'head.stems.1.bn': 64, 'head.stems.2.bn': 64}
YOLOPAFPN_prune(
  (backbone): CSPDarknet_prune(
    (stem): Focus(
      (conv): BaseConv(
        (conv): Conv2d(12, 9, kernel_size=(3, 3), stride=(1, 1), padding=(1, 1), bias=False)
        (bn): BatchNorm2d(9, eps=1e-05, momentum=0.1, affine=True, track_running_stats=True)
        (act): SiLU(inplace=True)
      )
    )
    (dark2): Sequential(
      (0): DWConv(
        (dconv): BaseConv(
          (conv): Conv2d(9, 9, kernel_size=(3, 3), stride=(2, 2), padding=(1, 1), groups=9, bias=False)
          (bn): BatchNorm2d(9, eps=1e-05, momentum=0.1, affine=True, track_running_stats=True)
          (act): SiLU(inplace=True)
        )
        (pconv): BaseConv(
          (conv): Conv2d(9, 32, kernel_size=(1, 1), stride=(1, 1), bias=False)
          (bn): BatchNorm2d(32, eps=1e-05, momentum=0.1, affine=True, track_running_stats=True)
          (act): SiLU(inplace=True)
        )
      )
      (1): CSPLayer_prune(
        (conv1): BaseConv(
          (conv): Conv2d(32, 12, kernel_size=(1, 1), stride=(1, 1), bias=False)
          (bn): BatchNorm2d(12, eps=1e-05, momentum=0.1, affine=True, track_running_stats=True)
          (act): SiLU(inplace=True)
        )
        (conv2): BaseConv(
          (conv): Conv2d(32, 16, kernel_size=(1, 1), stride=(1, 1), bias=False)
          (bn): BatchNorm2d(16, eps=1e-05, momentum=0.1, affine=True, track_running_stats=True)
          (act): SiLU(inplace=True)
        )
        (conv3): BaseConv(
          (conv): Conv2d(31, 10, kernel_size=(1, 1), stride=(1, 1), bias=False)
          (bn): BatchNorm2d(10, eps=1e-05, momentum=0.1, affine=True, track_running_stats=True)
          (act): SiLU(inplace=True)
        )
        (m): Sequential(
          (0): Bottleneck_prune(
            (conv1): BaseConv(
              (conv): Conv2d(32, 1, kernel_size=(1, 1), stride=(1, 1), bias=False)
              (bn): BatchNorm2d(1, eps=1e-05, momentum=0.1, affine=True, track_running_stats=True)
              (act): SiLU(inplace=True)
            )
            (conv2): DWConv(
              (dconv): BaseConv(
                (conv): Conv2d(1, 1, kernel_size=(3, 3), stride=(1, 1), padding=(1, 1), bias=False)
                (bn): BatchNorm2d(1, eps=1e-05, momentum=0.1, affine=True, track_running_stats=True)
                (act): SiLU(inplace=True)
              )
              (pconv): BaseConv(
                (conv): Conv2d(1, 15, kernel_size=(1, 1), stride=(1, 1), bias=False)
                (bn): BatchNorm2d(15, eps=1e-05, momentum=0.1, affine=True, track_running_stats=True)
                (act): SiLU(inplace=True)
              )
            )
          )
        )
      )
    )
    (dark3): Sequential(
      (0): DWConv(
        (dconv): BaseConv(
          (conv): Conv2d(10, 10, kernel_size=(3, 3), stride=(2, 2), padding=(1, 1), groups=10, bias=False)
          (bn): BatchNorm2d(10, eps=1e-05, momentum=0.1, affine=True, track_running_stats=True)
          (act): SiLU(inplace=True)
        )
        (pconv): BaseConv(
          (conv): Conv2d(10, 64, kernel_size=(1, 1), stride=(1, 1), bias=False)
          (bn): BatchNorm2d(64, eps=1e-05, momentum=0.1, affine=True, track_running_stats=True)
          (act): SiLU(inplace=True)
        )
      )
      (1): CSPLayer_prune(
        (conv1): BaseConv(
          (conv): Conv2d(64, 8, kernel_size=(1, 1), stride=(1, 1), bias=False)
          (bn): BatchNorm2d(8, eps=1e-05, momentum=0.1, affine=True, track_running_stats=True)
          (act): SiLU(inplace=True)
        )
        (conv2): BaseConv(
          (conv): Conv2d(64, 30, kernel_size=(1, 1), stride=(1, 1), bias=False)
          (bn): BatchNorm2d(30, eps=1e-05, momentum=0.1, affine=True, track_running_stats=True)
          (act): SiLU(inplace=True)
        )
        (conv3): BaseConv(
          (conv): Conv2d(53, 39, kernel_size=(1, 1), stride=(1, 1), bias=False)
          (bn): BatchNorm2d(39, eps=1e-05, momentum=0.1, affine=True, track_running_stats=True)
          (act): SiLU(inplace=True)
        )
        (m): Sequential(
          (0): Bottleneck_prune(
            (conv1): BaseConv(
              (conv): Conv2d(64, 6, kernel_size=(1, 1), stride=(1, 1), bias=False)
              (bn): BatchNorm2d(6, eps=1e-05, momentum=0.1, affine=True, track_running_stats=True)
              (act): SiLU(inplace=True)
            )
            (conv2): DWConv(
              (dconv): BaseConv(
                (conv): Conv2d(6, 6, kernel_size=(3, 3), stride=(1, 1), padding=(1, 1), groups=6, bias=False)
                (bn): BatchNorm2d(6, eps=1e-05, momentum=0.1, affine=True, track_running_stats=True)
                (act): SiLU(inplace=True)
              )
              (pconv): BaseConv(
                (conv): Conv2d(6, 21, kernel_size=(1, 1), stride=(1, 1), bias=False)
                (bn): BatchNorm2d(21, eps=1e-05, momentum=0.1, affine=True, track_running_stats=True)
                (act): SiLU(inplace=True)
              )
            )
          )
          (1): Bottleneck_prune(
            (conv1): BaseConv(
              (conv): Conv2d(21, 11, kernel_size=(1, 1), stride=(1, 1), bias=False)
              (bn): BatchNorm2d(11, eps=1e-05, momentum=0.1, affine=True, track_running_stats=True)
              (act): SiLU(inplace=True)
            )
            (conv2): DWConv(
              (dconv): BaseConv(
                (conv): Conv2d(11, 11, kernel_size=(3, 3), stride=(1, 1), padding=(1, 1), groups=11, bias=False)
                (bn): BatchNorm2d(11, eps=1e-05, momentum=0.1, affine=True, track_running_stats=True)
                (act): SiLU(inplace=True)
              )
              (pconv): BaseConv(
                (conv): Conv2d(11, 25, kernel_size=(1, 1), stride=(1, 1), bias=False)
                (bn): BatchNorm2d(25, eps=1e-05, momentum=0.1, affine=True, track_running_stats=True)
                (act): SiLU(inplace=True)
              )
            )
          )
          (2): Bottleneck_prune(
            (conv1): BaseConv(
              (conv): Conv2d(25, 15, kernel_size=(1, 1), stride=(1, 1), bias=False)
              (bn): BatchNorm2d(15, eps=1e-05, momentum=0.1, affine=True, track_running_stats=True)
              (act): SiLU(inplace=True)
            )
            (conv2): DWConv(
              (dconv): BaseConv(
                (conv): Conv2d(15, 15, kernel_size=(3, 3), stride=(1, 1), padding=(1, 1), groups=15, bias=False)
                (bn): BatchNorm2d(15, eps=1e-05, momentum=0.1, affine=True, track_running_stats=True)
                (act): SiLU(inplace=True)
              )
              (pconv): BaseConv(
                (conv): Conv2d(15, 23, kernel_size=(1, 1), stride=(1, 1), bias=False)
                (bn): BatchNorm2d(23, eps=1e-05, momentum=0.1, affine=True, track_running_stats=True)
                (act): SiLU(inplace=True)
              )
            )
          )
        )
      )
    )
    (dark4): Sequential(
      (0): DWConv(
        (dconv): BaseConv(
          (conv): Conv2d(39, 39, kernel_size=(3, 3), stride=(2, 2), padding=(1, 1), groups=39, bias=False)
          (bn): BatchNorm2d(39, eps=1e-05, momentum=0.1, affine=True, track_running_stats=True)
          (act): SiLU(inplace=True)
        )
        (pconv): BaseConv(
          (conv): Conv2d(39, 123, kernel_size=(1, 1), stride=(1, 1), bias=False)
          (bn): BatchNorm2d(123, eps=1e-05, momentum=0.1, affine=True, track_running_stats=True)
          (act): SiLU(inplace=True)
        )
      )
      (1): CSPLayer_prune(
        (conv1): BaseConv(
          (conv): Conv2d(123, 16, kernel_size=(1, 1), stride=(1, 1), bias=False)
          (bn): BatchNorm2d(16, eps=1e-05, momentum=0.1, affine=True, track_running_stats=True)
          (act): SiLU(inplace=True)
        )
        (conv2): BaseConv(
          (conv): Conv2d(123, 64, kernel_size=(1, 1), stride=(1, 1), bias=False)
          (bn): BatchNorm2d(64, eps=1e-05, momentum=0.1, affine=True, track_running_stats=True)
          (act): SiLU(inplace=True)
        )
        (conv3): BaseConv(
          (conv): Conv2d(125, 108, kernel_size=(1, 1), stride=(1, 1), bias=False)
          (bn): BatchNorm2d(108, eps=1e-05, momentum=0.1, affine=True, track_running_stats=True)
          (act): SiLU(inplace=True)
        )
        (m): Sequential(
          (0): Bottleneck_prune(
            (conv1): BaseConv(
              (conv): Conv2d(123, 13, kernel_size=(1, 1), stride=(1, 1), bias=False)
              (bn): BatchNorm2d(13, eps=1e-05, momentum=0.1, affine=True, track_running_stats=True)
              (act): SiLU(inplace=True)
            )
            (conv2): DWConv(
              (dconv): BaseConv(
                (conv): Conv2d(13, 13, kernel_size=(3, 3), stride=(1, 1), padding=(1, 1), groups=13, bias=False)
                (bn): BatchNorm2d(13, eps=1e-05, momentum=0.1, affine=True, track_running_stats=True)
                (act): SiLU(inplace=True)
              )
              (pconv): BaseConv(
                (conv): Conv2d(13, 33, kernel_size=(1, 1), stride=(1, 1), bias=False)
                (bn): BatchNorm2d(33, eps=1e-05, momentum=0.1, affine=True, track_running_stats=True)
                (act): SiLU(inplace=True)
              )
            )
          )
          (1): Bottleneck_prune(
            (conv1): BaseConv(
              (conv): Conv2d(33, 38, kernel_size=(1, 1), stride=(1, 1), bias=False)
              (bn): BatchNorm2d(38, eps=1e-05, momentum=0.1, affine=True, track_running_stats=True)
              (act): SiLU(inplace=True)
            )
            (conv2): DWConv(
              (dconv): BaseConv(
                (conv): Conv2d(38, 38, kernel_size=(3, 3), stride=(1, 1), padding=(1, 1), groups=38, bias=False)
                (bn): BatchNorm2d(38, eps=1e-05, momentum=0.1, affine=True, track_running_stats=True)
                (act): SiLU(inplace=True)
              )
              (pconv): BaseConv(
                (conv): Conv2d(38, 44, kernel_size=(1, 1), stride=(1, 1), bias=False)
                (bn): BatchNorm2d(44, eps=1e-05, momentum=0.1, affine=True, track_running_stats=True)
                (act): SiLU(inplace=True)
              )
            )
          )
          (2): Bottleneck_prune(
            (conv1): BaseConv(
              (conv): Conv2d(44, 42, kernel_size=(1, 1), stride=(1, 1), bias=False)
              (bn): BatchNorm2d(42, eps=1e-05, momentum=0.1, affine=True, track_running_stats=True)
              (act): SiLU(inplace=True)
            )
            (conv2): DWConv(
              (dconv): BaseConv(
                (conv): Conv2d(42, 42, kernel_size=(3, 3), stride=(1, 1), padding=(1, 1), groups=42, bias=False)
                (bn): BatchNorm2d(42, eps=1e-05, momentum=0.1, affine=True, track_running_stats=True)
                (act): SiLU(inplace=True)
              )
              (pconv): BaseConv(
                (conv): Conv2d(42, 61, kernel_size=(1, 1), stride=(1, 1), bias=False)
                (bn): BatchNorm2d(61, eps=1e-05, momentum=0.1, affine=True, track_running_stats=True)
                (act): SiLU(inplace=True)
              )
            )
          )
        )
      )
    )
    (dark5): Sequential(
      (0): DWConv(
        (dconv): BaseConv(
          (conv): Conv2d(108, 108, kernel_size=(3, 3), stride=(2, 2), padding=(1, 1), groups=108, bias=False)
          (bn): BatchNorm2d(108, eps=1e-05, momentum=0.1, affine=True, track_running_stats=True)
          (act): SiLU(inplace=True)
        )
        (pconv): BaseConv(
          (conv): Conv2d(108, 256, kernel_size=(1, 1), stride=(1, 1), bias=False)
          (bn): BatchNorm2d(256, eps=1e-05, momentum=0.1, affine=True, track_running_stats=True)
          (act): SiLU(inplace=True)
        )
      )
      (1): SPPBottleneck_prune(
        (conv1): BaseConv(
          (conv): Conv2d(256, 127, kernel_size=(1, 1), stride=(1, 1), bias=False)
          (bn): BatchNorm2d(127, eps=1e-05, momentum=0.1, affine=True, track_running_stats=True)
          (act): SiLU(inplace=True)
        )
        (m): ModuleList(
          (0): MaxPool2d(kernel_size=5, stride=1, padding=2, dilation=1, ceil_mode=False)
          (1): MaxPool2d(kernel_size=9, stride=1, padding=4, dilation=1, ceil_mode=False)
          (2): MaxPool2d(kernel_size=13, stride=1, padding=6, dilation=1, ceil_mode=False)
        )
        (conv2): BaseConv(
          (conv): Conv2d(508, 234, kernel_size=(1, 1), stride=(1, 1), bias=False)
          (bn): BatchNorm2d(234, eps=1e-05, momentum=0.1, affine=True, track_running_stats=True)
          (act): SiLU(inplace=True)
        )
      )
      (2): CSPLayer_prune(
        (conv1): BaseConv(
          (conv): Conv2d(234, 128, kernel_size=(1, 1), stride=(1, 1), bias=False)
          (bn): BatchNorm2d(128, eps=1e-05, momentum=0.1, affine=True, track_running_stats=True)
          (act): SiLU(inplace=True)
        )
        (conv2): BaseConv(
          (conv): Conv2d(234, 128, kernel_size=(1, 1), stride=(1, 1), bias=False)
          (bn): BatchNorm2d(128, eps=1e-05, momentum=0.1, affine=True, track_running_stats=True)
          (act): SiLU(inplace=True)
        )
        (conv3): BaseConv(
          (conv): Conv2d(256, 254, kernel_size=(1, 1), stride=(1, 1), bias=False)
          (bn): BatchNorm2d(254, eps=1e-05, momentum=0.1, affine=True, track_running_stats=True)
          (act): SiLU(inplace=True)
        )
        (m): Sequential(
          (0): Bottleneck_prune(
            (conv1): BaseConv(
              (conv): Conv2d(256, 71, kernel_size=(1, 1), stride=(1, 1), bias=False)
              (bn): BatchNorm2d(71, eps=1e-05, momentum=0.1, affine=True, track_running_stats=True)
              (act): SiLU(inplace=True)
            )
            (conv2): DWConv(
              (dconv): BaseConv(
                (conv): Conv2d(71, 71, kernel_size=(3, 3), stride=(1, 1), padding=(1, 1), groups=71, bias=False)
                (bn): BatchNorm2d(71, eps=1e-05, momentum=0.1, affine=True, track_running_stats=True)
                (act): SiLU(inplace=True)
              )
              (pconv): BaseConv(
                (conv): Conv2d(71, 128, kernel_size=(1, 1), stride=(1, 1), bias=False)
                (bn): BatchNorm2d(128, eps=1e-05, momentum=0.1, affine=True, track_running_stats=True)
                (act): SiLU(inplace=True)
              )
            )
          )
        )
      )
    )
  )
  (upsample): Upsample(scale_factor=2.0, mode=nearest)
  (lateral_conv0): BaseConv(
    (conv): Conv2d(234, 126, kernel_size=(1, 1), stride=(1, 1), bias=False)
    (bn): BatchNorm2d(126, eps=1e-05, momentum=0.1, affine=True, track_running_stats=True)
    (act): SiLU(inplace=True)
  )
  (C3_p4): CSPLayer_prune(
    (conv1): BaseConv(
      (conv): Conv2d(234, 59, kernel_size=(1, 1), stride=(1, 1), bias=False)
      (bn): BatchNorm2d(59, eps=1e-05, momentum=0.1, affine=True, track_running_stats=True)
      (act): SiLU(inplace=True)
    )
    (conv2): BaseConv(
      (conv): Conv2d(234, 62, kernel_size=(1, 1), stride=(1, 1), bias=False)
      (bn): BatchNorm2d(62, eps=1e-05, momentum=0.1, affine=True, track_running_stats=True)
      (act): SiLU(inplace=True)
    )
    (conv3): BaseConv(
      (conv): Conv2d(126, 121, kernel_size=(1, 1), stride=(1, 1), bias=False)
      (bn): BatchNorm2d(121, eps=1e-05, momentum=0.1, affine=True, track_running_stats=True)
      (act): SiLU(inplace=True)
    )
    (m): Sequential()
  )
  (reduce_conv1): BaseConv(
    (conv): Conv2d(64, 54, kernel_size=(1, 1), stride=(1, 1), bias=False)
    (bn): BatchNorm2d(54, eps=1e-05, momentum=0.1, affine=True, track_running_stats=True)
    (act): SiLU(inplace=True)
  )
  (C3_p3): CSPLayer_prune(
    (conv1): BaseConv(
      (conv): Conv2d(93, 18, kernel_size=(1, 1), stride=(1, 1), bias=False)
      (bn): BatchNorm2d(18, eps=1e-05, momentum=0.1, affine=True, track_running_stats=True)
      (act): SiLU(inplace=True)
    )
    (conv2): BaseConv(
      (conv): Conv2d(93, 15, kernel_size=(1, 1), stride=(1, 1), bias=False)
      (bn): BatchNorm2d(15, eps=1e-05, momentum=0.1, affine=True, track_running_stats=True)
      (act): SiLU(inplace=True)
    )
    (conv3): BaseConv(
      (conv): Conv2d(45, 28, kernel_size=(1, 1), stride=(1, 1), bias=False)
      (bn): BatchNorm2d(28, eps=1e-05, momentum=0.1, affine=True, track_running_stats=True)
      (act): SiLU(inplace=True)
    )
    (m): Sequential()
  )
  (bu_conv2): DWConv(
    (dconv): BaseConv(
      (conv): Conv2d(30, 30, kernel_size=(3, 3), stride=(2, 2), padding=(1, 1), groups=30, bias=False)
      (bn): BatchNorm2d(30, eps=1e-05, momentum=0.1, affine=True, track_running_stats=True)
      (act): SiLU(inplace=True)
    )
    (pconv): BaseConv(
      (conv): Conv2d(30, 64, kernel_size=(1, 1), stride=(1, 1), bias=False)
      (bn): BatchNorm2d(64, eps=1e-05, momentum=0.1, affine=True, track_running_stats=True)
      (act): SiLU(inplace=True)
    )
  )
  (C3_n3): CSPLayer_prune(
    (conv1): BaseConv(
      (conv): Conv2d(118, 64, kernel_size=(1, 1), stride=(1, 1), bias=False)
      (bn): BatchNorm2d(64, eps=1e-05, momentum=0.1, affine=True, track_running_stats=True)
      (act): SiLU(inplace=True)
    )
    (conv2): BaseConv(
      (conv): Conv2d(118, 62, kernel_size=(1, 1), stride=(1, 1), bias=False)
      (bn): BatchNorm2d(62, eps=1e-05, momentum=0.1, affine=True, track_running_stats=True)
      (act): SiLU(inplace=True)
    )
    (conv3): BaseConv(
      (conv): Conv2d(126, 116, kernel_size=(1, 1), stride=(1, 1), bias=False)
      (bn): BatchNorm2d(116, eps=1e-05, momentum=0.1, affine=True, track_running_stats=True)
      (act): SiLU(inplace=True)
    )
    (m): Sequential()
  )
  (bu_conv1): DWConv(
    (dconv): BaseConv(
      (conv): Conv2d(64, 64, kernel_size=(3, 3), stride=(2, 2), padding=(1, 1), groups=64, bias=False)
      (bn): BatchNorm2d(64, eps=1e-05, momentum=0.1, affine=True, track_running_stats=True)
      (act): SiLU(inplace=True)
    )
    (pconv): BaseConv(
      (conv): Conv2d(64, 128, kernel_size=(1, 1), stride=(1, 1), bias=False)
      (bn): BatchNorm2d(128, eps=1e-05, momentum=0.1, affine=True, track_running_stats=True)
      (act): SiLU(inplace=True)
    )
  )
  (C3_n4): CSPLayer_prune(
    (conv1): BaseConv(
      (conv): Conv2d(190, 128, kernel_size=(1, 1), stride=(1, 1), bias=False)
      (bn): BatchNorm2d(128, eps=1e-05, momentum=0.1, affine=True, track_running_stats=True)
      (act): SiLU(inplace=True)
    )
    (conv2): BaseConv(
      (conv): Conv2d(190, 128, kernel_size=(1, 1), stride=(1, 1), bias=False)
      (bn): BatchNorm2d(128, eps=1e-05, momentum=0.1, affine=True, track_running_stats=True)
      (act): SiLU(inplace=True)
    )
    (conv3): BaseConv(
      (conv): Conv2d(256, 256, kernel_size=(1, 1), stride=(1, 1), bias=False)
      (bn): BatchNorm2d(256, eps=1e-05, momentum=0.1, affine=True, track_running_stats=True)
      (act): SiLU(inplace=True)
    )
    (m): Sequential()
  )
)
Traceback (most recent call last):
  File "prun_train/prune.py", line 245, in <module>
    main(exp,args)
  File "prun_train/prune.py", line 211, in main
    loose_model, prune_mask_dict, prune_bn_dict, mask_bn_channel_dict)
  File "prun_train/prune.py", line 131, in init_weights_from_loose_model
    w = loose_layer.weight.data[:, in_idx, :, :].clone()
IndexError: index 1 is out of bounds for dimension 0 with size 1
done
