20221209-024107
==== Generate pruning schema ====
2022-12-09 02:41:09.158 | INFO     | __main__:<module>:47 - Testing pruning [yolox-s] with ratio [0.6]
2022-12-09 02:41:09.234 | INFO     | __main__:<module>:47 - Testing pruning [yolox-s] with ratio [0.7]
2022-12-09 02:41:09.289 | INFO     | __main__:<module>:47 - Testing pruning [yolox-s] with ratio [0.8]
2022-12-09 02:41:09.344 | INFO     | __main__:<module>:47 - Testing pruning [yolox-s] with ratio [0.9]
==== Sparsity training ====
2022-12-09 02:41:11 | INFO     | yolox.core.trainer:141 - args: Namespace(batch_size=64, cache=False, ckpt=None, devices=1, dist_backend='nccl', dist_url=None, exp_file='exps/network_slim/yolox_s_slim_train.py', experiment_name='yolox_s_slim_sparsity_train', fp16=False, logger='tensorboard', machine_rank=0, name=None, num_machines=1, occupy=False, opts=['network_slim_sparsity_train_s', '0.0001'], resume=False, start_epoch=None)
2022-12-09 02:41:11 | INFO     | yolox.core.trainer:142 - exp value:
╒══════════════════════════════════════════╤════════════════════════════╕
│ keys                                     │ values                     │
╞══════════════════════════════════════════╪════════════════════════════╡
│ seed                                     │ None                       │
├──────────────────────────────────────────┼────────────────────────────┤
│ output_dir                               │ './YOLOX_outputs'          │
├──────────────────────────────────────────┼────────────────────────────┤
│ print_interval                           │ 10                         │
├──────────────────────────────────────────┼────────────────────────────┤
│ eval_interval                            │ 10                         │
├──────────────────────────────────────────┼────────────────────────────┤
│ num_classes                              │ 10                         │
├──────────────────────────────────────────┼────────────────────────────┤
│ depth                                    │ 0.33                       │
├──────────────────────────────────────────┼────────────────────────────┤
│ width                                    │ 0.5                        │
├──────────────────────────────────────────┼────────────────────────────┤
│ act                                      │ 'silu'                     │
├──────────────────────────────────────────┼────────────────────────────┤
│ data_num_workers                         │ 4                          │
├──────────────────────────────────────────┼────────────────────────────┤
│ input_size                               │ (640, 640)                 │
├──────────────────────────────────────────┼────────────────────────────┤
│ multiscale_range                         │ 5                          │
├──────────────────────────────────────────┼────────────────────────────┤
│ data_dir                                 │ '/local_datasets/VisDrone' │
├──────────────────────────────────────────┼────────────────────────────┤
│ train_ann                                │ 'train2017.json'           │
├──────────────────────────────────────────┼────────────────────────────┤
│ val_ann                                  │ 'val2017.json'             │
├──────────────────────────────────────────┼────────────────────────────┤
│ mosaic_prob                              │ 1.0                        │
├──────────────────────────────────────────┼────────────────────────────┤
│ mixup_prob                               │ 1.0                        │
├──────────────────────────────────────────┼────────────────────────────┤
│ hsv_prob                                 │ 1.0                        │
├──────────────────────────────────────────┼────────────────────────────┤
│ flip_prob                                │ 0.5                        │
├──────────────────────────────────────────┼────────────────────────────┤
│ degrees                                  │ 10.0                       │
├──────────────────────────────────────────┼────────────────────────────┤
│ translate                                │ 0.1                        │
├──────────────────────────────────────────┼────────────────────────────┤
│ mosaic_scale                             │ (0.1, 2)                   │
├──────────────────────────────────────────┼────────────────────────────┤
│ mixup_scale                              │ (0.5, 1.5)                 │
├──────────────────────────────────────────┼────────────────────────────┤
│ shear                                    │ 2.0                        │
├──────────────────────────────────────────┼────────────────────────────┤
│ enable_mixup                             │ True                       │
├──────────────────────────────────────────┼────────────────────────────┤
│ warmup_epochs                            │ 5                          │
├──────────────────────────────────────────┼────────────────────────────┤
│ max_epoch                                │ 120                        │
├──────────────────────────────────────────┼────────────────────────────┤
│ warmup_lr                                │ 0                          │
├──────────────────────────────────────────┼────────────────────────────┤
│ basic_lr_per_img                         │ 0.00015625                 │
├──────────────────────────────────────────┼────────────────────────────┤
│ scheduler                                │ 'yoloxwarmcos'             │
├──────────────────────────────────────────┼────────────────────────────┤
│ no_aug_epochs                            │ 15                         │
├──────────────────────────────────────────┼────────────────────────────┤
│ min_lr_ratio                             │ 0.05                       │
├──────────────────────────────────────────┼────────────────────────────┤
│ ema                                      │ True                       │
├──────────────────────────────────────────┼────────────────────────────┤
│ weight_decay                             │ 0.0005                     │
├──────────────────────────────────────────┼────────────────────────────┤
│ momentum                                 │ 0.9                        │
├──────────────────────────────────────────┼────────────────────────────┤
│ exp_name                                 │ 'yolox_s_slim_train'       │
├──────────────────────────────────────────┼────────────────────────────┤
│ network_slim_sparsity_train_enable       │ True                       │
├──────────────────────────────────────────┼────────────────────────────┤
│ network_slim_sparsity_train_s            │ 0.0001                     │
├──────────────────────────────────────────┼────────────────────────────┤
│ network_slim_sparsity_train_warmup_epoch │ 120                        │
├──────────────────────────────────────────┼────────────────────────────┤
│ run_network_slim                         │ False                      │
├──────────────────────────────────────────┼────────────────────────────┤
│ network_slim_schema                      │ ''                         │
├──────────────────────────────────────────┼────────────────────────────┤
│ network_slim_ratio                       │ 0.65                       │
├──────────────────────────────────────────┼────────────────────────────┤
│ test_size                                │ (640, 640)                 │
├──────────────────────────────────────────┼────────────────────────────┤
│ test_conf                                │ 0.01                       │
├──────────────────────────────────────────┼────────────────────────────┤
│ nmsthre                                  │ 0.65                       │
├──────────────────────────────────────────┼────────────────────────────┤
│ test_ann                                 │ 'test2017.json'            │
╘══════════════════════════════════════════╧════════════════════════════╛
2022-12-09 02:41:11 | INFO     | yolox.core.trainer:148 - Model Summary: Params: 8.94M, Gflops: 26.78
2022-12-09 02:41:12 | INFO     | yolox.data.datasets.coco:65 - loading annotations into memory...
2022-12-09 02:41:14 | INFO     | yolox.data.datasets.coco:65 - Done (t=1.61s)
2022-12-09 02:41:14 | INFO     | pycocotools.coco:86 - creating index...
2022-12-09 02:41:14 | INFO     | pycocotools.coco:86 - index created!
2022-12-09 02:41:23 | INFO     | yolox.core.trainer:168 - init prefetcher, this might take one minute or less...
2022-12-09 02:41:33 | INFO     | yolox.data.datasets.coco:65 - loading annotations into memory...
2022-12-09 02:41:33 | INFO     | yolox.data.datasets.coco:65 - Done (t=0.09s)
2022-12-09 02:41:33 | INFO     | pycocotools.coco:86 - creating index...
2022-12-09 02:41:33 | INFO     | pycocotools.coco:86 - index created!
2022-12-09 02:41:35 | INFO     | yolox.core.trainer:196 - Training start...
2022-12-09 02:41:35 | INFO     | yolox.core.trainer:197 - 
YOLOX(
  (backbone): YOLOPAFPN(
    (backbone): CSPDarknet(
      (stem): Focus(
        (conv): BaseConv(
          (conv): Conv2d(12, 32, kernel_size=(3, 3), stride=(1, 1), padding=(1, 1), bias=False)
          (bn): BatchNorm2d(32, eps=0.001, momentum=0.03, affine=True, track_running_stats=True)
          (act): SiLU(inplace=True)
        )
      )
      (dark2): Sequential(
        (0): BaseConv(
          (conv): Conv2d(32, 64, kernel_size=(3, 3), stride=(2, 2), padding=(1, 1), bias=False)
          (bn): BatchNorm2d(64, eps=0.001, momentum=0.03, affine=True, track_running_stats=True)
          (act): SiLU(inplace=True)
        )
        (1): CSPLayer(
          (conv1): BaseConv(
            (conv): Conv2d(64, 32, kernel_size=(1, 1), stride=(1, 1), bias=False)
            (bn): BatchNorm2d(32, eps=0.001, momentum=0.03, affine=True, track_running_stats=True)
            (act): SiLU(inplace=True)
          )
          (conv2): BaseConv(
            (conv): Conv2d(64, 32, kernel_size=(1, 1), stride=(1, 1), bias=False)
            (bn): BatchNorm2d(32, eps=0.001, momentum=0.03, affine=True, track_running_stats=True)
            (act): SiLU(inplace=True)
          )
          (conv3): BaseConv(
            (conv): Conv2d(64, 64, kernel_size=(1, 1), stride=(1, 1), bias=False)
            (bn): BatchNorm2d(64, eps=0.001, momentum=0.03, affine=True, track_running_stats=True)
            (act): SiLU(inplace=True)
          )
          (m): Sequential(
            (0): Bottleneck(
              (conv1): BaseConv(
                (conv): Conv2d(32, 32, kernel_size=(1, 1), stride=(1, 1), bias=False)
                (bn): BatchNorm2d(32, eps=0.001, momentum=0.03, affine=True, track_running_stats=True)
                (act): SiLU(inplace=True)
              )
              (conv2): BaseConv(
                (conv): Conv2d(32, 32, kernel_size=(3, 3), stride=(1, 1), padding=(1, 1), bias=False)
                (bn): BatchNorm2d(32, eps=0.001, momentum=0.03, affine=True, track_running_stats=True)
                (act): SiLU(inplace=True)
              )
            )
          )
        )
      )
      (dark3): Sequential(
        (0): BaseConv(
          (conv): Conv2d(64, 128, kernel_size=(3, 3), stride=(2, 2), padding=(1, 1), bias=False)
          (bn): BatchNorm2d(128, eps=0.001, momentum=0.03, affine=True, track_running_stats=True)
          (act): SiLU(inplace=True)
        )
        (1): CSPLayer(
          (conv1): BaseConv(
            (conv): Conv2d(128, 64, kernel_size=(1, 1), stride=(1, 1), bias=False)
            (bn): BatchNorm2d(64, eps=0.001, momentum=0.03, affine=True, track_running_stats=True)
            (act): SiLU(inplace=True)
          )
          (conv2): BaseConv(
            (conv): Conv2d(128, 64, kernel_size=(1, 1), stride=(1, 1), bias=False)
            (bn): BatchNorm2d(64, eps=0.001, momentum=0.03, affine=True, track_running_stats=True)
            (act): SiLU(inplace=True)
          )
          (conv3): BaseConv(
            (conv): Conv2d(128, 128, kernel_size=(1, 1), stride=(1, 1), bias=False)
            (bn): BatchNorm2d(128, eps=0.001, momentum=0.03, affine=True, track_running_stats=True)
            (act): SiLU(inplace=True)
          )
          (m): Sequential(
            (0): Bottleneck(
              (conv1): BaseConv(
                (conv): Conv2d(64, 64, kernel_size=(1, 1), stride=(1, 1), bias=False)
                (bn): BatchNorm2d(64, eps=0.001, momentum=0.03, affine=True, track_running_stats=True)
                (act): SiLU(inplace=True)
              )
              (conv2): BaseConv(
                (conv): Conv2d(64, 64, kernel_size=(3, 3), stride=(1, 1), padding=(1, 1), bias=False)
                (bn): BatchNorm2d(64, eps=0.001, momentum=0.03, affine=True, track_running_stats=True)
                (act): SiLU(inplace=True)
              )
            )
            (1): Bottleneck(
              (conv1): BaseConv(
                (conv): Conv2d(64, 64, kernel_size=(1, 1), stride=(1, 1), bias=False)
                (bn): BatchNorm2d(64, eps=0.001, momentum=0.03, affine=True, track_running_stats=True)
                (act): SiLU(inplace=True)
              )
              (conv2): BaseConv(
                (conv): Conv2d(64, 64, kernel_size=(3, 3), stride=(1, 1), padding=(1, 1), bias=False)
                (bn): BatchNorm2d(64, eps=0.001, momentum=0.03, affine=True, track_running_stats=True)
                (act): SiLU(inplace=True)
              )
            )
            (2): Bottleneck(
              (conv1): BaseConv(
                (conv): Conv2d(64, 64, kernel_size=(1, 1), stride=(1, 1), bias=False)
                (bn): BatchNorm2d(64, eps=0.001, momentum=0.03, affine=True, track_running_stats=True)
                (act): SiLU(inplace=True)
              )
              (conv2): BaseConv(
                (conv): Conv2d(64, 64, kernel_size=(3, 3), stride=(1, 1), padding=(1, 1), bias=False)
                (bn): BatchNorm2d(64, eps=0.001, momentum=0.03, affine=True, track_running_stats=True)
                (act): SiLU(inplace=True)
              )
            )
          )
        )
      )
      (dark4): Sequential(
        (0): BaseConv(
          (conv): Conv2d(128, 256, kernel_size=(3, 3), stride=(2, 2), padding=(1, 1), bias=False)
          (bn): BatchNorm2d(256, eps=0.001, momentum=0.03, affine=True, track_running_stats=True)
          (act): SiLU(inplace=True)
        )
        (1): CSPLayer(
          (conv1): BaseConv(
            (conv): Conv2d(256, 128, kernel_size=(1, 1), stride=(1, 1), bias=False)
            (bn): BatchNorm2d(128, eps=0.001, momentum=0.03, affine=True, track_running_stats=True)
            (act): SiLU(inplace=True)
          )
          (conv2): BaseConv(
            (conv): Conv2d(256, 128, kernel_size=(1, 1), stride=(1, 1), bias=False)
            (bn): BatchNorm2d(128, eps=0.001, momentum=0.03, affine=True, track_running_stats=True)
            (act): SiLU(inplace=True)
          )
          (conv3): BaseConv(
            (conv): Conv2d(256, 256, kernel_size=(1, 1), stride=(1, 1), bias=False)
            (bn): BatchNorm2d(256, eps=0.001, momentum=0.03, affine=True, track_running_stats=True)
            (act): SiLU(inplace=True)
          )
          (m): Sequential(
            (0): Bottleneck(
              (conv1): BaseConv(
                (conv): Conv2d(128, 128, kernel_size=(1, 1), stride=(1, 1), bias=False)
                (bn): BatchNorm2d(128, eps=0.001, momentum=0.03, affine=True, track_running_stats=True)
                (act): SiLU(inplace=True)
              )
              (conv2): BaseConv(
                (conv): Conv2d(128, 128, kernel_size=(3, 3), stride=(1, 1), padding=(1, 1), bias=False)
                (bn): BatchNorm2d(128, eps=0.001, momentum=0.03, affine=True, track_running_stats=True)
                (act): SiLU(inplace=True)
              )
            )
            (1): Bottleneck(
              (conv1): BaseConv(
                (conv): Conv2d(128, 128, kernel_size=(1, 1), stride=(1, 1), bias=False)
                (bn): BatchNorm2d(128, eps=0.001, momentum=0.03, affine=True, track_running_stats=True)
                (act): SiLU(inplace=True)
              )
              (conv2): BaseConv(
                (conv): Conv2d(128, 128, kernel_size=(3, 3), stride=(1, 1), padding=(1, 1), bias=False)
                (bn): BatchNorm2d(128, eps=0.001, momentum=0.03, affine=True, track_running_stats=True)
                (act): SiLU(inplace=True)
              )
            )
            (2): Bottleneck(
              (conv1): BaseConv(
                (conv): Conv2d(128, 128, kernel_size=(1, 1), stride=(1, 1), bias=False)
                (bn): BatchNorm2d(128, eps=0.001, momentum=0.03, affine=True, track_running_stats=True)
                (act): SiLU(inplace=True)
              )
              (conv2): BaseConv(
                (conv): Conv2d(128, 128, kernel_size=(3, 3), stride=(1, 1), padding=(1, 1), bias=False)
                (bn): BatchNorm2d(128, eps=0.001, momentum=0.03, affine=True, track_running_stats=True)
                (act): SiLU(inplace=True)
              )
            )
          )
        )
      )
      (dark5): Sequential(
        (0): BaseConv(
          (conv): Conv2d(256, 512, kernel_size=(3, 3), stride=(2, 2), padding=(1, 1), bias=False)
          (bn): BatchNorm2d(512, eps=0.001, momentum=0.03, affine=True, track_running_stats=True)
          (act): SiLU(inplace=True)
        )
        (1): SPPBottleneck(
          (conv1): BaseConv(
            (conv): Conv2d(512, 256, kernel_size=(1, 1), stride=(1, 1), bias=False)
            (bn): BatchNorm2d(256, eps=0.001, momentum=0.03, affine=True, track_running_stats=True)
            (act): SiLU(inplace=True)
          )
          (m): ModuleList(
            (0): MaxPool2d(kernel_size=5, stride=1, padding=2, dilation=1, ceil_mode=False)
            (1): MaxPool2d(kernel_size=9, stride=1, padding=4, dilation=1, ceil_mode=False)
            (2): MaxPool2d(kernel_size=13, stride=1, padding=6, dilation=1, ceil_mode=False)
          )
          (conv2): BaseConv(
            (conv): Conv2d(1024, 512, kernel_size=(1, 1), stride=(1, 1), bias=False)
            (bn): BatchNorm2d(512, eps=0.001, momentum=0.03, affine=True, track_running_stats=True)
            (act): SiLU(inplace=True)
          )
        )
        (2): CSPLayer(
          (conv1): BaseConv(
            (conv): Conv2d(512, 256, kernel_size=(1, 1), stride=(1, 1), bias=False)
            (bn): BatchNorm2d(256, eps=0.001, momentum=0.03, affine=True, track_running_stats=True)
            (act): SiLU(inplace=True)
          )
          (conv2): BaseConv(
            (conv): Conv2d(512, 256, kernel_size=(1, 1), stride=(1, 1), bias=False)
            (bn): BatchNorm2d(256, eps=0.001, momentum=0.03, affine=True, track_running_stats=True)
            (act): SiLU(inplace=True)
          )
          (conv3): BaseConv(
            (conv): Conv2d(512, 512, kernel_size=(1, 1), stride=(1, 1), bias=False)
            (bn): BatchNorm2d(512, eps=0.001, momentum=0.03, affine=True, track_running_stats=True)
            (act): SiLU(inplace=True)
          )
          (m): Sequential(
            (0): Bottleneck(
              (conv1): BaseConv(
                (conv): Conv2d(256, 256, kernel_size=(1, 1), stride=(1, 1), bias=False)
                (bn): BatchNorm2d(256, eps=0.001, momentum=0.03, affine=True, track_running_stats=True)
                (act): SiLU(inplace=True)
              )
              (conv2): BaseConv(
                (conv): Conv2d(256, 256, kernel_size=(3, 3), stride=(1, 1), padding=(1, 1), bias=False)
                (bn): BatchNorm2d(256, eps=0.001, momentum=0.03, affine=True, track_running_stats=True)
                (act): SiLU(inplace=True)
              )
            )
          )
        )
      )
    )
    (upsample): Upsample(scale_factor=2.0, mode=nearest)
    (lateral_conv0): BaseConv(
      (conv): Conv2d(512, 256, kernel_size=(1, 1), stride=(1, 1), bias=False)
      (bn): BatchNorm2d(256, eps=0.001, momentum=0.03, affine=True, track_running_stats=True)
      (act): SiLU(inplace=True)
    )
    (C3_p4): CSPLayer(
      (conv1): BaseConv(
        (conv): Conv2d(512, 128, kernel_size=(1, 1), stride=(1, 1), bias=False)
        (bn): BatchNorm2d(128, eps=0.001, momentum=0.03, affine=True, track_running_stats=True)
        (act): SiLU(inplace=True)
      )
      (conv2): BaseConv(
        (conv): Conv2d(512, 128, kernel_size=(1, 1), stride=(1, 1), bias=False)
        (bn): BatchNorm2d(128, eps=0.001, momentum=0.03, affine=True, track_running_stats=True)
        (act): SiLU(inplace=True)
      )
      (conv3): BaseConv(
        (conv): Conv2d(256, 256, kernel_size=(1, 1), stride=(1, 1), bias=False)
        (bn): BatchNorm2d(256, eps=0.001, momentum=0.03, affine=True, track_running_stats=True)
        (act): SiLU(inplace=True)
      )
      (m): Sequential(
        (0): Bottleneck(
          (conv1): BaseConv(
            (conv): Conv2d(128, 128, kernel_size=(1, 1), stride=(1, 1), bias=False)
            (bn): BatchNorm2d(128, eps=0.001, momentum=0.03, affine=True, track_running_stats=True)
            (act): SiLU(inplace=True)
          )
          (conv2): BaseConv(
            (conv): Conv2d(128, 128, kernel_size=(3, 3), stride=(1, 1), padding=(1, 1), bias=False)
            (bn): BatchNorm2d(128, eps=0.001, momentum=0.03, affine=True, track_running_stats=True)
            (act): SiLU(inplace=True)
          )
        )
      )
    )
    (reduce_conv1): BaseConv(
      (conv): Conv2d(256, 128, kernel_size=(1, 1), stride=(1, 1), bias=False)
      (bn): BatchNorm2d(128, eps=0.001, momentum=0.03, affine=True, track_running_stats=True)
      (act): SiLU(inplace=True)
    )
    (C3_p3): CSPLayer(
      (conv1): BaseConv(
        (conv): Conv2d(256, 64, kernel_size=(1, 1), stride=(1, 1), bias=False)
        (bn): BatchNorm2d(64, eps=0.001, momentum=0.03, affine=True, track_running_stats=True)
        (act): SiLU(inplace=True)
      )
      (conv2): BaseConv(
        (conv): Conv2d(256, 64, kernel_size=(1, 1), stride=(1, 1), bias=False)
        (bn): BatchNorm2d(64, eps=0.001, momentum=0.03, affine=True, track_running_stats=True)
        (act): SiLU(inplace=True)
      )
      (conv3): BaseConv(
        (conv): Conv2d(128, 128, kernel_size=(1, 1), stride=(1, 1), bias=False)
        (bn): BatchNorm2d(128, eps=0.001, momentum=0.03, affine=True, track_running_stats=True)
        (act): SiLU(inplace=True)
      )
      (m): Sequential(
        (0): Bottleneck(
          (conv1): BaseConv(
            (conv): Conv2d(64, 64, kernel_size=(1, 1), stride=(1, 1), bias=False)
            (bn): BatchNorm2d(64, eps=0.001, momentum=0.03, affine=True, track_running_stats=True)
            (act): SiLU(inplace=True)
          )
          (conv2): BaseConv(
            (conv): Conv2d(64, 64, kernel_size=(3, 3), stride=(1, 1), padding=(1, 1), bias=False)
            (bn): BatchNorm2d(64, eps=0.001, momentum=0.03, affine=True, track_running_stats=True)
            (act): SiLU(inplace=True)
          )
        )
      )
    )
    (bu_conv2): BaseConv(
      (conv): Conv2d(128, 128, kernel_size=(3, 3), stride=(2, 2), padding=(1, 1), bias=False)
      (bn): BatchNorm2d(128, eps=0.001, momentum=0.03, affine=True, track_running_stats=True)
      (act): SiLU(inplace=True)
    )
    (C3_n3): CSPLayer(
      (conv1): BaseConv(
        (conv): Conv2d(256, 128, kernel_size=(1, 1), stride=(1, 1), bias=False)
        (bn): BatchNorm2d(128, eps=0.001, momentum=0.03, affine=True, track_running_stats=True)
        (act): SiLU(inplace=True)
      )
      (conv2): BaseConv(
        (conv): Conv2d(256, 128, kernel_size=(1, 1), stride=(1, 1), bias=False)
        (bn): BatchNorm2d(128, eps=0.001, momentum=0.03, affine=True, track_running_stats=True)
        (act): SiLU(inplace=True)
      )
      (conv3): BaseConv(
        (conv): Conv2d(256, 256, kernel_size=(1, 1), stride=(1, 1), bias=False)
        (bn): BatchNorm2d(256, eps=0.001, momentum=0.03, affine=True, track_running_stats=True)
        (act): SiLU(inplace=True)
      )
      (m): Sequential(
        (0): Bottleneck(
          (conv1): BaseConv(
            (conv): Conv2d(128, 128, kernel_size=(1, 1), stride=(1, 1), bias=False)
            (bn): BatchNorm2d(128, eps=0.001, momentum=0.03, affine=True, track_running_stats=True)
            (act): SiLU(inplace=True)
          )
          (conv2): BaseConv(
            (conv): Conv2d(128, 128, kernel_size=(3, 3), stride=(1, 1), padding=(1, 1), bias=False)
            (bn): BatchNorm2d(128, eps=0.001, momentum=0.03, affine=True, track_running_stats=True)
            (act): SiLU(inplace=True)
          )
        )
      )
    )
    (bu_conv1): BaseConv(
      (conv): Conv2d(256, 256, kernel_size=(3, 3), stride=(2, 2), padding=(1, 1), bias=False)
      (bn): BatchNorm2d(256, eps=0.001, momentum=0.03, affine=True, track_running_stats=True)
      (act): SiLU(inplace=True)
    )
    (C3_n4): CSPLayer(
      (conv1): BaseConv(
        (conv): Conv2d(512, 256, kernel_size=(1, 1), stride=(1, 1), bias=False)
        (bn): BatchNorm2d(256, eps=0.001, momentum=0.03, affine=True, track_running_stats=True)
        (act): SiLU(inplace=True)
      )
      (conv2): BaseConv(
        (conv): Conv2d(512, 256, kernel_size=(1, 1), stride=(1, 1), bias=False)
        (bn): BatchNorm2d(256, eps=0.001, momentum=0.03, affine=True, track_running_stats=True)
        (act): SiLU(inplace=True)
      )
      (conv3): BaseConv(
        (conv): Conv2d(512, 512, kernel_size=(1, 1), stride=(1, 1), bias=False)
        (bn): BatchNorm2d(512, eps=0.001, momentum=0.03, affine=True, track_running_stats=True)
        (act): SiLU(inplace=True)
      )
      (m): Sequential(
        (0): Bottleneck(
          (conv1): BaseConv(
            (conv): Conv2d(256, 256, kernel_size=(1, 1), stride=(1, 1), bias=False)
            (bn): BatchNorm2d(256, eps=0.001, momentum=0.03, affine=True, track_running_stats=True)
            (act): SiLU(inplace=True)
          )
          (conv2): BaseConv(
            (conv): Conv2d(256, 256, kernel_size=(3, 3), stride=(1, 1), padding=(1, 1), bias=False)
            (bn): BatchNorm2d(256, eps=0.001, momentum=0.03, affine=True, track_running_stats=True)
            (act): SiLU(inplace=True)
          )
        )
      )
    )
  )
  (head): YOLOXHead(
    (cls_convs): ModuleList(
      (0): Sequential(
        (0): BaseConv(
          (conv): Conv2d(128, 128, kernel_size=(3, 3), stride=(1, 1), padding=(1, 1), bias=False)
          (bn): BatchNorm2d(128, eps=0.001, momentum=0.03, affine=True, track_running_stats=True)
          (act): SiLU(inplace=True)
        )
        (1): BaseConv(
          (conv): Conv2d(128, 128, kernel_size=(3, 3), stride=(1, 1), padding=(1, 1), bias=False)
          (bn): BatchNorm2d(128, eps=0.001, momentum=0.03, affine=True, track_running_stats=True)
          (act): SiLU(inplace=True)
        )
      )
      (1): Sequential(
        (0): BaseConv(
          (conv): Conv2d(128, 128, kernel_size=(3, 3), stride=(1, 1), padding=(1, 1), bias=False)
          (bn): BatchNorm2d(128, eps=0.001, momentum=0.03, affine=True, track_running_stats=True)
          (act): SiLU(inplace=True)
        )
        (1): BaseConv(
          (conv): Conv2d(128, 128, kernel_size=(3, 3), stride=(1, 1), padding=(1, 1), bias=False)
          (bn): BatchNorm2d(128, eps=0.001, momentum=0.03, affine=True, track_running_stats=True)
          (act): SiLU(inplace=True)
        )
      )
      (2): Sequential(
        (0): BaseConv(
          (conv): Conv2d(128, 128, kernel_size=(3, 3), stride=(1, 1), padding=(1, 1), bias=False)
          (bn): BatchNorm2d(128, eps=0.001, momentum=0.03, affine=True, track_running_stats=True)
          (act): SiLU(inplace=True)
        )
        (1): BaseConv(
          (conv): Conv2d(128, 128, kernel_size=(3, 3), stride=(1, 1), padding=(1, 1), bias=False)
          (bn): BatchNorm2d(128, eps=0.001, momentum=0.03, affine=True, track_running_stats=True)
          (act): SiLU(inplace=True)
        )
      )
    )
    (reg_convs): ModuleList(
      (0): Sequential(
        (0): BaseConv(
          (conv): Conv2d(128, 128, kernel_size=(3, 3), stride=(1, 1), padding=(1, 1), bias=False)
          (bn): BatchNorm2d(128, eps=0.001, momentum=0.03, affine=True, track_running_stats=True)
          (act): SiLU(inplace=True)
        )
        (1): BaseConv(
          (conv): Conv2d(128, 128, kernel_size=(3, 3), stride=(1, 1), padding=(1, 1), bias=False)
          (bn): BatchNorm2d(128, eps=0.001, momentum=0.03, affine=True, track_running_stats=True)
          (act): SiLU(inplace=True)
        )
      )
      (1): Sequential(
        (0): BaseConv(
          (conv): Conv2d(128, 128, kernel_size=(3, 3), stride=(1, 1), padding=(1, 1), bias=False)
          (bn): BatchNorm2d(128, eps=0.001, momentum=0.03, affine=True, track_running_stats=True)
          (act): SiLU(inplace=True)
        )
        (1): BaseConv(
          (conv): Conv2d(128, 128, kernel_size=(3, 3), stride=(1, 1), padding=(1, 1), bias=False)
          (bn): BatchNorm2d(128, eps=0.001, momentum=0.03, affine=True, track_running_stats=True)
          (act): SiLU(inplace=True)
        )
      )
      (2): Sequential(
        (0): BaseConv(
          (conv): Conv2d(128, 128, kernel_size=(3, 3), stride=(1, 1), padding=(1, 1), bias=False)
          (bn): BatchNorm2d(128, eps=0.001, momentum=0.03, affine=True, track_running_stats=True)
          (act): SiLU(inplace=True)
        )
        (1): BaseConv(
          (conv): Conv2d(128, 128, kernel_size=(3, 3), stride=(1, 1), padding=(1, 1), bias=False)
          (bn): BatchNorm2d(128, eps=0.001, momentum=0.03, affine=True, track_running_stats=True)
          (act): SiLU(inplace=True)
        )
      )
    )
    (cls_preds): ModuleList(
      (0): Conv2d(128, 10, kernel_size=(1, 1), stride=(1, 1))
      (1): Conv2d(128, 10, kernel_size=(1, 1), stride=(1, 1))
      (2): Conv2d(128, 10, kernel_size=(1, 1), stride=(1, 1))
    )
    (reg_preds): ModuleList(
      (0): Conv2d(128, 4, kernel_size=(1, 1), stride=(1, 1))
      (1): Conv2d(128, 4, kernel_size=(1, 1), stride=(1, 1))
      (2): Conv2d(128, 4, kernel_size=(1, 1), stride=(1, 1))
    )
    (obj_preds): ModuleList(
      (0): Conv2d(128, 1, kernel_size=(1, 1), stride=(1, 1))
      (1): Conv2d(128, 1, kernel_size=(1, 1), stride=(1, 1))
      (2): Conv2d(128, 1, kernel_size=(1, 1), stride=(1, 1))
    )
    (stems): ModuleList(
      (0): BaseConv(
        (conv): Conv2d(128, 128, kernel_size=(1, 1), stride=(1, 1), bias=False)
        (bn): BatchNorm2d(128, eps=0.001, momentum=0.03, affine=True, track_running_stats=True)
        (act): SiLU(inplace=True)
      )
      (1): BaseConv(
        (conv): Conv2d(256, 128, kernel_size=(1, 1), stride=(1, 1), bias=False)
        (bn): BatchNorm2d(128, eps=0.001, momentum=0.03, affine=True, track_running_stats=True)
        (act): SiLU(inplace=True)
      )
      (2): BaseConv(
        (conv): Conv2d(512, 128, kernel_size=(1, 1), stride=(1, 1), bias=False)
        (bn): BatchNorm2d(128, eps=0.001, momentum=0.03, affine=True, track_running_stats=True)
        (act): SiLU(inplace=True)
      )
    )
    (l1_loss): L1Loss()
    (bcewithlog_loss): BCEWithLogitsLoss()
    (iou_loss): IOUloss()
  )
)
2022-12-09 02:41:35 | INFO     | yolox.core.trainer:207 - ---> start train epoch1
2022-12-09 02:41:43 | INFO     | yolox.core.trainer:202 - Training of experiment is done and the best AP is 0.00
2022-12-09 02:41:43 | ERROR    | yolox.core.launch:98 - An error has been caught in function 'launch', process 'MainProcess' (39141), thread 'MainThread' (140126791943360):
Traceback (most recent call last):

  File "tools/train.py", line 141, in <module>
    args=(exp, args),
          │    └ Namespace(batch_size=64, cache=False, ckpt=None, devices=1, dist_backend='nccl', dist_url=None, exp_file='exps/network_slim/y...
          └ ╒══════════════════════════════════════════╤═════════════════════════════════════════════════════════════════════════════════...

> File "/data/happyhoo97/repos/YOLOX/yolox/core/launch.py", line 98, in launch
    main_func(*args)
    │          └ (╒══════════════════════════════════════════╤════════════════════════════════════════════════════════════════════════════════...
    └ <function main at 0x7f71cea5dd40>

  File "tools/train.py", line 118, in main
    trainer.train()
    │       └ <function Trainer.train at 0x7f711b46a680>
    └ <yolox.core.trainer.Trainer object at 0x7f711ae7ea50>

  File "/data/happyhoo97/repos/YOLOX/yolox/core/trainer.py", line 77, in train
    self.train_in_epoch()
    │    └ <function Trainer.train_in_epoch at 0x7f711af279e0>
    └ <yolox.core.trainer.Trainer object at 0x7f711ae7ea50>

  File "/data/happyhoo97/repos/YOLOX/yolox/core/trainer.py", line 86, in train_in_epoch
    self.train_in_iter()
    │    └ <function Trainer.train_in_iter at 0x7f711af59cb0>
    └ <yolox.core.trainer.Trainer object at 0x7f711ae7ea50>

  File "/data/happyhoo97/repos/YOLOX/yolox/core/trainer.py", line 92, in train_in_iter
    self.train_one_iter()
    │    └ <function Trainer.train_one_iter at 0x7f711af60b90>
    └ <yolox.core.trainer.Trainer object at 0x7f711ae7ea50>

  File "/data/happyhoo97/repos/YOLOX/yolox/core/trainer.py", line 111, in train_one_iter
    self.scaler.scale(loss).backward()
    │    │      │     └ tensor(11.5893, device='cuda:0', grad_fn=<AddBackward0>)
    │    │      └ <function GradScaler.scale at 0x7f712c2e6680>
    │    └ <torch.cuda.amp.grad_scaler.GradScaler object at 0x7f71ce9dee50>
    └ <yolox.core.trainer.Trainer object at 0x7f711ae7ea50>

  File "/data/happyhoo97/anaconda3/envs/yolox_env/lib/python3.7/site-packages/torch/_tensor.py", line 488, in backward
    self, gradient, retain_graph, create_graph, inputs=inputs
    │     │         │             │                    └ None
    │     │         │             └ False
    │     │         └ None
    │     └ None
    └ tensor(11.5893, device='cuda:0', grad_fn=<AddBackward0>)
  File "/data/happyhoo97/anaconda3/envs/yolox_env/lib/python3.7/site-packages/torch/autograd/__init__.py", line 199, in backward
    allow_unreachable=True, accumulate_grad=True)  # Calls into the C++ engine to run the backward pass

torch.cuda.OutOfMemoryError: CUDA out of memory. Tried to allocate 32.00 MiB (GPU 0; 23.70 GiB total capacity; 23.20 GiB already allocated; 25.69 MiB free; 23.29 GiB reserved in total by PyTorch) If reserved memory is >> allocated memory try setting max_split_size_mb to avoid fragmentation.  See documentation for Memory Management and PYTORCH_CUDA_ALLOC_CONF
==== Network Slimming ====
2022-12-09 02:41:47 | INFO     | yolox.core.trainer:141 - args: Namespace(batch_size=64, cache=False, ckpt='./YOLOX_outputs/yolox_s_slim_sparsity_train/latest_ckpt.pth', devices=1, dist_backend='nccl', dist_url=None, exp_file='exps/network_slim/yolox_s_slim.py', experiment_name='yolox_s_slim_fine_tuning', fp16=False, logger='tensorboard', machine_rank=0, name=None, num_machines=1, occupy=False, opts=['network_slim_ratio', '0.65'], resume=False, start_epoch=None)
2022-12-09 02:41:47 | INFO     | yolox.core.trainer:142 - exp value:
╒══════════════════════════════════════════╤══════════════════════════════════════════════════════════════════════╕
│ keys                                     │ values                                                               │
╞══════════════════════════════════════════╪══════════════════════════════════════════════════════════════════════╡
│ seed                                     │ None                                                                 │
├──────────────────────────────────────────┼──────────────────────────────────────────────────────────────────────┤
│ output_dir                               │ './YOLOX_outputs'                                                    │
├──────────────────────────────────────────┼──────────────────────────────────────────────────────────────────────┤
│ print_interval                           │ 10                                                                   │
├──────────────────────────────────────────┼──────────────────────────────────────────────────────────────────────┤
│ eval_interval                            │ 10                                                                   │
├──────────────────────────────────────────┼──────────────────────────────────────────────────────────────────────┤
│ num_classes                              │ 10                                                                   │
├──────────────────────────────────────────┼──────────────────────────────────────────────────────────────────────┤
│ depth                                    │ 0.33                                                                 │
├──────────────────────────────────────────┼──────────────────────────────────────────────────────────────────────┤
│ width                                    │ 0.5                                                                  │
├──────────────────────────────────────────┼──────────────────────────────────────────────────────────────────────┤
│ act                                      │ 'silu'                                                               │
├──────────────────────────────────────────┼──────────────────────────────────────────────────────────────────────┤
│ data_num_workers                         │ 4                                                                    │
├──────────────────────────────────────────┼──────────────────────────────────────────────────────────────────────┤
│ input_size                               │ (640, 640)                                                           │
├──────────────────────────────────────────┼──────────────────────────────────────────────────────────────────────┤
│ multiscale_range                         │ 5                                                                    │
├──────────────────────────────────────────┼──────────────────────────────────────────────────────────────────────┤
│ data_dir                                 │ '/local_datasets/VisDrone'                                           │
├──────────────────────────────────────────┼──────────────────────────────────────────────────────────────────────┤
│ train_ann                                │ 'train2017.json'                                                     │
├──────────────────────────────────────────┼──────────────────────────────────────────────────────────────────────┤
│ val_ann                                  │ 'val2017.json'                                                       │
├──────────────────────────────────────────┼──────────────────────────────────────────────────────────────────────┤
│ mosaic_prob                              │ 1.0                                                                  │
├──────────────────────────────────────────┼──────────────────────────────────────────────────────────────────────┤
│ mixup_prob                               │ 1.0                                                                  │
├──────────────────────────────────────────┼──────────────────────────────────────────────────────────────────────┤
│ hsv_prob                                 │ 1.0                                                                  │
├──────────────────────────────────────────┼──────────────────────────────────────────────────────────────────────┤
│ flip_prob                                │ 0.5                                                                  │
├──────────────────────────────────────────┼──────────────────────────────────────────────────────────────────────┤
│ degrees                                  │ 10.0                                                                 │
├──────────────────────────────────────────┼──────────────────────────────────────────────────────────────────────┤
│ translate                                │ 0.1                                                                  │
├──────────────────────────────────────────┼──────────────────────────────────────────────────────────────────────┤
│ mosaic_scale                             │ (0.1, 2)                                                             │
├──────────────────────────────────────────┼──────────────────────────────────────────────────────────────────────┤
│ mixup_scale                              │ (0.5, 1.5)                                                           │
├──────────────────────────────────────────┼──────────────────────────────────────────────────────────────────────┤
│ shear                                    │ 2.0                                                                  │
├──────────────────────────────────────────┼──────────────────────────────────────────────────────────────────────┤
│ enable_mixup                             │ True                                                                 │
├──────────────────────────────────────────┼──────────────────────────────────────────────────────────────────────┤
│ warmup_epochs                            │ 5                                                                    │
├──────────────────────────────────────────┼──────────────────────────────────────────────────────────────────────┤
│ max_epoch                                │ 50                                                                   │
├──────────────────────────────────────────┼──────────────────────────────────────────────────────────────────────┤
│ warmup_lr                                │ 0                                                                    │
├──────────────────────────────────────────┼──────────────────────────────────────────────────────────────────────┤
│ basic_lr_per_img                         │ 0.00015625                                                           │
├──────────────────────────────────────────┼──────────────────────────────────────────────────────────────────────┤
│ scheduler                                │ 'yoloxwarmcos'                                                       │
├──────────────────────────────────────────┼──────────────────────────────────────────────────────────────────────┤
│ no_aug_epochs                            │ 15                                                                   │
├──────────────────────────────────────────┼──────────────────────────────────────────────────────────────────────┤
│ min_lr_ratio                             │ 0.05                                                                 │
├──────────────────────────────────────────┼──────────────────────────────────────────────────────────────────────┤
│ ema                                      │ True                                                                 │
├──────────────────────────────────────────┼──────────────────────────────────────────────────────────────────────┤
│ weight_decay                             │ 0.0005                                                               │
├──────────────────────────────────────────┼──────────────────────────────────────────────────────────────────────┤
│ momentum                                 │ 0.9                                                                  │
├──────────────────────────────────────────┼──────────────────────────────────────────────────────────────────────┤
│ exp_name                                 │ 'yolox_s_slim'                                                       │
├──────────────────────────────────────────┼──────────────────────────────────────────────────────────────────────┤
│ network_slim_sparsity_train_enable       │ False                                                                │
├──────────────────────────────────────────┼──────────────────────────────────────────────────────────────────────┤
│ network_slim_sparsity_train_s            │ 0.0001                                                               │
├──────────────────────────────────────────┼──────────────────────────────────────────────────────────────────────┤
│ network_slim_sparsity_train_warmup_epoch │ 300                                                                  │
├──────────────────────────────────────────┼──────────────────────────────────────────────────────────────────────┤
│ run_network_slim                         │ True                                                                 │
├──────────────────────────────────────────┼──────────────────────────────────────────────────────────────────────┤
│ network_slim_schema                      │ '/data/happyhoo97/repos/YOLOX/exps/network_slim/yolox_s_schema.json' │
├──────────────────────────────────────────┼──────────────────────────────────────────────────────────────────────┤
│ network_slim_ratio                       │ 0.65                                                                 │
├──────────────────────────────────────────┼──────────────────────────────────────────────────────────────────────┤
│ test_size                                │ (640, 640)                                                           │
├──────────────────────────────────────────┼──────────────────────────────────────────────────────────────────────┤
│ test_conf                                │ 0.01                                                                 │
├──────────────────────────────────────────┼──────────────────────────────────────────────────────────────────────┤
│ nmsthre                                  │ 0.65                                                                 │
├──────────────────────────────────────────┼──────────────────────────────────────────────────────────────────────┤
│ test_ann                                 │ 'test2017.json'                                                      │
╘══════════════════════════════════════════╧══════════════════════════════════════════════════════════════════════╛
2022-12-09 02:41:47 | INFO     | yolox.core.trainer:148 - Model Summary: Params: 8.94M, Gflops: 26.78
2022-12-09 02:41:48 | INFO     | yolox.core.trainer:318 - loading checkpoint for fine tuning
2022-12-09 02:41:48 | ERROR    | yolox.core.launch:98 - An error has been caught in function 'launch', process 'MainProcess' (39548), thread 'MainThread' (140305863955648):
Traceback (most recent call last):

  File "tools/train.py", line 141, in <module>
    args=(exp, args),
          │    └ Namespace(batch_size=64, cache=False, ckpt='./YOLOX_outputs/yolox_s_slim_sparsity_train/latest_ckpt.pth', devices=1, dist_bac...
          └ ╒══════════════════════════════════════════╤═════════════════════════════════════════════════════════════════════════════════...

> File "/data/happyhoo97/repos/YOLOX/yolox/core/launch.py", line 98, in launch
    main_func(*args)
    │          └ (╒══════════════════════════════════════════╤════════════════════════════════════════════════════════════════════════════════...
    └ <function main at 0x7f9b802bfd40>

  File "tools/train.py", line 118, in main
    trainer.train()
    │       └ <function Trainer.train at 0x7f9accccb680>
    └ <yolox.core.trainer.Trainer object at 0x7f9ad93eab10>

  File "/data/happyhoo97/repos/YOLOX/yolox/core/trainer.py", line 75, in train
    self.before_train()
    │    └ <function Trainer.before_train at 0x7f9acc7c1b00>
    └ <yolox.core.trainer.Trainer object at 0x7f9ad93eab10>

  File "/data/happyhoo97/repos/YOLOX/yolox/core/trainer.py", line 155, in before_train
    model = self.resume_train(model)
            │    │            └ YOLOX(
            │    │                (backbone): YOLOPAFPN(
            │    │                  (backbone): CSPDarknet(
            │    │                    (stem): Focus(
            │    │                      (conv): BaseConv(
            │    │                        (conv): ...
            │    └ <function Trainer.resume_train at 0x7f9acc6d0320>
            └ <yolox.core.trainer.Trainer object at 0x7f9ad93eab10>

  File "/data/happyhoo97/repos/YOLOX/yolox/core/trainer.py", line 320, in resume_train
    ckpt = torch.load(ckpt_file, map_location=self.device)["model"]
           │     │    │                       │    └ 'cuda:0'
           │     │    │                       └ <yolox.core.trainer.Trainer object at 0x7f9ad93eab10>
           │     │    └ './YOLOX_outputs/yolox_s_slim_sparsity_train/latest_ckpt.pth'
           │     └ <function load at 0x7f9addc19e60>
           └ <module 'torch' from '/data/happyhoo97/anaconda3/envs/yolox_env/lib/python3.7/site-packages/torch/__init__.py'>

  File "/data/happyhoo97/anaconda3/envs/yolox_env/lib/python3.7/site-packages/torch/serialization.py", line 771, in load
    with _open_file_like(f, 'rb') as opened_file:
         │               └ './YOLOX_outputs/yolox_s_slim_sparsity_train/latest_ckpt.pth'
         └ <function _open_file_like at 0x7f9addc15440>
  File "/data/happyhoo97/anaconda3/envs/yolox_env/lib/python3.7/site-packages/torch/serialization.py", line 270, in _open_file_like
    return _open_file(name_or_buffer, mode)
           │          │               └ 'rb'
           │          └ './YOLOX_outputs/yolox_s_slim_sparsity_train/latest_ckpt.pth'
           └ <class 'torch.serialization._open_file'>
  File "/data/happyhoo97/anaconda3/envs/yolox_env/lib/python3.7/site-packages/torch/serialization.py", line 251, in __init__
    super(_open_file, self).__init__(open(name, mode))
          │           │                   │     └ 'rb'
          │           │                   └ './YOLOX_outputs/yolox_s_slim_sparsity_train/latest_ckpt.pth'
          │           └ <torch.serialization._open_file object at 0x7f9acc829310>
          └ <class 'torch.serialization._open_file'>

FileNotFoundError: [Errno 2] No such file or directory: './YOLOX_outputs/yolox_s_slim_sparsity_train/latest_ckpt.pth'
done
