extracting the dataset from NAS ...
done
/var/spool/slurm/d/job01655/slurm_script: line 22: $'\necho \'setup yolox environment ...\'\npip3 install -v -e .  # or  python3 setup.py develop\necho \'done\'\n': command not found
20221123-225321
2022-11-23 22:53:24 | INFO     | yolox.core.trainer:130 - args: Namespace(batch_size=64, cache=True, ckpt='pretrained_models/yolox_nano.pth', devices=1, dist_backend='nccl', dist_url=None, exp_file='exps/example/custom/visdrone_nano.py', experiment_name='visdrone_nano', fp16=True, logger='tensorboard', machine_rank=0, name=None, num_machines=1, occupy=False, opts=[], resume=False, start_epoch=None)
2022-11-23 22:53:24 | INFO     | yolox.core.trainer:131 - exp value:
╒═══════════════════╤════════════════════════════╕
│ keys              │ values                     │
╞═══════════════════╪════════════════════════════╡
│ seed              │ None                       │
├───────────────────┼────────────────────────────┤
│ output_dir        │ './YOLOX_outputs'          │
├───────────────────┼────────────────────────────┤
│ print_interval    │ 10                         │
├───────────────────┼────────────────────────────┤
│ eval_interval     │ 10                         │
├───────────────────┼────────────────────────────┤
│ num_classes       │ 10                         │
├───────────────────┼────────────────────────────┤
│ depth             │ 0.33                       │
├───────────────────┼────────────────────────────┤
│ width             │ 0.25                       │
├───────────────────┼────────────────────────────┤
│ act               │ 'silu'                     │
├───────────────────┼────────────────────────────┤
│ data_num_workers  │ 0                          │
├───────────────────┼────────────────────────────┤
│ input_size        │ (832, 832)                 │
├───────────────────┼────────────────────────────┤
│ multiscale_range  │ 5                          │
├───────────────────┼────────────────────────────┤
│ data_dir          │ '/local_datasets/VisDrone' │
├───────────────────┼────────────────────────────┤
│ train_ann         │ 'train2017.json'           │
├───────────────────┼────────────────────────────┤
│ val_ann           │ 'val2017.json'             │
├───────────────────┼────────────────────────────┤
│ test_ann          │ 'test2017.json'            │
├───────────────────┼────────────────────────────┤
│ mosaic_prob       │ 1.0                        │
├───────────────────┼────────────────────────────┤
│ mixup_prob        │ 1.0                        │
├───────────────────┼────────────────────────────┤
│ hsv_prob          │ 1.0                        │
├───────────────────┼────────────────────────────┤
│ flip_prob         │ 0.5                        │
├───────────────────┼────────────────────────────┤
│ degrees           │ 10.0                       │
├───────────────────┼────────────────────────────┤
│ translate         │ 0.1                        │
├───────────────────┼────────────────────────────┤
│ mosaic_scale      │ (0.5, 1.5)                 │
├───────────────────┼────────────────────────────┤
│ enable_mixup      │ False                      │
├───────────────────┼────────────────────────────┤
│ mixup_scale       │ (0.5, 1.5)                 │
├───────────────────┼────────────────────────────┤
│ shear             │ 2.0                        │
├───────────────────┼────────────────────────────┤
│ warmup_epochs     │ 5                          │
├───────────────────┼────────────────────────────┤
│ max_epoch         │ 300                        │
├───────────────────┼────────────────────────────┤
│ warmup_lr         │ 0                          │
├───────────────────┼────────────────────────────┤
│ min_lr_ratio      │ 0.05                       │
├───────────────────┼────────────────────────────┤
│ basic_lr_per_img  │ 0.00015625                 │
├───────────────────┼────────────────────────────┤
│ scheduler         │ 'yoloxwarmcos'             │
├───────────────────┼────────────────────────────┤
│ no_aug_epochs     │ 15                         │
├───────────────────┼────────────────────────────┤
│ ema               │ True                       │
├───────────────────┼────────────────────────────┤
│ weight_decay      │ 0.0005                     │
├───────────────────┼────────────────────────────┤
│ momentum          │ 0.9                        │
├───────────────────┼────────────────────────────┤
│ save_history_ckpt │ True                       │
├───────────────────┼────────────────────────────┤
│ exp_name          │ 'visdrone_nano'            │
├───────────────────┼────────────────────────────┤
│ test_size         │ (832, 832)                 │
├───────────────────┼────────────────────────────┤
│ test_conf         │ 0.01                       │
├───────────────────┼────────────────────────────┤
│ nmsthre           │ 0.65                       │
├───────────────────┼────────────────────────────┤
│ random_size       │ (10, 20)                   │
╘═══════════════════╧════════════════════════════╛
2022-11-23 22:53:25 | INFO     | yolox.core.trainer:137 - Model Summary: Params: 0.90M, Gflops: 4.32
2022-11-23 22:53:28 | INFO     | yolox.core.trainer:311 - loading checkpoint for fine tuning
2022-11-23 22:53:28 | WARNING  | yolox.utils.checkpoint:26 - Shape of head.cls_preds.0.weight in checkpoint is torch.Size([80, 64, 1, 1]), while shape of head.cls_preds.0.weight in model is torch.Size([10, 64, 1, 1]).
2022-11-23 22:53:28 | WARNING  | yolox.utils.checkpoint:26 - Shape of head.cls_preds.0.bias in checkpoint is torch.Size([80]), while shape of head.cls_preds.0.bias in model is torch.Size([10]).
2022-11-23 22:53:28 | WARNING  | yolox.utils.checkpoint:26 - Shape of head.cls_preds.1.weight in checkpoint is torch.Size([80, 64, 1, 1]), while shape of head.cls_preds.1.weight in model is torch.Size([10, 64, 1, 1]).
2022-11-23 22:53:28 | WARNING  | yolox.utils.checkpoint:26 - Shape of head.cls_preds.1.bias in checkpoint is torch.Size([80]), while shape of head.cls_preds.1.bias in model is torch.Size([10]).
2022-11-23 22:53:28 | WARNING  | yolox.utils.checkpoint:26 - Shape of head.cls_preds.2.weight in checkpoint is torch.Size([80, 64, 1, 1]), while shape of head.cls_preds.2.weight in model is torch.Size([10, 64, 1, 1]).
2022-11-23 22:53:28 | WARNING  | yolox.utils.checkpoint:26 - Shape of head.cls_preds.2.bias in checkpoint is torch.Size([80]), while shape of head.cls_preds.2.bias in model is torch.Size([10]).
2022-11-23 22:53:28 | INFO     | yolox.data.datasets.coco:65 - loading annotations into memory...
2022-11-23 22:53:29 | INFO     | yolox.data.datasets.coco:65 - Done (t=1.27s)
2022-11-23 22:53:29 | INFO     | pycocotools.coco:86 - creating index...
2022-11-23 22:53:30 | INFO     | pycocotools.coco:86 - index created!
2022-11-23 22:53:39 | WARNING  | yolox.data.datasets.coco:90 - 
********************************************************************************
You are using cached images in RAM to accelerate training.
This requires large system RAM.
Make sure you have 200G+ RAM and 136G available disk space for training COCO.
********************************************************************************

2022-11-23 22:53:39 | INFO     | yolox.data.datasets.coco:101 - Caching images for the first time. This might take about 20 minutes for COCO
2022-11-23 22:53:56 | INFO     | yolox.data.datasets.coco:129 - Loading cached imgs...
2022-11-23 22:53:56 | INFO     | yolox.core.trainer:155 - init prefetcher, this might take one minute or less...
2022-11-23 22:53:58 | INFO     | yolox.data.datasets.coco:65 - loading annotations into memory...
2022-11-23 22:53:58 | INFO     | yolox.data.datasets.coco:65 - Done (t=0.07s)
2022-11-23 22:53:58 | INFO     | pycocotools.coco:86 - creating index...
2022-11-23 22:53:58 | INFO     | pycocotools.coco:86 - index created!
2022-11-23 22:53:59 | INFO     | yolox.core.trainer:191 - Training start...
2022-11-23 22:53:59 | INFO     | yolox.core.trainer:192 - 
YOLOX(
  (backbone): YOLOPAFPN(
    (backbone): CSPDarknet(
      (stem): Focus(
        (conv): BaseConv(
          (conv): Conv2d(12, 16, kernel_size=(3, 3), stride=(1, 1), padding=(1, 1), bias=False)
          (bn): BatchNorm2d(16, eps=0.001, momentum=0.03, affine=True, track_running_stats=True)
          (act): SiLU(inplace=True)
        )
      )
      (dark2): Sequential(
        (0): DWConv(
          (dconv): BaseConv(
            (conv): Conv2d(16, 16, kernel_size=(3, 3), stride=(2, 2), padding=(1, 1), groups=16, bias=False)
            (bn): BatchNorm2d(16, eps=0.001, momentum=0.03, affine=True, track_running_stats=True)
            (act): SiLU(inplace=True)
          )
          (pconv): BaseConv(
            (conv): Conv2d(16, 32, kernel_size=(1, 1), stride=(1, 1), bias=False)
            (bn): BatchNorm2d(32, eps=0.001, momentum=0.03, affine=True, track_running_stats=True)
            (act): SiLU(inplace=True)
          )
        )
        (1): CSPLayer(
          (conv1): BaseConv(
            (conv): Conv2d(32, 16, kernel_size=(1, 1), stride=(1, 1), bias=False)
            (bn): BatchNorm2d(16, eps=0.001, momentum=0.03, affine=True, track_running_stats=True)
            (act): SiLU(inplace=True)
          )
          (conv2): BaseConv(
            (conv): Conv2d(32, 16, kernel_size=(1, 1), stride=(1, 1), bias=False)
            (bn): BatchNorm2d(16, eps=0.001, momentum=0.03, affine=True, track_running_stats=True)
            (act): SiLU(inplace=True)
          )
          (conv3): BaseConv(
            (conv): Conv2d(32, 32, kernel_size=(1, 1), stride=(1, 1), bias=False)
            (bn): BatchNorm2d(32, eps=0.001, momentum=0.03, affine=True, track_running_stats=True)
            (act): SiLU(inplace=True)
          )
          (m): Sequential(
            (0): Bottleneck(
              (conv1): BaseConv(
                (conv): Conv2d(16, 16, kernel_size=(1, 1), stride=(1, 1), bias=False)
                (bn): BatchNorm2d(16, eps=0.001, momentum=0.03, affine=True, track_running_stats=True)
                (act): SiLU(inplace=True)
              )
              (conv2): DWConv(
                (dconv): BaseConv(
                  (conv): Conv2d(16, 16, kernel_size=(3, 3), stride=(1, 1), padding=(1, 1), groups=16, bias=False)
                  (bn): BatchNorm2d(16, eps=0.001, momentum=0.03, affine=True, track_running_stats=True)
                  (act): SiLU(inplace=True)
                )
                (pconv): BaseConv(
                  (conv): Conv2d(16, 16, kernel_size=(1, 1), stride=(1, 1), bias=False)
                  (bn): BatchNorm2d(16, eps=0.001, momentum=0.03, affine=True, track_running_stats=True)
                  (act): SiLU(inplace=True)
                )
              )
            )
          )
        )
      )
      (dark3): Sequential(
        (0): DWConv(
          (dconv): BaseConv(
            (conv): Conv2d(32, 32, kernel_size=(3, 3), stride=(2, 2), padding=(1, 1), groups=32, bias=False)
            (bn): BatchNorm2d(32, eps=0.001, momentum=0.03, affine=True, track_running_stats=True)
            (act): SiLU(inplace=True)
          )
          (pconv): BaseConv(
            (conv): Conv2d(32, 64, kernel_size=(1, 1), stride=(1, 1), bias=False)
            (bn): BatchNorm2d(64, eps=0.001, momentum=0.03, affine=True, track_running_stats=True)
            (act): SiLU(inplace=True)
          )
        )
        (1): CSPLayer(
          (conv1): BaseConv(
            (conv): Conv2d(64, 32, kernel_size=(1, 1), stride=(1, 1), bias=False)
            (bn): BatchNorm2d(32, eps=0.001, momentum=0.03, affine=True, track_running_stats=True)
            (act): SiLU(inplace=True)
          )
          (conv2): BaseConv(
            (conv): Conv2d(64, 32, kernel_size=(1, 1), stride=(1, 1), bias=False)
            (bn): BatchNorm2d(32, eps=0.001, momentum=0.03, affine=True, track_running_stats=True)
            (act): SiLU(inplace=True)
          )
          (conv3): BaseConv(
            (conv): Conv2d(64, 64, kernel_size=(1, 1), stride=(1, 1), bias=False)
            (bn): BatchNorm2d(64, eps=0.001, momentum=0.03, affine=True, track_running_stats=True)
            (act): SiLU(inplace=True)
          )
          (m): Sequential(
            (0): Bottleneck(
              (conv1): BaseConv(
                (conv): Conv2d(32, 32, kernel_size=(1, 1), stride=(1, 1), bias=False)
                (bn): BatchNorm2d(32, eps=0.001, momentum=0.03, affine=True, track_running_stats=True)
                (act): SiLU(inplace=True)
              )
              (conv2): DWConv(
                (dconv): BaseConv(
                  (conv): Conv2d(32, 32, kernel_size=(3, 3), stride=(1, 1), padding=(1, 1), groups=32, bias=False)
                  (bn): BatchNorm2d(32, eps=0.001, momentum=0.03, affine=True, track_running_stats=True)
                  (act): SiLU(inplace=True)
                )
                (pconv): BaseConv(
                  (conv): Conv2d(32, 32, kernel_size=(1, 1), stride=(1, 1), bias=False)
                  (bn): BatchNorm2d(32, eps=0.001, momentum=0.03, affine=True, track_running_stats=True)
                  (act): SiLU(inplace=True)
                )
              )
            )
            (1): Bottleneck(
              (conv1): BaseConv(
                (conv): Conv2d(32, 32, kernel_size=(1, 1), stride=(1, 1), bias=False)
                (bn): BatchNorm2d(32, eps=0.001, momentum=0.03, affine=True, track_running_stats=True)
                (act): SiLU(inplace=True)
              )
              (conv2): DWConv(
                (dconv): BaseConv(
                  (conv): Conv2d(32, 32, kernel_size=(3, 3), stride=(1, 1), padding=(1, 1), groups=32, bias=False)
                  (bn): BatchNorm2d(32, eps=0.001, momentum=0.03, affine=True, track_running_stats=True)
                  (act): SiLU(inplace=True)
                )
                (pconv): BaseConv(
                  (conv): Conv2d(32, 32, kernel_size=(1, 1), stride=(1, 1), bias=False)
                  (bn): BatchNorm2d(32, eps=0.001, momentum=0.03, affine=True, track_running_stats=True)
                  (act): SiLU(inplace=True)
                )
              )
            )
            (2): Bottleneck(
              (conv1): BaseConv(
                (conv): Conv2d(32, 32, kernel_size=(1, 1), stride=(1, 1), bias=False)
                (bn): BatchNorm2d(32, eps=0.001, momentum=0.03, affine=True, track_running_stats=True)
                (act): SiLU(inplace=True)
              )
              (conv2): DWConv(
                (dconv): BaseConv(
                  (conv): Conv2d(32, 32, kernel_size=(3, 3), stride=(1, 1), padding=(1, 1), groups=32, bias=False)
                  (bn): BatchNorm2d(32, eps=0.001, momentum=0.03, affine=True, track_running_stats=True)
                  (act): SiLU(inplace=True)
                )
                (pconv): BaseConv(
                  (conv): Conv2d(32, 32, kernel_size=(1, 1), stride=(1, 1), bias=False)
                  (bn): BatchNorm2d(32, eps=0.001, momentum=0.03, affine=True, track_running_stats=True)
                  (act): SiLU(inplace=True)
                )
              )
            )
          )
        )
      )
      (dark4): Sequential(
        (0): DWConv(
          (dconv): BaseConv(
            (conv): Conv2d(64, 64, kernel_size=(3, 3), stride=(2, 2), padding=(1, 1), groups=64, bias=False)
            (bn): BatchNorm2d(64, eps=0.001, momentum=0.03, affine=True, track_running_stats=True)
            (act): SiLU(inplace=True)
          )
          (pconv): BaseConv(
            (conv): Conv2d(64, 128, kernel_size=(1, 1), stride=(1, 1), bias=False)
            (bn): BatchNorm2d(128, eps=0.001, momentum=0.03, affine=True, track_running_stats=True)
            (act): SiLU(inplace=True)
          )
        )
        (1): CSPLayer(
          (conv1): BaseConv(
            (conv): Conv2d(128, 64, kernel_size=(1, 1), stride=(1, 1), bias=False)
            (bn): BatchNorm2d(64, eps=0.001, momentum=0.03, affine=True, track_running_stats=True)
            (act): SiLU(inplace=True)
          )
          (conv2): BaseConv(
            (conv): Conv2d(128, 64, kernel_size=(1, 1), stride=(1, 1), bias=False)
            (bn): BatchNorm2d(64, eps=0.001, momentum=0.03, affine=True, track_running_stats=True)
            (act): SiLU(inplace=True)
          )
          (conv3): BaseConv(
            (conv): Conv2d(128, 128, kernel_size=(1, 1), stride=(1, 1), bias=False)
            (bn): BatchNorm2d(128, eps=0.001, momentum=0.03, affine=True, track_running_stats=True)
            (act): SiLU(inplace=True)
          )
          (m): Sequential(
            (0): Bottleneck(
              (conv1): BaseConv(
                (conv): Conv2d(64, 64, kernel_size=(1, 1), stride=(1, 1), bias=False)
                (bn): BatchNorm2d(64, eps=0.001, momentum=0.03, affine=True, track_running_stats=True)
                (act): SiLU(inplace=True)
              )
              (conv2): DWConv(
                (dconv): BaseConv(
                  (conv): Conv2d(64, 64, kernel_size=(3, 3), stride=(1, 1), padding=(1, 1), groups=64, bias=False)
                  (bn): BatchNorm2d(64, eps=0.001, momentum=0.03, affine=True, track_running_stats=True)
                  (act): SiLU(inplace=True)
                )
                (pconv): BaseConv(
                  (conv): Conv2d(64, 64, kernel_size=(1, 1), stride=(1, 1), bias=False)
                  (bn): BatchNorm2d(64, eps=0.001, momentum=0.03, affine=True, track_running_stats=True)
                  (act): SiLU(inplace=True)
                )
              )
            )
            (1): Bottleneck(
              (conv1): BaseConv(
                (conv): Conv2d(64, 64, kernel_size=(1, 1), stride=(1, 1), bias=False)
                (bn): BatchNorm2d(64, eps=0.001, momentum=0.03, affine=True, track_running_stats=True)
                (act): SiLU(inplace=True)
              )
              (conv2): DWConv(
                (dconv): BaseConv(
                  (conv): Conv2d(64, 64, kernel_size=(3, 3), stride=(1, 1), padding=(1, 1), groups=64, bias=False)
                  (bn): BatchNorm2d(64, eps=0.001, momentum=0.03, affine=True, track_running_stats=True)
                  (act): SiLU(inplace=True)
                )
                (pconv): BaseConv(
                  (conv): Conv2d(64, 64, kernel_size=(1, 1), stride=(1, 1), bias=False)
                  (bn): BatchNorm2d(64, eps=0.001, momentum=0.03, affine=True, track_running_stats=True)
                  (act): SiLU(inplace=True)
                )
              )
            )
            (2): Bottleneck(
              (conv1): BaseConv(
                (conv): Conv2d(64, 64, kernel_size=(1, 1), stride=(1, 1), bias=False)
                (bn): BatchNorm2d(64, eps=0.001, momentum=0.03, affine=True, track_running_stats=True)
                (act): SiLU(inplace=True)
              )
              (conv2): DWConv(
                (dconv): BaseConv(
                  (conv): Conv2d(64, 64, kernel_size=(3, 3), stride=(1, 1), padding=(1, 1), groups=64, bias=False)
                  (bn): BatchNorm2d(64, eps=0.001, momentum=0.03, affine=True, track_running_stats=True)
                  (act): SiLU(inplace=True)
                )
                (pconv): BaseConv(
                  (conv): Conv2d(64, 64, kernel_size=(1, 1), stride=(1, 1), bias=False)
                  (bn): BatchNorm2d(64, eps=0.001, momentum=0.03, affine=True, track_running_stats=True)
                  (act): SiLU(inplace=True)
                )
              )
            )
          )
        )
      )
      (dark5): Sequential(
        (0): DWConv(
          (dconv): BaseConv(
            (conv): Conv2d(128, 128, kernel_size=(3, 3), stride=(2, 2), padding=(1, 1), groups=128, bias=False)
            (bn): BatchNorm2d(128, eps=0.001, momentum=0.03, affine=True, track_running_stats=True)
            (act): SiLU(inplace=True)
          )
          (pconv): BaseConv(
            (conv): Conv2d(128, 256, kernel_size=(1, 1), stride=(1, 1), bias=False)
            (bn): BatchNorm2d(256, eps=0.001, momentum=0.03, affine=True, track_running_stats=True)
            (act): SiLU(inplace=True)
          )
        )
        (1): SPPBottleneck(
          (conv1): BaseConv(
            (conv): Conv2d(256, 128, kernel_size=(1, 1), stride=(1, 1), bias=False)
            (bn): BatchNorm2d(128, eps=0.001, momentum=0.03, affine=True, track_running_stats=True)
            (act): SiLU(inplace=True)
          )
          (m): ModuleList(
            (0): MaxPool2d(kernel_size=5, stride=1, padding=2, dilation=1, ceil_mode=False)
            (1): MaxPool2d(kernel_size=9, stride=1, padding=4, dilation=1, ceil_mode=False)
            (2): MaxPool2d(kernel_size=13, stride=1, padding=6, dilation=1, ceil_mode=False)
          )
          (conv2): BaseConv(
            (conv): Conv2d(512, 256, kernel_size=(1, 1), stride=(1, 1), bias=False)
            (bn): BatchNorm2d(256, eps=0.001, momentum=0.03, affine=True, track_running_stats=True)
            (act): SiLU(inplace=True)
          )
        )
        (2): CSPLayer(
          (conv1): BaseConv(
            (conv): Conv2d(256, 128, kernel_size=(1, 1), stride=(1, 1), bias=False)
            (bn): BatchNorm2d(128, eps=0.001, momentum=0.03, affine=True, track_running_stats=True)
            (act): SiLU(inplace=True)
          )
          (conv2): BaseConv(
            (conv): Conv2d(256, 128, kernel_size=(1, 1), stride=(1, 1), bias=False)
            (bn): BatchNorm2d(128, eps=0.001, momentum=0.03, affine=True, track_running_stats=True)
            (act): SiLU(inplace=True)
          )
          (conv3): BaseConv(
            (conv): Conv2d(256, 256, kernel_size=(1, 1), stride=(1, 1), bias=False)
            (bn): BatchNorm2d(256, eps=0.001, momentum=0.03, affine=True, track_running_stats=True)
            (act): SiLU(inplace=True)
          )
          (m): Sequential(
            (0): Bottleneck(
              (conv1): BaseConv(
                (conv): Conv2d(128, 128, kernel_size=(1, 1), stride=(1, 1), bias=False)
                (bn): BatchNorm2d(128, eps=0.001, momentum=0.03, affine=True, track_running_stats=True)
                (act): SiLU(inplace=True)
              )
              (conv2): DWConv(
                (dconv): BaseConv(
                  (conv): Conv2d(128, 128, kernel_size=(3, 3), stride=(1, 1), padding=(1, 1), groups=128, bias=False)
                  (bn): BatchNorm2d(128, eps=0.001, momentum=0.03, affine=True, track_running_stats=True)
                  (act): SiLU(inplace=True)
                )
                (pconv): BaseConv(
                  (conv): Conv2d(128, 128, kernel_size=(1, 1), stride=(1, 1), bias=False)
                  (bn): BatchNorm2d(128, eps=0.001, momentum=0.03, affine=True, track_running_stats=True)
                  (act): SiLU(inplace=True)
                )
              )
            )
          )
        )
      )
    )
    (upsample): Upsample(scale_factor=2.0, mode=nearest)
    (lateral_conv0): BaseConv(
      (conv): Conv2d(256, 128, kernel_size=(1, 1), stride=(1, 1), bias=False)
      (bn): BatchNorm2d(128, eps=0.001, momentum=0.03, affine=True, track_running_stats=True)
      (act): SiLU(inplace=True)
    )
    (C3_p4): CSPLayer(
      (conv1): BaseConv(
        (conv): Conv2d(256, 64, kernel_size=(1, 1), stride=(1, 1), bias=False)
        (bn): BatchNorm2d(64, eps=0.001, momentum=0.03, affine=True, track_running_stats=True)
        (act): SiLU(inplace=True)
      )
      (conv2): BaseConv(
        (conv): Conv2d(256, 64, kernel_size=(1, 1), stride=(1, 1), bias=False)
        (bn): BatchNorm2d(64, eps=0.001, momentum=0.03, affine=True, track_running_stats=True)
        (act): SiLU(inplace=True)
      )
      (conv3): BaseConv(
        (conv): Conv2d(128, 128, kernel_size=(1, 1), stride=(1, 1), bias=False)
        (bn): BatchNorm2d(128, eps=0.001, momentum=0.03, affine=True, track_running_stats=True)
        (act): SiLU(inplace=True)
      )
      (m): Sequential(
        (0): Bottleneck(
          (conv1): BaseConv(
            (conv): Conv2d(64, 64, kernel_size=(1, 1), stride=(1, 1), bias=False)
            (bn): BatchNorm2d(64, eps=0.001, momentum=0.03, affine=True, track_running_stats=True)
            (act): SiLU(inplace=True)
          )
          (conv2): DWConv(
            (dconv): BaseConv(
              (conv): Conv2d(64, 64, kernel_size=(3, 3), stride=(1, 1), padding=(1, 1), groups=64, bias=False)
              (bn): BatchNorm2d(64, eps=0.001, momentum=0.03, affine=True, track_running_stats=True)
              (act): SiLU(inplace=True)
            )
            (pconv): BaseConv(
              (conv): Conv2d(64, 64, kernel_size=(1, 1), stride=(1, 1), bias=False)
              (bn): BatchNorm2d(64, eps=0.001, momentum=0.03, affine=True, track_running_stats=True)
              (act): SiLU(inplace=True)
            )
          )
        )
      )
    )
    (reduce_conv1): BaseConv(
      (conv): Conv2d(128, 64, kernel_size=(1, 1), stride=(1, 1), bias=False)
      (bn): BatchNorm2d(64, eps=0.001, momentum=0.03, affine=True, track_running_stats=True)
      (act): SiLU(inplace=True)
    )
    (C3_p3): CSPLayer(
      (conv1): BaseConv(
        (conv): Conv2d(128, 32, kernel_size=(1, 1), stride=(1, 1), bias=False)
        (bn): BatchNorm2d(32, eps=0.001, momentum=0.03, affine=True, track_running_stats=True)
        (act): SiLU(inplace=True)
      )
      (conv2): BaseConv(
        (conv): Conv2d(128, 32, kernel_size=(1, 1), stride=(1, 1), bias=False)
        (bn): BatchNorm2d(32, eps=0.001, momentum=0.03, affine=True, track_running_stats=True)
        (act): SiLU(inplace=True)
      )
      (conv3): BaseConv(
        (conv): Conv2d(64, 64, kernel_size=(1, 1), stride=(1, 1), bias=False)
        (bn): BatchNorm2d(64, eps=0.001, momentum=0.03, affine=True, track_running_stats=True)
        (act): SiLU(inplace=True)
      )
      (m): Sequential(
        (0): Bottleneck(
          (conv1): BaseConv(
            (conv): Conv2d(32, 32, kernel_size=(1, 1), stride=(1, 1), bias=False)
            (bn): BatchNorm2d(32, eps=0.001, momentum=0.03, affine=True, track_running_stats=True)
            (act): SiLU(inplace=True)
          )
          (conv2): DWConv(
            (dconv): BaseConv(
              (conv): Conv2d(32, 32, kernel_size=(3, 3), stride=(1, 1), padding=(1, 1), groups=32, bias=False)
              (bn): BatchNorm2d(32, eps=0.001, momentum=0.03, affine=True, track_running_stats=True)
              (act): SiLU(inplace=True)
            )
            (pconv): BaseConv(
              (conv): Conv2d(32, 32, kernel_size=(1, 1), stride=(1, 1), bias=False)
              (bn): BatchNorm2d(32, eps=0.001, momentum=0.03, affine=True, track_running_stats=True)
              (act): SiLU(inplace=True)
            )
          )
        )
      )
    )
    (bu_conv2): DWConv(
      (dconv): BaseConv(
        (conv): Conv2d(64, 64, kernel_size=(3, 3), stride=(2, 2), padding=(1, 1), groups=64, bias=False)
        (bn): BatchNorm2d(64, eps=0.001, momentum=0.03, affine=True, track_running_stats=True)
        (act): SiLU(inplace=True)
      )
      (pconv): BaseConv(
        (conv): Conv2d(64, 64, kernel_size=(1, 1), stride=(1, 1), bias=False)
        (bn): BatchNorm2d(64, eps=0.001, momentum=0.03, affine=True, track_running_stats=True)
        (act): SiLU(inplace=True)
      )
    )
    (C3_n3): CSPLayer(
      (conv1): BaseConv(
        (conv): Conv2d(128, 64, kernel_size=(1, 1), stride=(1, 1), bias=False)
        (bn): BatchNorm2d(64, eps=0.001, momentum=0.03, affine=True, track_running_stats=True)
        (act): SiLU(inplace=True)
      )
      (conv2): BaseConv(
        (conv): Conv2d(128, 64, kernel_size=(1, 1), stride=(1, 1), bias=False)
        (bn): BatchNorm2d(64, eps=0.001, momentum=0.03, affine=True, track_running_stats=True)
        (act): SiLU(inplace=True)
      )
      (conv3): BaseConv(
        (conv): Conv2d(128, 128, kernel_size=(1, 1), stride=(1, 1), bias=False)
        (bn): BatchNorm2d(128, eps=0.001, momentum=0.03, affine=True, track_running_stats=True)
        (act): SiLU(inplace=True)
      )
      (m): Sequential(
        (0): Bottleneck(
          (conv1): BaseConv(
            (conv): Conv2d(64, 64, kernel_size=(1, 1), stride=(1, 1), bias=False)
            (bn): BatchNorm2d(64, eps=0.001, momentum=0.03, affine=True, track_running_stats=True)
            (act): SiLU(inplace=True)
          )
          (conv2): DWConv(
            (dconv): BaseConv(
              (conv): Conv2d(64, 64, kernel_size=(3, 3), stride=(1, 1), padding=(1, 1), groups=64, bias=False)
              (bn): BatchNorm2d(64, eps=0.001, momentum=0.03, affine=True, track_running_stats=True)
              (act): SiLU(inplace=True)
            )
            (pconv): BaseConv(
              (conv): Conv2d(64, 64, kernel_size=(1, 1), stride=(1, 1), bias=False)
              (bn): BatchNorm2d(64, eps=0.001, momentum=0.03, affine=True, track_running_stats=True)
              (act): SiLU(inplace=True)
            )
          )
        )
      )
    )
    (bu_conv1): DWConv(
      (dconv): BaseConv(
        (conv): Conv2d(128, 128, kernel_size=(3, 3), stride=(2, 2), padding=(1, 1), groups=128, bias=False)
        (bn): BatchNorm2d(128, eps=0.001, momentum=0.03, affine=True, track_running_stats=True)
        (act): SiLU(inplace=True)
      )
      (pconv): BaseConv(
        (conv): Conv2d(128, 128, kernel_size=(1, 1), stride=(1, 1), bias=False)
        (bn): BatchNorm2d(128, eps=0.001, momentum=0.03, affine=True, track_running_stats=True)
        (act): SiLU(inplace=True)
      )
    )
    (C3_n4): CSPLayer(
      (conv1): BaseConv(
        (conv): Conv2d(256, 128, kernel_size=(1, 1), stride=(1, 1), bias=False)
        (bn): BatchNorm2d(128, eps=0.001, momentum=0.03, affine=True, track_running_stats=True)
        (act): SiLU(inplace=True)
      )
      (conv2): BaseConv(
        (conv): Conv2d(256, 128, kernel_size=(1, 1), stride=(1, 1), bias=False)
        (bn): BatchNorm2d(128, eps=0.001, momentum=0.03, affine=True, track_running_stats=True)
        (act): SiLU(inplace=True)
      )
      (conv3): BaseConv(
        (conv): Conv2d(256, 256, kernel_size=(1, 1), stride=(1, 1), bias=False)
        (bn): BatchNorm2d(256, eps=0.001, momentum=0.03, affine=True, track_running_stats=True)
        (act): SiLU(inplace=True)
      )
      (m): Sequential(
        (0): Bottleneck(
          (conv1): BaseConv(
            (conv): Conv2d(128, 128, kernel_size=(1, 1), stride=(1, 1), bias=False)
            (bn): BatchNorm2d(128, eps=0.001, momentum=0.03, affine=True, track_running_stats=True)
            (act): SiLU(inplace=True)
          )
          (conv2): DWConv(
            (dconv): BaseConv(
              (conv): Conv2d(128, 128, kernel_size=(3, 3), stride=(1, 1), padding=(1, 1), groups=128, bias=False)
              (bn): BatchNorm2d(128, eps=0.001, momentum=0.03, affine=True, track_running_stats=True)
              (act): SiLU(inplace=True)
            )
            (pconv): BaseConv(
              (conv): Conv2d(128, 128, kernel_size=(1, 1), stride=(1, 1), bias=False)
              (bn): BatchNorm2d(128, eps=0.001, momentum=0.03, affine=True, track_running_stats=True)
              (act): SiLU(inplace=True)
            )
          )
        )
      )
    )
  )
  (head): YOLOXHead(
    (cls_convs): ModuleList(
      (0): Sequential(
        (0): DWConv(
          (dconv): BaseConv(
            (conv): Conv2d(64, 64, kernel_size=(3, 3), stride=(1, 1), padding=(1, 1), groups=64, bias=False)
            (bn): BatchNorm2d(64, eps=0.001, momentum=0.03, affine=True, track_running_stats=True)
            (act): SiLU(inplace=True)
          )
          (pconv): BaseConv(
            (conv): Conv2d(64, 64, kernel_size=(1, 1), stride=(1, 1), bias=False)
            (bn): BatchNorm2d(64, eps=0.001, momentum=0.03, affine=True, track_running_stats=True)
            (act): SiLU(inplace=True)
          )
        )
        (1): DWConv(
          (dconv): BaseConv(
            (conv): Conv2d(64, 64, kernel_size=(3, 3), stride=(1, 1), padding=(1, 1), groups=64, bias=False)
            (bn): BatchNorm2d(64, eps=0.001, momentum=0.03, affine=True, track_running_stats=True)
            (act): SiLU(inplace=True)
          )
          (pconv): BaseConv(
            (conv): Conv2d(64, 64, kernel_size=(1, 1), stride=(1, 1), bias=False)
            (bn): BatchNorm2d(64, eps=0.001, momentum=0.03, affine=True, track_running_stats=True)
            (act): SiLU(inplace=True)
          )
        )
      )
      (1): Sequential(
        (0): DWConv(
          (dconv): BaseConv(
            (conv): Conv2d(64, 64, kernel_size=(3, 3), stride=(1, 1), padding=(1, 1), groups=64, bias=False)
            (bn): BatchNorm2d(64, eps=0.001, momentum=0.03, affine=True, track_running_stats=True)
            (act): SiLU(inplace=True)
          )
          (pconv): BaseConv(
            (conv): Conv2d(64, 64, kernel_size=(1, 1), stride=(1, 1), bias=False)
            (bn): BatchNorm2d(64, eps=0.001, momentum=0.03, affine=True, track_running_stats=True)
            (act): SiLU(inplace=True)
          )
        )
        (1): DWConv(
          (dconv): BaseConv(
            (conv): Conv2d(64, 64, kernel_size=(3, 3), stride=(1, 1), padding=(1, 1), groups=64, bias=False)
            (bn): BatchNorm2d(64, eps=0.001, momentum=0.03, affine=True, track_running_stats=True)
            (act): SiLU(inplace=True)
          )
          (pconv): BaseConv(
            (conv): Conv2d(64, 64, kernel_size=(1, 1), stride=(1, 1), bias=False)
            (bn): BatchNorm2d(64, eps=0.001, momentum=0.03, affine=True, track_running_stats=True)
            (act): SiLU(inplace=True)
          )
        )
      )
      (2): Sequential(
        (0): DWConv(
          (dconv): BaseConv(
            (conv): Conv2d(64, 64, kernel_size=(3, 3), stride=(1, 1), padding=(1, 1), groups=64, bias=False)
            (bn): BatchNorm2d(64, eps=0.001, momentum=0.03, affine=True, track_running_stats=True)
            (act): SiLU(inplace=True)
          )
          (pconv): BaseConv(
            (conv): Conv2d(64, 64, kernel_size=(1, 1), stride=(1, 1), bias=False)
            (bn): BatchNorm2d(64, eps=0.001, momentum=0.03, affine=True, track_running_stats=True)
            (act): SiLU(inplace=True)
          )
        )
        (1): DWConv(
          (dconv): BaseConv(
            (conv): Conv2d(64, 64, kernel_size=(3, 3), stride=(1, 1), padding=(1, 1), groups=64, bias=False)
            (bn): BatchNorm2d(64, eps=0.001, momentum=0.03, affine=True, track_running_stats=True)
            (act): SiLU(inplace=True)
          )
          (pconv): BaseConv(
            (conv): Conv2d(64, 64, kernel_size=(1, 1), stride=(1, 1), bias=False)
            (bn): BatchNorm2d(64, eps=0.001, momentum=0.03, affine=True, track_running_stats=True)
            (act): SiLU(inplace=True)
          )
        )
      )
    )
    (reg_convs): ModuleList(
      (0): Sequential(
        (0): DWConv(
          (dconv): BaseConv(
            (conv): Conv2d(64, 64, kernel_size=(3, 3), stride=(1, 1), padding=(1, 1), groups=64, bias=False)
            (bn): BatchNorm2d(64, eps=0.001, momentum=0.03, affine=True, track_running_stats=True)
            (act): SiLU(inplace=True)
          )
          (pconv): BaseConv(
            (conv): Conv2d(64, 64, kernel_size=(1, 1), stride=(1, 1), bias=False)
            (bn): BatchNorm2d(64, eps=0.001, momentum=0.03, affine=True, track_running_stats=True)
            (act): SiLU(inplace=True)
          )
        )
        (1): DWConv(
          (dconv): BaseConv(
            (conv): Conv2d(64, 64, kernel_size=(3, 3), stride=(1, 1), padding=(1, 1), groups=64, bias=False)
            (bn): BatchNorm2d(64, eps=0.001, momentum=0.03, affine=True, track_running_stats=True)
            (act): SiLU(inplace=True)
          )
          (pconv): BaseConv(
            (conv): Conv2d(64, 64, kernel_size=(1, 1), stride=(1, 1), bias=False)
            (bn): BatchNorm2d(64, eps=0.001, momentum=0.03, affine=True, track_running_stats=True)
            (act): SiLU(inplace=True)
          )
        )
      )
      (1): Sequential(
        (0): DWConv(
          (dconv): BaseConv(
            (conv): Conv2d(64, 64, kernel_size=(3, 3), stride=(1, 1), padding=(1, 1), groups=64, bias=False)
            (bn): BatchNorm2d(64, eps=0.001, momentum=0.03, affine=True, track_running_stats=True)
            (act): SiLU(inplace=True)
          )
          (pconv): BaseConv(
            (conv): Conv2d(64, 64, kernel_size=(1, 1), stride=(1, 1), bias=False)
            (bn): BatchNorm2d(64, eps=0.001, momentum=0.03, affine=True, track_running_stats=True)
            (act): SiLU(inplace=True)
          )
        )
        (1): DWConv(
          (dconv): BaseConv(
            (conv): Conv2d(64, 64, kernel_size=(3, 3), stride=(1, 1), padding=(1, 1), groups=64, bias=False)
            (bn): BatchNorm2d(64, eps=0.001, momentum=0.03, affine=True, track_running_stats=True)
            (act): SiLU(inplace=True)
          )
          (pconv): BaseConv(
            (conv): Conv2d(64, 64, kernel_size=(1, 1), stride=(1, 1), bias=False)
            (bn): BatchNorm2d(64, eps=0.001, momentum=0.03, affine=True, track_running_stats=True)
            (act): SiLU(inplace=True)
          )
        )
      )
      (2): Sequential(
        (0): DWConv(
          (dconv): BaseConv(
            (conv): Conv2d(64, 64, kernel_size=(3, 3), stride=(1, 1), padding=(1, 1), groups=64, bias=False)
            (bn): BatchNorm2d(64, eps=0.001, momentum=0.03, affine=True, track_running_stats=True)
            (act): SiLU(inplace=True)
          )
          (pconv): BaseConv(
            (conv): Conv2d(64, 64, kernel_size=(1, 1), stride=(1, 1), bias=False)
            (bn): BatchNorm2d(64, eps=0.001, momentum=0.03, affine=True, track_running_stats=True)
            (act): SiLU(inplace=True)
          )
        )
        (1): DWConv(
          (dconv): BaseConv(
            (conv): Conv2d(64, 64, kernel_size=(3, 3), stride=(1, 1), padding=(1, 1), groups=64, bias=False)
            (bn): BatchNorm2d(64, eps=0.001, momentum=0.03, affine=True, track_running_stats=True)
            (act): SiLU(inplace=True)
          )
          (pconv): BaseConv(
            (conv): Conv2d(64, 64, kernel_size=(1, 1), stride=(1, 1), bias=False)
            (bn): BatchNorm2d(64, eps=0.001, momentum=0.03, affine=True, track_running_stats=True)
            (act): SiLU(inplace=True)
          )
        )
      )
    )
    (cls_preds): ModuleList(
      (0): Conv2d(64, 10, kernel_size=(1, 1), stride=(1, 1))
      (1): Conv2d(64, 10, kernel_size=(1, 1), stride=(1, 1))
      (2): Conv2d(64, 10, kernel_size=(1, 1), stride=(1, 1))
    )
    (reg_preds): ModuleList(
      (0): Conv2d(64, 4, kernel_size=(1, 1), stride=(1, 1))
      (1): Conv2d(64, 4, kernel_size=(1, 1), stride=(1, 1))
      (2): Conv2d(64, 4, kernel_size=(1, 1), stride=(1, 1))
    )
    (obj_preds): ModuleList(
      (0): Conv2d(64, 1, kernel_size=(1, 1), stride=(1, 1))
      (1): Conv2d(64, 1, kernel_size=(1, 1), stride=(1, 1))
      (2): Conv2d(64, 1, kernel_size=(1, 1), stride=(1, 1))
    )
    (stems): ModuleList(
      (0): BaseConv(
        (conv): Conv2d(64, 64, kernel_size=(1, 1), stride=(1, 1), bias=False)
        (bn): BatchNorm2d(64, eps=0.001, momentum=0.03, affine=True, track_running_stats=True)
        (act): SiLU(inplace=True)
      )
      (1): BaseConv(
        (conv): Conv2d(128, 64, kernel_size=(1, 1), stride=(1, 1), bias=False)
        (bn): BatchNorm2d(64, eps=0.001, momentum=0.03, affine=True, track_running_stats=True)
        (act): SiLU(inplace=True)
      )
      (2): BaseConv(
        (conv): Conv2d(256, 64, kernel_size=(1, 1), stride=(1, 1), bias=False)
        (bn): BatchNorm2d(64, eps=0.001, momentum=0.03, affine=True, track_running_stats=True)
        (act): SiLU(inplace=True)
      )
    )
    (l1_loss): L1Loss()
    (bcewithlog_loss): BCEWithLogitsLoss()
    (iou_loss): IOUloss()
  )
)
2022-11-23 22:53:59 | INFO     | yolox.core.trainer:203 - ---> start train epoch1
2022-11-23 22:54:36 | INFO     | yolox.core.trainer:261 - epoch: 1/300, iter: 10/102, mem: 14202Mb, iter_time: 3.655s, data_time: 2.023s, total_loss: 10.1, iou_loss: 3.0, l1_loss: 0.0, conf_loss: 4.1, cls_loss: 3.0, lr: 3.845e-06, size: 832, ETA: 1 day, 7:03:13
2022-11-23 22:55:02 | INFO     | yolox.core.trainer:261 - epoch: 1/300, iter: 20/102, mem: 14202Mb, iter_time: 2.591s, data_time: 2.043s, total_loss: 10.6, iou_loss: 3.9, l1_loss: 0.0, conf_loss: 4.7, cls_loss: 1.9, lr: 1.538e-05, size: 352, ETA: 1 day, 2:31:29
2022-11-23 22:55:26 | INFO     | yolox.core.trainer:261 - epoch: 1/300, iter: 30/102, mem: 14202Mb, iter_time: 2.456s, data_time: 2.015s, total_loss: 9.1, iou_loss: 3.7, l1_loss: 0.0, conf_loss: 3.5, cls_loss: 1.9, lr: 3.460e-05, size: 352, ETA: 1 day, 0:37:47
2022-11-23 22:55:50 | INFO     | yolox.core.trainer:261 - epoch: 1/300, iter: 40/102, mem: 14202Mb, iter_time: 2.323s, data_time: 1.879s, total_loss: 8.7, iou_loss: 3.9, l1_loss: 0.0, conf_loss: 3.3, cls_loss: 1.6, lr: 6.151e-05, size: 352, ETA: 23:23:50
2022-11-23 22:56:16 | INFO     | yolox.core.trainer:261 - epoch: 1/300, iter: 50/102, mem: 14202Mb, iter_time: 2.636s, data_time: 1.947s, total_loss: 7.7, iou_loss: 3.1, l1_loss: 0.0, conf_loss: 2.8, cls_loss: 1.8, lr: 9.612e-05, size: 640, ETA: 23:11:10
2022-11-23 22:56:41 | INFO     | yolox.core.trainer:261 - epoch: 1/300, iter: 60/102, mem: 14202Mb, iter_time: 2.501s, data_time: 1.929s, total_loss: 7.9, iou_loss: 3.6, l1_loss: 0.0, conf_loss: 2.8, cls_loss: 1.4, lr: 1.384e-04, size: 384, ETA: 22:51:04
2022-11-23 22:57:05 | INFO     | yolox.core.trainer:261 - epoch: 1/300, iter: 70/102, mem: 14202Mb, iter_time: 2.424s, data_time: 1.880s, total_loss: 7.2, iou_loss: 3.2, l1_loss: 0.0, conf_loss: 2.5, cls_loss: 1.5, lr: 1.884e-04, size: 416, ETA: 22:31:02
2022-11-23 22:57:28 | INFO     | yolox.core.trainer:261 - epoch: 1/300, iter: 80/102, mem: 14202Mb, iter_time: 2.317s, data_time: 1.852s, total_loss: 7.5, iou_loss: 3.6, l1_loss: 0.0, conf_loss: 2.6, cls_loss: 1.3, lr: 2.461e-04, size: 352, ETA: 22:09:05
2022-11-23 22:57:55 | INFO     | yolox.core.trainer:261 - epoch: 1/300, iter: 90/102, mem: 14202Mb, iter_time: 2.620s, data_time: 1.911s, total_loss: 6.9, iou_loss: 3.0, l1_loss: 0.0, conf_loss: 2.4, cls_loss: 1.5, lr: 3.114e-04, size: 608, ETA: 22:09:02
2022-11-23 22:58:20 | INFO     | yolox.core.trainer:261 - epoch: 1/300, iter: 100/102, mem: 14202Mb, iter_time: 2.537s, data_time: 1.936s, total_loss: 6.9, iou_loss: 3.2, l1_loss: 0.0, conf_loss: 2.3, cls_loss: 1.4, lr: 3.845e-04, size: 448, ETA: 22:04:43
2022-11-23 22:58:25 | INFO     | yolox.core.trainer:356 - Save weights to ./YOLOX_outputs/visdrone_nano
2022-11-23 22:58:25 | INFO     | yolox.core.trainer:203 - ---> start train epoch2
2022-11-23 22:58:49 | INFO     | yolox.core.trainer:261 - epoch: 2/300, iter: 10/102, mem: 14202Mb, iter_time: 2.378s, data_time: 1.838s, total_loss: 7.1, iou_loss: 3.2, l1_loss: 0.0, conf_loss: 2.5, cls_loss: 1.4, lr: 4.823e-04, size: 512, ETA: 21:52:46
2022-11-23 22:59:14 | INFO     | yolox.core.trainer:261 - epoch: 2/300, iter: 20/102, mem: 14202Mb, iter_time: 2.533s, data_time: 1.830s, total_loss: 6.7, iou_loss: 3.1, l1_loss: 0.0, conf_loss: 2.2, cls_loss: 1.4, lr: 5.722e-04, size: 480, ETA: 21:50:13
2022-11-23 22:59:38 | INFO     | yolox.core.trainer:261 - epoch: 2/300, iter: 30/102, mem: 14202Mb, iter_time: 2.349s, data_time: 1.873s, total_loss: 6.8, iou_loss: 3.3, l1_loss: 0.0, conf_loss: 2.2, cls_loss: 1.3, lr: 6.699e-04, size: 320, ETA: 21:40:56
2022-11-23 23:00:02 | INFO     | yolox.core.trainer:261 - epoch: 2/300, iter: 40/102, mem: 14202Mb, iter_time: 2.389s, data_time: 1.925s, total_loss: 6.8, iou_loss: 3.1, l1_loss: 0.0, conf_loss: 2.3, cls_loss: 1.3, lr: 7.752e-04, size: 448, ETA: 21:34:19
2022-11-23 23:00:25 | INFO     | yolox.core.trainer:261 - epoch: 2/300, iter: 50/102, mem: 14202Mb, iter_time: 2.331s, data_time: 1.843s, total_loss: 6.5, iou_loss: 3.1, l1_loss: 0.0, conf_loss: 2.1, cls_loss: 1.3, lr: 8.883e-04, size: 448, ETA: 21:26:36
2022-11-23 23:00:48 | INFO     | yolox.core.trainer:261 - epoch: 2/300, iter: 60/102, mem: 14202Mb, iter_time: 2.334s, data_time: 1.836s, total_loss: 6.5, iou_loss: 2.9, l1_loss: 0.0, conf_loss: 2.3, cls_loss: 1.3, lr: 1.009e-03, size: 640, ETA: 21:19:52
2022-11-23 23:01:14 | INFO     | yolox.core.trainer:261 - epoch: 2/300, iter: 70/102, mem: 14202Mb, iter_time: 2.552s, data_time: 1.853s, total_loss: 6.7, iou_loss: 3.0, l1_loss: 0.0, conf_loss: 2.3, cls_loss: 1.4, lr: 1.137e-03, size: 544, ETA: 21:20:19
2022-11-23 23:01:39 | INFO     | yolox.core.trainer:261 - epoch: 2/300, iter: 80/102, mem: 14202Mb, iter_time: 2.476s, data_time: 1.940s, total_loss: 6.9, iou_loss: 3.3, l1_loss: 0.0, conf_loss: 2.3, cls_loss: 1.3, lr: 1.274e-03, size: 352, ETA: 21:18:32
2022-11-23 23:02:02 | INFO     | yolox.core.trainer:261 - epoch: 2/300, iter: 90/102, mem: 14202Mb, iter_time: 2.328s, data_time: 1.863s, total_loss: 6.5, iou_loss: 2.8, l1_loss: 0.0, conf_loss: 2.4, cls_loss: 1.3, lr: 1.417e-03, size: 640, ETA: 21:12:59
2022-11-23 23:02:26 | INFO     | yolox.core.trainer:261 - epoch: 2/300, iter: 100/102, mem: 14202Mb, iter_time: 2.382s, data_time: 1.855s, total_loss: 6.5, iou_loss: 3.1, l1_loss: 0.0, conf_loss: 2.1, cls_loss: 1.3, lr: 1.569e-03, size: 448, ETA: 21:09:18
2022-11-23 23:02:30 | INFO     | yolox.core.trainer:356 - Save weights to ./YOLOX_outputs/visdrone_nano
2022-11-23 23:02:30 | INFO     | yolox.core.trainer:203 - ---> start train epoch3
2022-11-23 23:02:54 | INFO     | yolox.core.trainer:261 - epoch: 3/300, iter: 10/102, mem: 14202Mb, iter_time: 2.316s, data_time: 1.830s, total_loss: 6.4, iou_loss: 3.0, l1_loss: 0.0, conf_loss: 2.1, cls_loss: 1.3, lr: 1.761e-03, size: 512, ETA: 21:03:23
2022-11-23 23:03:18 | INFO     | yolox.core.trainer:261 - epoch: 3/300, iter: 20/102, mem: 14202Mb, iter_time: 2.429s, data_time: 1.928s, total_loss: 6.3, iou_loss: 3.0, l1_loss: 0.0, conf_loss: 2.0, cls_loss: 1.3, lr: 1.929e-03, size: 448, ETA: 21:01:28
2022-11-23 23:03:42 | INFO     | yolox.core.trainer:261 - epoch: 3/300, iter: 30/102, mem: 14202Mb, iter_time: 2.386s, data_time: 1.866s, total_loss: 6.2, iou_loss: 2.8, l1_loss: 0.0, conf_loss: 2.1, cls_loss: 1.3, lr: 2.105e-03, size: 608, ETA: 20:58:46
2022-11-23 23:04:05 | INFO     | yolox.core.trainer:261 - epoch: 3/300, iter: 40/102, mem: 14202Mb, iter_time: 2.356s, data_time: 1.821s, total_loss: 6.2, iou_loss: 3.0, l1_loss: 0.0, conf_loss: 2.0, cls_loss: 1.2, lr: 2.289e-03, size: 480, ETA: 20:55:37
2022-11-23 23:04:28 | INFO     | yolox.core.trainer:261 - epoch: 3/300, iter: 50/102, mem: 14202Mb, iter_time: 2.321s, data_time: 1.821s, total_loss: 6.4, iou_loss: 3.1, l1_loss: 0.0, conf_loss: 2.0, cls_loss: 1.3, lr: 2.480e-03, size: 448, ETA: 20:52:00
2022-11-23 23:04:52 | INFO     | yolox.core.trainer:261 - epoch: 3/300, iter: 60/102, mem: 14202Mb, iter_time: 2.376s, data_time: 1.865s, total_loss: 6.2, iou_loss: 2.9, l1_loss: 0.0, conf_loss: 2.0, cls_loss: 1.3, lr: 2.680e-03, size: 544, ETA: 20:49:41
2022-11-23 23:05:17 | INFO     | yolox.core.trainer:261 - epoch: 3/300, iter: 70/102, mem: 14202Mb, iter_time: 2.443s, data_time: 1.897s, total_loss: 6.1, iou_loss: 2.8, l1_loss: 0.0, conf_loss: 2.0, cls_loss: 1.3, lr: 2.886e-03, size: 640, ETA: 20:48:45
2022-11-23 23:05:40 | INFO     | yolox.core.trainer:261 - epoch: 3/300, iter: 80/102, mem: 14202Mb, iter_time: 2.349s, data_time: 1.811s, total_loss: 6.2, iou_loss: 3.0, l1_loss: 0.0, conf_loss: 2.0, cls_loss: 1.2, lr: 3.101e-03, size: 512, ETA: 20:46:10
2022-11-23 23:06:04 | INFO     | yolox.core.trainer:261 - epoch: 3/300, iter: 90/102, mem: 14202Mb, iter_time: 2.335s, data_time: 1.836s, total_loss: 6.0, iou_loss: 2.9, l1_loss: 0.0, conf_loss: 1.9, cls_loss: 1.2, lr: 3.323e-03, size: 480, ETA: 20:43:30
2022-11-23 23:06:27 | INFO     | yolox.core.trainer:261 - epoch: 3/300, iter: 100/102, mem: 14202Mb, iter_time: 2.307s, data_time: 1.823s, total_loss: 6.6, iou_loss: 3.4, l1_loss: 0.0, conf_loss: 2.1, cls_loss: 1.2, lr: 3.553e-03, size: 320, ETA: 20:40:31
2022-11-23 23:06:31 | INFO     | yolox.core.trainer:356 - Save weights to ./YOLOX_outputs/visdrone_nano
2022-11-23 23:06:31 | INFO     | yolox.core.trainer:203 - ---> start train epoch4
2022-11-23 23:06:55 | INFO     | yolox.core.trainer:261 - epoch: 4/300, iter: 10/102, mem: 14202Mb, iter_time: 2.391s, data_time: 1.912s, total_loss: 6.5, iou_loss: 3.4, l1_loss: 0.0, conf_loss: 2.1, cls_loss: 1.1, lr: 3.839e-03, size: 352, ETA: 20:38:41
2022-11-23 23:07:18 | INFO     | yolox.core.trainer:261 - epoch: 4/300, iter: 20/102, mem: 14202Mb, iter_time: 2.294s, data_time: 1.819s, total_loss: 6.0, iou_loss: 3.0, l1_loss: 0.0, conf_loss: 1.9, cls_loss: 1.2, lr: 4.086e-03, size: 480, ETA: 20:35:47
2022-11-23 23:07:41 | INFO     | yolox.core.trainer:261 - epoch: 4/300, iter: 30/102, mem: 14202Mb, iter_time: 2.293s, data_time: 1.809s, total_loss: 6.2, iou_loss: 2.9, l1_loss: 0.0, conf_loss: 2.0, cls_loss: 1.2, lr: 4.340e-03, size: 544, ETA: 20:33:02
2022-11-23 23:08:04 | INFO     | yolox.core.trainer:261 - epoch: 4/300, iter: 40/102, mem: 14202Mb, iter_time: 2.290s, data_time: 1.805s, total_loss: 6.5, iou_loss: 3.3, l1_loss: 0.0, conf_loss: 2.0, cls_loss: 1.2, lr: 4.603e-03, size: 320, ETA: 20:30:23
2022-11-23 23:08:29 | INFO     | yolox.core.trainer:261 - epoch: 4/300, iter: 50/102, mem: 14202Mb, iter_time: 2.514s, data_time: 1.868s, total_loss: 6.2, iou_loss: 3.0, l1_loss: 0.0, conf_loss: 2.0, cls_loss: 1.2, lr: 4.873e-03, size: 576, ETA: 20:31:01
2022-11-23 23:08:53 | INFO     | yolox.core.trainer:261 - epoch: 4/300, iter: 60/102, mem: 14202Mb, iter_time: 2.367s, data_time: 1.849s, total_loss: 6.3, iou_loss: 3.1, l1_loss: 0.0, conf_loss: 2.0, cls_loss: 1.2, lr: 5.150e-03, size: 416, ETA: 20:29:35
2022-11-23 23:09:16 | INFO     | yolox.core.trainer:261 - epoch: 4/300, iter: 70/102, mem: 14202Mb, iter_time: 2.319s, data_time: 1.787s, total_loss: 5.9, iou_loss: 2.8, l1_loss: 0.0, conf_loss: 1.9, cls_loss: 1.2, lr: 5.435e-03, size: 608, ETA: 20:27:33
2022-11-23 23:09:39 | INFO     | yolox.core.trainer:261 - epoch: 4/300, iter: 80/102, mem: 14202Mb, iter_time: 2.328s, data_time: 1.798s, total_loss: 5.9, iou_loss: 2.8, l1_loss: 0.0, conf_loss: 1.9, cls_loss: 1.2, lr: 5.728e-03, size: 512, ETA: 20:25:43
2022-11-23 23:10:03 | INFO     | yolox.core.trainer:261 - epoch: 4/300, iter: 90/102, mem: 14202Mb, iter_time: 2.334s, data_time: 1.821s, total_loss: 6.3, iou_loss: 3.1, l1_loss: 0.0, conf_loss: 2.0, cls_loss: 1.2, lr: 6.029e-03, size: 448, ETA: 20:24:03
2022-11-23 23:10:27 | INFO     | yolox.core.trainer:261 - epoch: 4/300, iter: 100/102, mem: 14202Mb, iter_time: 2.441s, data_time: 1.894s, total_loss: 5.9, iou_loss: 2.8, l1_loss: 0.0, conf_loss: 1.9, cls_loss: 1.2, lr: 6.337e-03, size: 640, ETA: 20:23:46
2022-11-23 23:10:32 | INFO     | yolox.core.trainer:356 - Save weights to ./YOLOX_outputs/visdrone_nano
2022-11-23 23:10:32 | INFO     | yolox.core.trainer:203 - ---> start train epoch5
2022-11-23 23:10:55 | INFO     | yolox.core.trainer:261 - epoch: 5/300, iter: 10/102, mem: 14202Mb, iter_time: 2.283s, data_time: 1.783s, total_loss: 6.2, iou_loss: 3.1, l1_loss: 0.0, conf_loss: 1.9, cls_loss: 1.2, lr: 6.718e-03, size: 384, ETA: 20:21:16
2022-11-23 23:11:17 | INFO     | yolox.core.trainer:261 - epoch: 5/300, iter: 20/102, mem: 14202Mb, iter_time: 2.268s, data_time: 1.776s, total_loss: 6.1, iou_loss: 3.1, l1_loss: 0.0, conf_loss: 1.8, cls_loss: 1.1, lr: 7.043e-03, size: 448, ETA: 20:19:00
2022-11-23 23:11:40 | INFO     | yolox.core.trainer:261 - epoch: 5/300, iter: 30/102, mem: 14202Mb, iter_time: 2.266s, data_time: 1.765s, total_loss: 6.0, iou_loss: 2.9, l1_loss: 0.0, conf_loss: 1.9, cls_loss: 1.3, lr: 7.376e-03, size: 512, ETA: 20:16:47
2022-11-23 23:12:04 | INFO     | yolox.core.trainer:261 - epoch: 5/300, iter: 40/102, mem: 14202Mb, iter_time: 2.373s, data_time: 1.873s, total_loss: 6.4, iou_loss: 3.3, l1_loss: 0.0, conf_loss: 2.0, cls_loss: 1.1, lr: 7.716e-03, size: 352, ETA: 20:15:51
2022-11-23 23:12:26 | INFO     | yolox.core.trainer:261 - epoch: 5/300, iter: 50/102, mem: 14202Mb, iter_time: 2.219s, data_time: 1.750s, total_loss: 6.3, iou_loss: 3.1, l1_loss: 0.0, conf_loss: 2.0, cls_loss: 1.1, lr: 8.065e-03, size: 416, ETA: 20:13:15
2022-11-23 23:12:48 | INFO     | yolox.core.trainer:261 - epoch: 5/300, iter: 60/102, mem: 14202Mb, iter_time: 2.185s, data_time: 1.695s, total_loss: 6.9, iou_loss: 3.4, l1_loss: 0.0, conf_loss: 2.3, cls_loss: 1.2, lr: 8.421e-03, size: 448, ETA: 20:10:22
2022-11-23 23:13:10 | INFO     | yolox.core.trainer:261 - epoch: 5/300, iter: 70/102, mem: 14202Mb, iter_time: 2.226s, data_time: 1.703s, total_loss: 6.0, iou_loss: 2.8, l1_loss: 0.0, conf_loss: 2.0, cls_loss: 1.2, lr: 8.784e-03, size: 640, ETA: 20:08:02
2022-11-23 23:13:32 | INFO     | yolox.core.trainer:261 - epoch: 5/300, iter: 80/102, mem: 14202Mb, iter_time: 2.193s, data_time: 1.721s, total_loss: 6.6, iou_loss: 3.4, l1_loss: 0.0, conf_loss: 2.0, cls_loss: 1.2, lr: 9.156e-03, size: 320, ETA: 20:05:26
2022-11-23 23:13:56 | INFO     | yolox.core.trainer:261 - epoch: 5/300, iter: 90/102, mem: 14202Mb, iter_time: 2.411s, data_time: 1.866s, total_loss: 6.0, iou_loss: 2.8, l1_loss: 0.0, conf_loss: 2.0, cls_loss: 1.2, lr: 9.535e-03, size: 608, ETA: 20:05:07
2022-11-23 23:14:20 | INFO     | yolox.core.trainer:261 - epoch: 5/300, iter: 100/102, mem: 14202Mb, iter_time: 2.357s, data_time: 1.878s, total_loss: 6.6, iou_loss: 3.4, l1_loss: 0.0, conf_loss: 2.1, cls_loss: 1.1, lr: 9.922e-03, size: 320, ETA: 20:04:17
2022-11-23 23:14:24 | INFO     | yolox.core.trainer:356 - Save weights to ./YOLOX_outputs/visdrone_nano
2022-11-23 23:14:25 | INFO     | yolox.core.trainer:203 - ---> start train epoch6
2022-11-23 23:14:49 | INFO     | yolox.core.trainer:261 - epoch: 6/300, iter: 10/102, mem: 14202Mb, iter_time: 2.422s, data_time: 1.865s, total_loss: 6.2, iou_loss: 3.0, l1_loss: 0.0, conf_loss: 2.0, cls_loss: 1.2, lr: 1.000e-02, size: 640, ETA: 20:03:50
2022-11-23 23:15:12 | INFO     | yolox.core.trainer:261 - epoch: 6/300, iter: 20/102, mem: 14202Mb, iter_time: 2.337s, data_time: 1.869s, total_loss: 6.7, iou_loss: 3.4, l1_loss: 0.0, conf_loss: 2.1, cls_loss: 1.2, lr: 1.000e-02, size: 320, ETA: 20:02:49
2022-11-23 23:15:36 | INFO     | yolox.core.trainer:261 - epoch: 6/300, iter: 30/102, mem: 14202Mb, iter_time: 2.366s, data_time: 1.863s, total_loss: 6.3, iou_loss: 3.0, l1_loss: 0.0, conf_loss: 2.0, cls_loss: 1.2, lr: 1.000e-02, size: 512, ETA: 20:02:07
2022-11-23 23:15:59 | INFO     | yolox.core.trainer:261 - epoch: 6/300, iter: 40/102, mem: 14202Mb, iter_time: 2.352s, data_time: 1.850s, total_loss: 6.4, iou_loss: 3.2, l1_loss: 0.0, conf_loss: 1.9, cls_loss: 1.2, lr: 1.000e-02, size: 352, ETA: 20:01:17
2022-11-23 23:16:23 | INFO     | yolox.core.trainer:261 - epoch: 6/300, iter: 50/102, mem: 14202Mb, iter_time: 2.353s, data_time: 1.859s, total_loss: 5.9, iou_loss: 3.0, l1_loss: 0.0, conf_loss: 1.8, cls_loss: 1.1, lr: 1.000e-02, size: 448, ETA: 20:00:28
2022-11-23 23:16:46 | INFO     | yolox.core.trainer:261 - epoch: 6/300, iter: 60/102, mem: 14202Mb, iter_time: 2.350s, data_time: 1.842s, total_loss: 5.7, iou_loss: 2.8, l1_loss: 0.0, conf_loss: 1.7, cls_loss: 1.2, lr: 1.000e-02, size: 480, ETA: 19:59:39
2022-11-23 23:17:10 | INFO     | yolox.core.trainer:261 - epoch: 6/300, iter: 70/102, mem: 14202Mb, iter_time: 2.323s, data_time: 1.831s, total_loss: 6.3, iou_loss: 3.1, l1_loss: 0.0, conf_loss: 2.0, cls_loss: 1.2, lr: 1.000e-02, size: 384, ETA: 19:58:37
2022-11-23 23:17:33 | INFO     | yolox.core.trainer:261 - epoch: 6/300, iter: 80/102, mem: 14202Mb, iter_time: 2.358s, data_time: 1.852s, total_loss: 6.1, iou_loss: 3.1, l1_loss: 0.0, conf_loss: 1.8, cls_loss: 1.2, lr: 1.000e-02, size: 448, ETA: 19:57:54
2022-11-23 23:17:57 | INFO     | yolox.core.trainer:261 - epoch: 6/300, iter: 90/102, mem: 14202Mb, iter_time: 2.342s, data_time: 1.831s, total_loss: 5.8, iou_loss: 2.8, l1_loss: 0.0, conf_loss: 1.8, cls_loss: 1.2, lr: 1.000e-02, size: 480, ETA: 19:57:03
slurmstepd: error: *** JOB 1655 ON sw9 CANCELLED AT 2022-11-23T23:17:58 ***
