20221209-024327
==== Generate pruning schema ====
2022-12-09 02:43:29.807 | INFO     | __main__:<module>:47 - Testing pruning [yolox-s] with ratio [0.6]
2022-12-09 02:43:29.883 | INFO     | __main__:<module>:47 - Testing pruning [yolox-s] with ratio [0.7]
2022-12-09 02:43:29.941 | INFO     | __main__:<module>:47 - Testing pruning [yolox-s] with ratio [0.8]
2022-12-09 02:43:30.000 | INFO     | __main__:<module>:47 - Testing pruning [yolox-s] with ratio [0.9]
==== Sparsity training ====
2022-12-09 02:43:32 | INFO     | yolox.core.trainer:141 - args: Namespace(batch_size=32, cache=True, ckpt=None, devices=1, dist_backend='nccl', dist_url=None, exp_file='exps/network_slim/yolox_s_slim_train.py', experiment_name='yolox_s_slim_sparsity_train', fp16=False, logger='tensorboard', machine_rank=0, name=None, num_machines=1, occupy=False, opts=['network_slim_sparsity_train_s', '0.0001'], resume=False, start_epoch=None)
2022-12-09 02:43:32 | INFO     | yolox.core.trainer:142 - exp value:
╒══════════════════════════════════════════╤════════════════════════════╕
│ keys                                     │ values                     │
╞══════════════════════════════════════════╪════════════════════════════╡
│ seed                                     │ None                       │
├──────────────────────────────────────────┼────────────────────────────┤
│ output_dir                               │ './YOLOX_outputs'          │
├──────────────────────────────────────────┼────────────────────────────┤
│ print_interval                           │ 10                         │
├──────────────────────────────────────────┼────────────────────────────┤
│ eval_interval                            │ 10                         │
├──────────────────────────────────────────┼────────────────────────────┤
│ num_classes                              │ 10                         │
├──────────────────────────────────────────┼────────────────────────────┤
│ depth                                    │ 0.33                       │
├──────────────────────────────────────────┼────────────────────────────┤
│ width                                    │ 0.5                        │
├──────────────────────────────────────────┼────────────────────────────┤
│ act                                      │ 'silu'                     │
├──────────────────────────────────────────┼────────────────────────────┤
│ data_num_workers                         │ 4                          │
├──────────────────────────────────────────┼────────────────────────────┤
│ input_size                               │ (640, 640)                 │
├──────────────────────────────────────────┼────────────────────────────┤
│ multiscale_range                         │ 5                          │
├──────────────────────────────────────────┼────────────────────────────┤
│ data_dir                                 │ '/local_datasets/VisDrone' │
├──────────────────────────────────────────┼────────────────────────────┤
│ train_ann                                │ 'train2017.json'           │
├──────────────────────────────────────────┼────────────────────────────┤
│ val_ann                                  │ 'val2017.json'             │
├──────────────────────────────────────────┼────────────────────────────┤
│ mosaic_prob                              │ 1.0                        │
├──────────────────────────────────────────┼────────────────────────────┤
│ mixup_prob                               │ 1.0                        │
├──────────────────────────────────────────┼────────────────────────────┤
│ hsv_prob                                 │ 1.0                        │
├──────────────────────────────────────────┼────────────────────────────┤
│ flip_prob                                │ 0.5                        │
├──────────────────────────────────────────┼────────────────────────────┤
│ degrees                                  │ 10.0                       │
├──────────────────────────────────────────┼────────────────────────────┤
│ translate                                │ 0.1                        │
├──────────────────────────────────────────┼────────────────────────────┤
│ mosaic_scale                             │ (0.1, 2)                   │
├──────────────────────────────────────────┼────────────────────────────┤
│ mixup_scale                              │ (0.5, 1.5)                 │
├──────────────────────────────────────────┼────────────────────────────┤
│ shear                                    │ 2.0                        │
├──────────────────────────────────────────┼────────────────────────────┤
│ enable_mixup                             │ True                       │
├──────────────────────────────────────────┼────────────────────────────┤
│ warmup_epochs                            │ 5                          │
├──────────────────────────────────────────┼────────────────────────────┤
│ max_epoch                                │ 120                        │
├──────────────────────────────────────────┼────────────────────────────┤
│ warmup_lr                                │ 0                          │
├──────────────────────────────────────────┼────────────────────────────┤
│ basic_lr_per_img                         │ 0.00015625                 │
├──────────────────────────────────────────┼────────────────────────────┤
│ scheduler                                │ 'yoloxwarmcos'             │
├──────────────────────────────────────────┼────────────────────────────┤
│ no_aug_epochs                            │ 15                         │
├──────────────────────────────────────────┼────────────────────────────┤
│ min_lr_ratio                             │ 0.05                       │
├──────────────────────────────────────────┼────────────────────────────┤
│ ema                                      │ True                       │
├──────────────────────────────────────────┼────────────────────────────┤
│ weight_decay                             │ 0.0005                     │
├──────────────────────────────────────────┼────────────────────────────┤
│ momentum                                 │ 0.9                        │
├──────────────────────────────────────────┼────────────────────────────┤
│ exp_name                                 │ 'yolox_s_slim_train'       │
├──────────────────────────────────────────┼────────────────────────────┤
│ network_slim_sparsity_train_enable       │ True                       │
├──────────────────────────────────────────┼────────────────────────────┤
│ network_slim_sparsity_train_s            │ 0.0001                     │
├──────────────────────────────────────────┼────────────────────────────┤
│ network_slim_sparsity_train_warmup_epoch │ 120                        │
├──────────────────────────────────────────┼────────────────────────────┤
│ run_network_slim                         │ False                      │
├──────────────────────────────────────────┼────────────────────────────┤
│ network_slim_schema                      │ ''                         │
├──────────────────────────────────────────┼────────────────────────────┤
│ network_slim_ratio                       │ 0.65                       │
├──────────────────────────────────────────┼────────────────────────────┤
│ test_size                                │ (640, 640)                 │
├──────────────────────────────────────────┼────────────────────────────┤
│ test_conf                                │ 0.01                       │
├──────────────────────────────────────────┼────────────────────────────┤
│ nmsthre                                  │ 0.65                       │
├──────────────────────────────────────────┼────────────────────────────┤
│ test_ann                                 │ 'test2017.json'            │
╘══════════════════════════════════════════╧════════════════════════════╛
2022-12-09 02:43:32 | INFO     | yolox.core.trainer:148 - Model Summary: Params: 8.94M, Gflops: 26.78
2022-12-09 02:43:33 | INFO     | yolox.data.datasets.coco:65 - loading annotations into memory...
2022-12-09 02:43:34 | INFO     | yolox.data.datasets.coco:65 - Done (t=1.71s)
2022-12-09 02:43:34 | INFO     | pycocotools.coco:86 - creating index...
2022-12-09 02:43:35 | INFO     | pycocotools.coco:86 - index created!
2022-12-09 02:43:45 | WARNING  | yolox.data.datasets.coco:90 - 
********************************************************************************
You are using cached images in RAM to accelerate training.
This requires large system RAM.
Make sure you have 200G+ RAM and 136G available disk space for training COCO.
********************************************************************************

2022-12-09 02:43:45 | WARNING  | yolox.data.datasets.coco:124 - You are using cached imgs! Make sure your dataset is not changed!!
Everytime the self.input_size is changed in your exp file, you need to delete
the cached data and re-generate them.

2022-12-09 02:43:45 | INFO     | yolox.data.datasets.coco:129 - Loading cached imgs...
2022-12-09 02:43:45 | INFO     | yolox.core.trainer:168 - init prefetcher, this might take one minute or less...
2022-12-09 02:43:47 | INFO     | yolox.data.datasets.coco:65 - loading annotations into memory...
2022-12-09 02:43:48 | INFO     | yolox.data.datasets.coco:65 - Done (t=0.09s)
2022-12-09 02:43:48 | INFO     | pycocotools.coco:86 - creating index...
2022-12-09 02:43:48 | INFO     | pycocotools.coco:86 - index created!
2022-12-09 02:43:49 | INFO     | yolox.core.trainer:196 - Training start...
2022-12-09 02:43:49 | INFO     | yolox.core.trainer:197 - 
YOLOX(
  (backbone): YOLOPAFPN(
    (backbone): CSPDarknet(
      (stem): Focus(
        (conv): BaseConv(
          (conv): Conv2d(12, 32, kernel_size=(3, 3), stride=(1, 1), padding=(1, 1), bias=False)
          (bn): BatchNorm2d(32, eps=0.001, momentum=0.03, affine=True, track_running_stats=True)
          (act): SiLU(inplace=True)
        )
      )
      (dark2): Sequential(
        (0): BaseConv(
          (conv): Conv2d(32, 64, kernel_size=(3, 3), stride=(2, 2), padding=(1, 1), bias=False)
          (bn): BatchNorm2d(64, eps=0.001, momentum=0.03, affine=True, track_running_stats=True)
          (act): SiLU(inplace=True)
        )
        (1): CSPLayer(
          (conv1): BaseConv(
            (conv): Conv2d(64, 32, kernel_size=(1, 1), stride=(1, 1), bias=False)
            (bn): BatchNorm2d(32, eps=0.001, momentum=0.03, affine=True, track_running_stats=True)
            (act): SiLU(inplace=True)
          )
          (conv2): BaseConv(
            (conv): Conv2d(64, 32, kernel_size=(1, 1), stride=(1, 1), bias=False)
            (bn): BatchNorm2d(32, eps=0.001, momentum=0.03, affine=True, track_running_stats=True)
            (act): SiLU(inplace=True)
          )
          (conv3): BaseConv(
            (conv): Conv2d(64, 64, kernel_size=(1, 1), stride=(1, 1), bias=False)
            (bn): BatchNorm2d(64, eps=0.001, momentum=0.03, affine=True, track_running_stats=True)
            (act): SiLU(inplace=True)
          )
          (m): Sequential(
            (0): Bottleneck(
              (conv1): BaseConv(
                (conv): Conv2d(32, 32, kernel_size=(1, 1), stride=(1, 1), bias=False)
                (bn): BatchNorm2d(32, eps=0.001, momentum=0.03, affine=True, track_running_stats=True)
                (act): SiLU(inplace=True)
              )
              (conv2): BaseConv(
                (conv): Conv2d(32, 32, kernel_size=(3, 3), stride=(1, 1), padding=(1, 1), bias=False)
                (bn): BatchNorm2d(32, eps=0.001, momentum=0.03, affine=True, track_running_stats=True)
                (act): SiLU(inplace=True)
              )
            )
          )
        )
      )
      (dark3): Sequential(
        (0): BaseConv(
          (conv): Conv2d(64, 128, kernel_size=(3, 3), stride=(2, 2), padding=(1, 1), bias=False)
          (bn): BatchNorm2d(128, eps=0.001, momentum=0.03, affine=True, track_running_stats=True)
          (act): SiLU(inplace=True)
        )
        (1): CSPLayer(
          (conv1): BaseConv(
            (conv): Conv2d(128, 64, kernel_size=(1, 1), stride=(1, 1), bias=False)
            (bn): BatchNorm2d(64, eps=0.001, momentum=0.03, affine=True, track_running_stats=True)
            (act): SiLU(inplace=True)
          )
          (conv2): BaseConv(
            (conv): Conv2d(128, 64, kernel_size=(1, 1), stride=(1, 1), bias=False)
            (bn): BatchNorm2d(64, eps=0.001, momentum=0.03, affine=True, track_running_stats=True)
            (act): SiLU(inplace=True)
          )
          (conv3): BaseConv(
            (conv): Conv2d(128, 128, kernel_size=(1, 1), stride=(1, 1), bias=False)
            (bn): BatchNorm2d(128, eps=0.001, momentum=0.03, affine=True, track_running_stats=True)
            (act): SiLU(inplace=True)
          )
          (m): Sequential(
            (0): Bottleneck(
              (conv1): BaseConv(
                (conv): Conv2d(64, 64, kernel_size=(1, 1), stride=(1, 1), bias=False)
                (bn): BatchNorm2d(64, eps=0.001, momentum=0.03, affine=True, track_running_stats=True)
                (act): SiLU(inplace=True)
              )
              (conv2): BaseConv(
                (conv): Conv2d(64, 64, kernel_size=(3, 3), stride=(1, 1), padding=(1, 1), bias=False)
                (bn): BatchNorm2d(64, eps=0.001, momentum=0.03, affine=True, track_running_stats=True)
                (act): SiLU(inplace=True)
              )
            )
            (1): Bottleneck(
              (conv1): BaseConv(
                (conv): Conv2d(64, 64, kernel_size=(1, 1), stride=(1, 1), bias=False)
                (bn): BatchNorm2d(64, eps=0.001, momentum=0.03, affine=True, track_running_stats=True)
                (act): SiLU(inplace=True)
              )
              (conv2): BaseConv(
                (conv): Conv2d(64, 64, kernel_size=(3, 3), stride=(1, 1), padding=(1, 1), bias=False)
                (bn): BatchNorm2d(64, eps=0.001, momentum=0.03, affine=True, track_running_stats=True)
                (act): SiLU(inplace=True)
              )
            )
            (2): Bottleneck(
              (conv1): BaseConv(
                (conv): Conv2d(64, 64, kernel_size=(1, 1), stride=(1, 1), bias=False)
                (bn): BatchNorm2d(64, eps=0.001, momentum=0.03, affine=True, track_running_stats=True)
                (act): SiLU(inplace=True)
              )
              (conv2): BaseConv(
                (conv): Conv2d(64, 64, kernel_size=(3, 3), stride=(1, 1), padding=(1, 1), bias=False)
                (bn): BatchNorm2d(64, eps=0.001, momentum=0.03, affine=True, track_running_stats=True)
                (act): SiLU(inplace=True)
              )
            )
          )
        )
      )
      (dark4): Sequential(
        (0): BaseConv(
          (conv): Conv2d(128, 256, kernel_size=(3, 3), stride=(2, 2), padding=(1, 1), bias=False)
          (bn): BatchNorm2d(256, eps=0.001, momentum=0.03, affine=True, track_running_stats=True)
          (act): SiLU(inplace=True)
        )
        (1): CSPLayer(
          (conv1): BaseConv(
            (conv): Conv2d(256, 128, kernel_size=(1, 1), stride=(1, 1), bias=False)
            (bn): BatchNorm2d(128, eps=0.001, momentum=0.03, affine=True, track_running_stats=True)
            (act): SiLU(inplace=True)
          )
          (conv2): BaseConv(
            (conv): Conv2d(256, 128, kernel_size=(1, 1), stride=(1, 1), bias=False)
            (bn): BatchNorm2d(128, eps=0.001, momentum=0.03, affine=True, track_running_stats=True)
            (act): SiLU(inplace=True)
          )
          (conv3): BaseConv(
            (conv): Conv2d(256, 256, kernel_size=(1, 1), stride=(1, 1), bias=False)
            (bn): BatchNorm2d(256, eps=0.001, momentum=0.03, affine=True, track_running_stats=True)
            (act): SiLU(inplace=True)
          )
          (m): Sequential(
            (0): Bottleneck(
              (conv1): BaseConv(
                (conv): Conv2d(128, 128, kernel_size=(1, 1), stride=(1, 1), bias=False)
                (bn): BatchNorm2d(128, eps=0.001, momentum=0.03, affine=True, track_running_stats=True)
                (act): SiLU(inplace=True)
              )
              (conv2): BaseConv(
                (conv): Conv2d(128, 128, kernel_size=(3, 3), stride=(1, 1), padding=(1, 1), bias=False)
                (bn): BatchNorm2d(128, eps=0.001, momentum=0.03, affine=True, track_running_stats=True)
                (act): SiLU(inplace=True)
              )
            )
            (1): Bottleneck(
              (conv1): BaseConv(
                (conv): Conv2d(128, 128, kernel_size=(1, 1), stride=(1, 1), bias=False)
                (bn): BatchNorm2d(128, eps=0.001, momentum=0.03, affine=True, track_running_stats=True)
                (act): SiLU(inplace=True)
              )
              (conv2): BaseConv(
                (conv): Conv2d(128, 128, kernel_size=(3, 3), stride=(1, 1), padding=(1, 1), bias=False)
                (bn): BatchNorm2d(128, eps=0.001, momentum=0.03, affine=True, track_running_stats=True)
                (act): SiLU(inplace=True)
              )
            )
            (2): Bottleneck(
              (conv1): BaseConv(
                (conv): Conv2d(128, 128, kernel_size=(1, 1), stride=(1, 1), bias=False)
                (bn): BatchNorm2d(128, eps=0.001, momentum=0.03, affine=True, track_running_stats=True)
                (act): SiLU(inplace=True)
              )
              (conv2): BaseConv(
                (conv): Conv2d(128, 128, kernel_size=(3, 3), stride=(1, 1), padding=(1, 1), bias=False)
                (bn): BatchNorm2d(128, eps=0.001, momentum=0.03, affine=True, track_running_stats=True)
                (act): SiLU(inplace=True)
              )
            )
          )
        )
      )
      (dark5): Sequential(
        (0): BaseConv(
          (conv): Conv2d(256, 512, kernel_size=(3, 3), stride=(2, 2), padding=(1, 1), bias=False)
          (bn): BatchNorm2d(512, eps=0.001, momentum=0.03, affine=True, track_running_stats=True)
          (act): SiLU(inplace=True)
        )
        (1): SPPBottleneck(
          (conv1): BaseConv(
            (conv): Conv2d(512, 256, kernel_size=(1, 1), stride=(1, 1), bias=False)
            (bn): BatchNorm2d(256, eps=0.001, momentum=0.03, affine=True, track_running_stats=True)
            (act): SiLU(inplace=True)
          )
          (m): ModuleList(
            (0): MaxPool2d(kernel_size=5, stride=1, padding=2, dilation=1, ceil_mode=False)
            (1): MaxPool2d(kernel_size=9, stride=1, padding=4, dilation=1, ceil_mode=False)
            (2): MaxPool2d(kernel_size=13, stride=1, padding=6, dilation=1, ceil_mode=False)
          )
          (conv2): BaseConv(
            (conv): Conv2d(1024, 512, kernel_size=(1, 1), stride=(1, 1), bias=False)
            (bn): BatchNorm2d(512, eps=0.001, momentum=0.03, affine=True, track_running_stats=True)
            (act): SiLU(inplace=True)
          )
        )
        (2): CSPLayer(
          (conv1): BaseConv(
            (conv): Conv2d(512, 256, kernel_size=(1, 1), stride=(1, 1), bias=False)
            (bn): BatchNorm2d(256, eps=0.001, momentum=0.03, affine=True, track_running_stats=True)
            (act): SiLU(inplace=True)
          )
          (conv2): BaseConv(
            (conv): Conv2d(512, 256, kernel_size=(1, 1), stride=(1, 1), bias=False)
            (bn): BatchNorm2d(256, eps=0.001, momentum=0.03, affine=True, track_running_stats=True)
            (act): SiLU(inplace=True)
          )
          (conv3): BaseConv(
            (conv): Conv2d(512, 512, kernel_size=(1, 1), stride=(1, 1), bias=False)
            (bn): BatchNorm2d(512, eps=0.001, momentum=0.03, affine=True, track_running_stats=True)
            (act): SiLU(inplace=True)
          )
          (m): Sequential(
            (0): Bottleneck(
              (conv1): BaseConv(
                (conv): Conv2d(256, 256, kernel_size=(1, 1), stride=(1, 1), bias=False)
                (bn): BatchNorm2d(256, eps=0.001, momentum=0.03, affine=True, track_running_stats=True)
                (act): SiLU(inplace=True)
              )
              (conv2): BaseConv(
                (conv): Conv2d(256, 256, kernel_size=(3, 3), stride=(1, 1), padding=(1, 1), bias=False)
                (bn): BatchNorm2d(256, eps=0.001, momentum=0.03, affine=True, track_running_stats=True)
                (act): SiLU(inplace=True)
              )
            )
          )
        )
      )
    )
    (upsample): Upsample(scale_factor=2.0, mode=nearest)
    (lateral_conv0): BaseConv(
      (conv): Conv2d(512, 256, kernel_size=(1, 1), stride=(1, 1), bias=False)
      (bn): BatchNorm2d(256, eps=0.001, momentum=0.03, affine=True, track_running_stats=True)
      (act): SiLU(inplace=True)
    )
    (C3_p4): CSPLayer(
      (conv1): BaseConv(
        (conv): Conv2d(512, 128, kernel_size=(1, 1), stride=(1, 1), bias=False)
        (bn): BatchNorm2d(128, eps=0.001, momentum=0.03, affine=True, track_running_stats=True)
        (act): SiLU(inplace=True)
      )
      (conv2): BaseConv(
        (conv): Conv2d(512, 128, kernel_size=(1, 1), stride=(1, 1), bias=False)
        (bn): BatchNorm2d(128, eps=0.001, momentum=0.03, affine=True, track_running_stats=True)
        (act): SiLU(inplace=True)
      )
      (conv3): BaseConv(
        (conv): Conv2d(256, 256, kernel_size=(1, 1), stride=(1, 1), bias=False)
        (bn): BatchNorm2d(256, eps=0.001, momentum=0.03, affine=True, track_running_stats=True)
        (act): SiLU(inplace=True)
      )
      (m): Sequential(
        (0): Bottleneck(
          (conv1): BaseConv(
            (conv): Conv2d(128, 128, kernel_size=(1, 1), stride=(1, 1), bias=False)
            (bn): BatchNorm2d(128, eps=0.001, momentum=0.03, affine=True, track_running_stats=True)
            (act): SiLU(inplace=True)
          )
          (conv2): BaseConv(
            (conv): Conv2d(128, 128, kernel_size=(3, 3), stride=(1, 1), padding=(1, 1), bias=False)
            (bn): BatchNorm2d(128, eps=0.001, momentum=0.03, affine=True, track_running_stats=True)
            (act): SiLU(inplace=True)
          )
        )
      )
    )
    (reduce_conv1): BaseConv(
      (conv): Conv2d(256, 128, kernel_size=(1, 1), stride=(1, 1), bias=False)
      (bn): BatchNorm2d(128, eps=0.001, momentum=0.03, affine=True, track_running_stats=True)
      (act): SiLU(inplace=True)
    )
    (C3_p3): CSPLayer(
      (conv1): BaseConv(
        (conv): Conv2d(256, 64, kernel_size=(1, 1), stride=(1, 1), bias=False)
        (bn): BatchNorm2d(64, eps=0.001, momentum=0.03, affine=True, track_running_stats=True)
        (act): SiLU(inplace=True)
      )
      (conv2): BaseConv(
        (conv): Conv2d(256, 64, kernel_size=(1, 1), stride=(1, 1), bias=False)
        (bn): BatchNorm2d(64, eps=0.001, momentum=0.03, affine=True, track_running_stats=True)
        (act): SiLU(inplace=True)
      )
      (conv3): BaseConv(
        (conv): Conv2d(128, 128, kernel_size=(1, 1), stride=(1, 1), bias=False)
        (bn): BatchNorm2d(128, eps=0.001, momentum=0.03, affine=True, track_running_stats=True)
        (act): SiLU(inplace=True)
      )
      (m): Sequential(
        (0): Bottleneck(
          (conv1): BaseConv(
            (conv): Conv2d(64, 64, kernel_size=(1, 1), stride=(1, 1), bias=False)
            (bn): BatchNorm2d(64, eps=0.001, momentum=0.03, affine=True, track_running_stats=True)
            (act): SiLU(inplace=True)
          )
          (conv2): BaseConv(
            (conv): Conv2d(64, 64, kernel_size=(3, 3), stride=(1, 1), padding=(1, 1), bias=False)
            (bn): BatchNorm2d(64, eps=0.001, momentum=0.03, affine=True, track_running_stats=True)
            (act): SiLU(inplace=True)
          )
        )
      )
    )
    (bu_conv2): BaseConv(
      (conv): Conv2d(128, 128, kernel_size=(3, 3), stride=(2, 2), padding=(1, 1), bias=False)
      (bn): BatchNorm2d(128, eps=0.001, momentum=0.03, affine=True, track_running_stats=True)
      (act): SiLU(inplace=True)
    )
    (C3_n3): CSPLayer(
      (conv1): BaseConv(
        (conv): Conv2d(256, 128, kernel_size=(1, 1), stride=(1, 1), bias=False)
        (bn): BatchNorm2d(128, eps=0.001, momentum=0.03, affine=True, track_running_stats=True)
        (act): SiLU(inplace=True)
      )
      (conv2): BaseConv(
        (conv): Conv2d(256, 128, kernel_size=(1, 1), stride=(1, 1), bias=False)
        (bn): BatchNorm2d(128, eps=0.001, momentum=0.03, affine=True, track_running_stats=True)
        (act): SiLU(inplace=True)
      )
      (conv3): BaseConv(
        (conv): Conv2d(256, 256, kernel_size=(1, 1), stride=(1, 1), bias=False)
        (bn): BatchNorm2d(256, eps=0.001, momentum=0.03, affine=True, track_running_stats=True)
        (act): SiLU(inplace=True)
      )
      (m): Sequential(
        (0): Bottleneck(
          (conv1): BaseConv(
            (conv): Conv2d(128, 128, kernel_size=(1, 1), stride=(1, 1), bias=False)
            (bn): BatchNorm2d(128, eps=0.001, momentum=0.03, affine=True, track_running_stats=True)
            (act): SiLU(inplace=True)
          )
          (conv2): BaseConv(
            (conv): Conv2d(128, 128, kernel_size=(3, 3), stride=(1, 1), padding=(1, 1), bias=False)
            (bn): BatchNorm2d(128, eps=0.001, momentum=0.03, affine=True, track_running_stats=True)
            (act): SiLU(inplace=True)
          )
        )
      )
    )
    (bu_conv1): BaseConv(
      (conv): Conv2d(256, 256, kernel_size=(3, 3), stride=(2, 2), padding=(1, 1), bias=False)
      (bn): BatchNorm2d(256, eps=0.001, momentum=0.03, affine=True, track_running_stats=True)
      (act): SiLU(inplace=True)
    )
    (C3_n4): CSPLayer(
      (conv1): BaseConv(
        (conv): Conv2d(512, 256, kernel_size=(1, 1), stride=(1, 1), bias=False)
        (bn): BatchNorm2d(256, eps=0.001, momentum=0.03, affine=True, track_running_stats=True)
        (act): SiLU(inplace=True)
      )
      (conv2): BaseConv(
        (conv): Conv2d(512, 256, kernel_size=(1, 1), stride=(1, 1), bias=False)
        (bn): BatchNorm2d(256, eps=0.001, momentum=0.03, affine=True, track_running_stats=True)
        (act): SiLU(inplace=True)
      )
      (conv3): BaseConv(
        (conv): Conv2d(512, 512, kernel_size=(1, 1), stride=(1, 1), bias=False)
        (bn): BatchNorm2d(512, eps=0.001, momentum=0.03, affine=True, track_running_stats=True)
        (act): SiLU(inplace=True)
      )
      (m): Sequential(
        (0): Bottleneck(
          (conv1): BaseConv(
            (conv): Conv2d(256, 256, kernel_size=(1, 1), stride=(1, 1), bias=False)
            (bn): BatchNorm2d(256, eps=0.001, momentum=0.03, affine=True, track_running_stats=True)
            (act): SiLU(inplace=True)
          )
          (conv2): BaseConv(
            (conv): Conv2d(256, 256, kernel_size=(3, 3), stride=(1, 1), padding=(1, 1), bias=False)
            (bn): BatchNorm2d(256, eps=0.001, momentum=0.03, affine=True, track_running_stats=True)
            (act): SiLU(inplace=True)
          )
        )
      )
    )
  )
  (head): YOLOXHead(
    (cls_convs): ModuleList(
      (0): Sequential(
        (0): BaseConv(
          (conv): Conv2d(128, 128, kernel_size=(3, 3), stride=(1, 1), padding=(1, 1), bias=False)
          (bn): BatchNorm2d(128, eps=0.001, momentum=0.03, affine=True, track_running_stats=True)
          (act): SiLU(inplace=True)
        )
        (1): BaseConv(
          (conv): Conv2d(128, 128, kernel_size=(3, 3), stride=(1, 1), padding=(1, 1), bias=False)
          (bn): BatchNorm2d(128, eps=0.001, momentum=0.03, affine=True, track_running_stats=True)
          (act): SiLU(inplace=True)
        )
      )
      (1): Sequential(
        (0): BaseConv(
          (conv): Conv2d(128, 128, kernel_size=(3, 3), stride=(1, 1), padding=(1, 1), bias=False)
          (bn): BatchNorm2d(128, eps=0.001, momentum=0.03, affine=True, track_running_stats=True)
          (act): SiLU(inplace=True)
        )
        (1): BaseConv(
          (conv): Conv2d(128, 128, kernel_size=(3, 3), stride=(1, 1), padding=(1, 1), bias=False)
          (bn): BatchNorm2d(128, eps=0.001, momentum=0.03, affine=True, track_running_stats=True)
          (act): SiLU(inplace=True)
        )
      )
      (2): Sequential(
        (0): BaseConv(
          (conv): Conv2d(128, 128, kernel_size=(3, 3), stride=(1, 1), padding=(1, 1), bias=False)
          (bn): BatchNorm2d(128, eps=0.001, momentum=0.03, affine=True, track_running_stats=True)
          (act): SiLU(inplace=True)
        )
        (1): BaseConv(
          (conv): Conv2d(128, 128, kernel_size=(3, 3), stride=(1, 1), padding=(1, 1), bias=False)
          (bn): BatchNorm2d(128, eps=0.001, momentum=0.03, affine=True, track_running_stats=True)
          (act): SiLU(inplace=True)
        )
      )
    )
    (reg_convs): ModuleList(
      (0): Sequential(
        (0): BaseConv(
          (conv): Conv2d(128, 128, kernel_size=(3, 3), stride=(1, 1), padding=(1, 1), bias=False)
          (bn): BatchNorm2d(128, eps=0.001, momentum=0.03, affine=True, track_running_stats=True)
          (act): SiLU(inplace=True)
        )
        (1): BaseConv(
          (conv): Conv2d(128, 128, kernel_size=(3, 3), stride=(1, 1), padding=(1, 1), bias=False)
          (bn): BatchNorm2d(128, eps=0.001, momentum=0.03, affine=True, track_running_stats=True)
          (act): SiLU(inplace=True)
        )
      )
      (1): Sequential(
        (0): BaseConv(
          (conv): Conv2d(128, 128, kernel_size=(3, 3), stride=(1, 1), padding=(1, 1), bias=False)
          (bn): BatchNorm2d(128, eps=0.001, momentum=0.03, affine=True, track_running_stats=True)
          (act): SiLU(inplace=True)
        )
        (1): BaseConv(
          (conv): Conv2d(128, 128, kernel_size=(3, 3), stride=(1, 1), padding=(1, 1), bias=False)
          (bn): BatchNorm2d(128, eps=0.001, momentum=0.03, affine=True, track_running_stats=True)
          (act): SiLU(inplace=True)
        )
      )
      (2): Sequential(
        (0): BaseConv(
          (conv): Conv2d(128, 128, kernel_size=(3, 3), stride=(1, 1), padding=(1, 1), bias=False)
          (bn): BatchNorm2d(128, eps=0.001, momentum=0.03, affine=True, track_running_stats=True)
          (act): SiLU(inplace=True)
        )
        (1): BaseConv(
          (conv): Conv2d(128, 128, kernel_size=(3, 3), stride=(1, 1), padding=(1, 1), bias=False)
          (bn): BatchNorm2d(128, eps=0.001, momentum=0.03, affine=True, track_running_stats=True)
          (act): SiLU(inplace=True)
        )
      )
    )
    (cls_preds): ModuleList(
      (0): Conv2d(128, 10, kernel_size=(1, 1), stride=(1, 1))
      (1): Conv2d(128, 10, kernel_size=(1, 1), stride=(1, 1))
      (2): Conv2d(128, 10, kernel_size=(1, 1), stride=(1, 1))
    )
    (reg_preds): ModuleList(
      (0): Conv2d(128, 4, kernel_size=(1, 1), stride=(1, 1))
      (1): Conv2d(128, 4, kernel_size=(1, 1), stride=(1, 1))
      (2): Conv2d(128, 4, kernel_size=(1, 1), stride=(1, 1))
    )
    (obj_preds): ModuleList(
      (0): Conv2d(128, 1, kernel_size=(1, 1), stride=(1, 1))
      (1): Conv2d(128, 1, kernel_size=(1, 1), stride=(1, 1))
      (2): Conv2d(128, 1, kernel_size=(1, 1), stride=(1, 1))
    )
    (stems): ModuleList(
      (0): BaseConv(
        (conv): Conv2d(128, 128, kernel_size=(1, 1), stride=(1, 1), bias=False)
        (bn): BatchNorm2d(128, eps=0.001, momentum=0.03, affine=True, track_running_stats=True)
        (act): SiLU(inplace=True)
      )
      (1): BaseConv(
        (conv): Conv2d(256, 128, kernel_size=(1, 1), stride=(1, 1), bias=False)
        (bn): BatchNorm2d(128, eps=0.001, momentum=0.03, affine=True, track_running_stats=True)
        (act): SiLU(inplace=True)
      )
      (2): BaseConv(
        (conv): Conv2d(512, 128, kernel_size=(1, 1), stride=(1, 1), bias=False)
        (bn): BatchNorm2d(128, eps=0.001, momentum=0.03, affine=True, track_running_stats=True)
        (act): SiLU(inplace=True)
      )
    )
    (l1_loss): L1Loss()
    (bcewithlog_loss): BCEWithLogitsLoss()
    (iou_loss): IOUloss()
  )
)
2022-12-09 02:43:49 | INFO     | yolox.core.trainer:207 - ---> start train epoch1
2022-12-09 02:43:59 | INFO     | yolox.core.trainer:274 - epoch: 1/120, iter: 10/203, mem: 13974Mb, iter_time: 1.006s, data_time: 0.003s, total_loss: 11.9, iou_loss: 4.7, l1_loss: 0.0, conf_loss: 6.1, cls_loss: 1.1, lr: 4.853e-07, size: 640, ETA: 6:48:04
2022-12-09 02:44:04 | INFO     | yolox.core.trainer:274 - epoch: 1/120, iter: 20/203, mem: 13974Mb, iter_time: 0.496s, data_time: 0.003s, total_loss: 11.6, iou_loss: 4.7, l1_loss: 0.0, conf_loss: 5.8, cls_loss: 1.1, lr: 1.941e-06, size: 640, ETA: 5:04:34
2022-12-09 02:44:12 | INFO     | yolox.core.trainer:274 - epoch: 1/120, iter: 30/203, mem: 16381Mb, iter_time: 0.832s, data_time: 0.004s, total_loss: 11.8, iou_loss: 4.7, l1_loss: 0.0, conf_loss: 6.0, cls_loss: 1.1, lr: 4.368e-06, size: 704, ETA: 5:15:29
2022-12-09 02:44:20 | INFO     | yolox.core.trainer:274 - epoch: 1/120, iter: 40/203, mem: 16381Mb, iter_time: 0.749s, data_time: 0.004s, total_loss: 11.6, iou_loss: 4.7, l1_loss: 0.0, conf_loss: 5.9, cls_loss: 1.1, lr: 7.765e-06, size: 608, ETA: 5:12:24
2022-12-09 02:44:28 | INFO     | yolox.core.trainer:274 - epoch: 1/120, iter: 50/203, mem: 16381Mb, iter_time: 0.797s, data_time: 0.004s, total_loss: 11.7, iou_loss: 4.7, l1_loss: 0.0, conf_loss: 5.9, cls_loss: 1.1, lr: 1.213e-05, size: 672, ETA: 5:14:23
2022-12-09 02:44:37 | INFO     | yolox.core.trainer:274 - epoch: 1/120, iter: 60/203, mem: 20310Mb, iter_time: 0.964s, data_time: 0.003s, total_loss: 11.9, iou_loss: 4.6, l1_loss: 0.0, conf_loss: 6.1, cls_loss: 1.1, lr: 1.747e-05, size: 800, ETA: 5:26:59
2022-12-09 02:44:43 | INFO     | yolox.core.trainer:274 - epoch: 1/120, iter: 70/203, mem: 20310Mb, iter_time: 0.572s, data_time: 0.004s, total_loss: 11.1, iou_loss: 4.7, l1_loss: 0.0, conf_loss: 5.4, cls_loss: 1.0, lr: 2.378e-05, size: 512, ETA: 5:13:15
2022-12-09 02:44:48 | INFO     | yolox.core.trainer:274 - epoch: 1/120, iter: 80/203, mem: 20310Mb, iter_time: 0.469s, data_time: 0.004s, total_loss: 11.4, iou_loss: 4.7, l1_loss: 0.0, conf_loss: 5.7, cls_loss: 0.9, lr: 3.106e-05, size: 640, ETA: 4:57:43
2022-12-09 02:44:54 | INFO     | yolox.core.trainer:274 - epoch: 1/120, iter: 90/203, mem: 20310Mb, iter_time: 0.603s, data_time: 0.004s, total_loss: 12.0, iou_loss: 4.6, l1_loss: 0.0, conf_loss: 6.2, cls_loss: 1.2, lr: 3.931e-05, size: 800, ETA: 4:51:38
2022-12-09 02:45:02 | INFO     | yolox.core.trainer:274 - epoch: 1/120, iter: 100/203, mem: 20310Mb, iter_time: 0.875s, data_time: 0.003s, total_loss: 11.9, iou_loss: 4.6, l1_loss: 0.0, conf_loss: 6.2, cls_loss: 1.2, lr: 4.853e-05, size: 768, ETA: 4:57:45
2022-12-09 02:45:09 | INFO     | yolox.core.trainer:274 - epoch: 1/120, iter: 110/203, mem: 20310Mb, iter_time: 0.669s, data_time: 0.003s, total_loss: 11.2, iou_loss: 4.7, l1_loss: 0.0, conf_loss: 5.5, cls_loss: 1.1, lr: 5.873e-05, size: 544, ETA: 4:55:09
2022-12-09 02:45:14 | INFO     | yolox.core.trainer:274 - epoch: 1/120, iter: 120/203, mem: 20310Mb, iter_time: 0.457s, data_time: 0.004s, total_loss: 11.4, iou_loss: 4.6, l1_loss: 0.0, conf_loss: 5.7, cls_loss: 1.1, lr: 6.989e-05, size: 608, ETA: 4:45:50
2022-12-09 02:45:19 | INFO     | yolox.core.trainer:274 - epoch: 1/120, iter: 130/203, mem: 20310Mb, iter_time: 0.537s, data_time: 0.003s, total_loss: 11.1, iou_loss: 4.7, l1_loss: 0.0, conf_loss: 5.3, cls_loss: 1.1, lr: 8.202e-05, size: 480, ETA: 4:40:25
2022-12-09 02:45:23 | INFO     | yolox.core.trainer:274 - epoch: 1/120, iter: 140/203, mem: 20310Mb, iter_time: 0.418s, data_time: 0.003s, total_loss: 11.0, iou_loss: 4.7, l1_loss: 0.0, conf_loss: 5.3, cls_loss: 1.0, lr: 9.512e-05, size: 512, ETA: 4:32:19
2022-12-09 02:45:28 | INFO     | yolox.core.trainer:274 - epoch: 1/120, iter: 150/203, mem: 20310Mb, iter_time: 0.463s, data_time: 0.003s, total_loss: 11.3, iou_loss: 4.6, l1_loss: 0.0, conf_loss: 5.6, cls_loss: 1.1, lr: 1.092e-04, size: 608, ETA: 4:26:31
2022-12-09 02:45:32 | INFO     | yolox.core.trainer:274 - epoch: 1/120, iter: 160/203, mem: 20310Mb, iter_time: 0.409s, data_time: 0.003s, total_loss: 10.9, iou_loss: 4.7, l1_loss: 0.0, conf_loss: 5.2, cls_loss: 1.0, lr: 1.242e-04, size: 480, ETA: 4:20:04
2022-12-09 02:45:37 | INFO     | yolox.core.trainer:274 - epoch: 1/120, iter: 170/203, mem: 20310Mb, iter_time: 0.493s, data_time: 0.003s, total_loss: 11.7, iou_loss: 4.6, l1_loss: 0.0, conf_loss: 5.9, cls_loss: 1.2, lr: 1.403e-04, size: 672, ETA: 4:16:21
2022-12-09 02:45:42 | INFO     | yolox.core.trainer:274 - epoch: 1/120, iter: 180/203, mem: 20310Mb, iter_time: 0.553s, data_time: 0.003s, total_loss: 11.7, iou_loss: 4.6, l1_loss: 0.0, conf_loss: 5.9, cls_loss: 1.3, lr: 1.572e-04, size: 768, ETA: 4:14:24
2022-12-09 02:45:47 | INFO     | yolox.core.trainer:274 - epoch: 1/120, iter: 190/203, mem: 20310Mb, iter_time: 0.411s, data_time: 0.003s, total_loss: 11.0, iou_loss: 4.6, l1_loss: 0.0, conf_loss: 5.2, cls_loss: 1.2, lr: 1.752e-04, size: 480, ETA: 4:09:38
2022-12-09 02:45:52 | INFO     | yolox.core.trainer:274 - epoch: 1/120, iter: 200/203, mem: 20310Mb, iter_time: 0.520s, data_time: 0.004s, total_loss: 11.6, iou_loss: 4.5, l1_loss: 0.0, conf_loss: 5.8, cls_loss: 1.3, lr: 1.941e-04, size: 704, ETA: 4:07:32
2022-12-09 02:45:54 | INFO     | yolox.core.trainer:356 - Save weights to ./YOLOX_outputs/yolox_s_slim_sparsity_train
2022-12-09 02:45:54 | INFO     | yolox.core.trainer:207 - ---> start train epoch2
2022-12-09 02:45:59 | INFO     | yolox.core.trainer:274 - epoch: 2/120, iter: 10/203, mem: 20310Mb, iter_time: 0.548s, data_time: 0.003s, total_loss: 11.0, iou_loss: 4.6, l1_loss: 0.0, conf_loss: 5.2, cls_loss: 1.2, lr: 2.202e-04, size: 512, ETA: 4:06:01
2022-12-09 02:46:04 | INFO     | yolox.core.trainer:274 - epoch: 2/120, iter: 20/203, mem: 20310Mb, iter_time: 0.433s, data_time: 0.003s, total_loss: 11.4, iou_loss: 4.5, l1_loss: 0.0, conf_loss: 5.5, cls_loss: 1.4, lr: 2.414e-04, size: 608, ETA: 4:02:42
2022-12-09 02:46:09 | INFO     | yolox.core.trainer:274 - epoch: 2/120, iter: 30/203, mem: 20310Mb, iter_time: 0.499s, data_time: 0.003s, total_loss: 11.7, iou_loss: 4.4, l1_loss: 0.0, conf_loss: 5.8, cls_loss: 1.4, lr: 2.635e-04, size: 768, ETA: 4:00:47
2022-12-09 02:46:14 | INFO     | yolox.core.trainer:274 - epoch: 2/120, iter: 40/203, mem: 20310Mb, iter_time: 0.527s, data_time: 0.003s, total_loss: 11.0, iou_loss: 4.5, l1_loss: 0.0, conf_loss: 5.2, cls_loss: 1.3, lr: 2.866e-04, size: 544, ETA: 3:59:30
2022-12-09 02:46:19 | INFO     | yolox.core.trainer:274 - epoch: 2/120, iter: 50/203, mem: 20310Mb, iter_time: 0.464s, data_time: 0.003s, total_loss: 11.4, iou_loss: 4.4, l1_loss: 0.0, conf_loss: 5.6, cls_loss: 1.4, lr: 3.107e-04, size: 672, ETA: 3:57:18
2022-12-09 02:46:24 | INFO     | yolox.core.trainer:274 - epoch: 2/120, iter: 60/203, mem: 20310Mb, iter_time: 0.520s, data_time: 0.003s, total_loss: 11.5, iou_loss: 4.4, l1_loss: 0.0, conf_loss: 5.7, cls_loss: 1.5, lr: 3.357e-04, size: 768, ETA: 3:56:08
2022-12-09 02:46:32 | INFO     | yolox.core.trainer:274 - epoch: 2/120, iter: 70/203, mem: 20310Mb, iter_time: 0.775s, data_time: 0.003s, total_loss: 11.1, iou_loss: 4.5, l1_loss: 0.0, conf_loss: 5.3, cls_loss: 1.4, lr: 3.617e-04, size: 576, ETA: 3:58:47
2022-12-09 02:46:36 | INFO     | yolox.core.trainer:274 - epoch: 2/120, iter: 80/203, mem: 20310Mb, iter_time: 0.461s, data_time: 0.003s, total_loss: 11.0, iou_loss: 4.5, l1_loss: 0.0, conf_loss: 5.2, cls_loss: 1.3, lr: 3.887e-04, size: 640, ETA: 3:56:47
2022-12-09 02:46:41 | INFO     | yolox.core.trainer:274 - epoch: 2/120, iter: 90/203, mem: 20310Mb, iter_time: 0.483s, data_time: 0.003s, total_loss: 11.1, iou_loss: 4.5, l1_loss: 0.0, conf_loss: 5.4, cls_loss: 1.2, lr: 4.167e-04, size: 672, ETA: 3:55:13
2022-12-09 02:46:46 | INFO     | yolox.core.trainer:274 - epoch: 2/120, iter: 100/203, mem: 20310Mb, iter_time: 0.536s, data_time: 0.003s, total_loss: 11.4, iou_loss: 4.4, l1_loss: 0.0, conf_loss: 5.6, cls_loss: 1.4, lr: 4.456e-04, size: 800, ETA: 3:54:27
2022-12-09 02:46:52 | INFO     | yolox.core.trainer:274 - epoch: 2/120, iter: 110/203, mem: 20310Mb, iter_time: 0.574s, data_time: 0.003s, total_loss: 11.0, iou_loss: 4.3, l1_loss: 0.0, conf_loss: 5.2, cls_loss: 1.5, lr: 4.755e-04, size: 672, ETA: 3:54:13
2022-12-09 02:46:57 | INFO     | yolox.core.trainer:274 - epoch: 2/120, iter: 120/203, mem: 20310Mb, iter_time: 0.483s, data_time: 0.003s, total_loss: 10.5, iou_loss: 4.4, l1_loss: 0.0, conf_loss: 4.8, cls_loss: 1.3, lr: 5.063e-04, size: 512, ETA: 3:52:51
2022-12-09 02:47:01 | INFO     | yolox.core.trainer:274 - epoch: 2/120, iter: 130/203, mem: 20310Mb, iter_time: 0.426s, data_time: 0.003s, total_loss: 10.8, iou_loss: 4.3, l1_loss: 0.0, conf_loss: 5.0, cls_loss: 1.4, lr: 5.382e-04, size: 544, ETA: 3:50:53
2022-12-09 02:47:06 | INFO     | yolox.core.trainer:274 - epoch: 2/120, iter: 140/203, mem: 20310Mb, iter_time: 0.434s, data_time: 0.003s, total_loss: 10.6, iou_loss: 4.4, l1_loss: 0.0, conf_loss: 4.9, cls_loss: 1.3, lr: 5.710e-04, size: 480, ETA: 3:49:08
2022-12-09 02:47:10 | INFO     | yolox.core.trainer:274 - epoch: 2/120, iter: 150/203, mem: 20310Mb, iter_time: 0.469s, data_time: 0.004s, total_loss: 11.5, iou_loss: 4.3, l1_loss: 0.0, conf_loss: 5.7, cls_loss: 1.4, lr: 6.048e-04, size: 800, ETA: 3:47:51
2022-12-09 02:47:19 | INFO     | yolox.core.trainer:274 - epoch: 2/120, iter: 160/203, mem: 20310Mb, iter_time: 0.916s, data_time: 0.003s, total_loss: 11.1, iou_loss: 4.3, l1_loss: 0.0, conf_loss: 5.3, cls_loss: 1.5, lr: 6.395e-04, size: 736, ETA: 3:51:35
2022-12-09 02:47:25 | INFO     | yolox.core.trainer:274 - epoch: 2/120, iter: 170/203, mem: 20310Mb, iter_time: 0.553s, data_time: 0.003s, total_loss: 11.0, iou_loss: 4.3, l1_loss: 0.0, conf_loss: 5.3, cls_loss: 1.5, lr: 6.752e-04, size: 736, ETA: 3:51:12
2022-12-09 02:47:30 | INFO     | yolox.core.trainer:274 - epoch: 2/120, iter: 180/203, mem: 20310Mb, iter_time: 0.518s, data_time: 0.003s, total_loss: 10.5, iou_loss: 4.4, l1_loss: 0.0, conf_loss: 4.9, cls_loss: 1.3, lr: 7.119e-04, size: 544, ETA: 3:50:29
2022-12-09 02:47:35 | INFO     | yolox.core.trainer:274 - epoch: 2/120, iter: 190/203, mem: 20310Mb, iter_time: 0.464s, data_time: 0.003s, total_loss: 11.1, iou_loss: 4.3, l1_loss: 0.0, conf_loss: 5.3, cls_loss: 1.4, lr: 7.496e-04, size: 704, ETA: 3:49:14
2022-12-09 02:47:41 | INFO     | yolox.core.trainer:274 - epoch: 2/120, iter: 200/203, mem: 20310Mb, iter_time: 0.600s, data_time: 0.004s, total_loss: 11.2, iou_loss: 4.3, l1_loss: 0.0, conf_loss: 5.4, cls_loss: 1.5, lr: 7.882e-04, size: 768, ETA: 3:49:24
2022-12-09 02:47:42 | INFO     | yolox.core.trainer:356 - Save weights to ./YOLOX_outputs/yolox_s_slim_sparsity_train
2022-12-09 02:47:43 | INFO     | yolox.core.trainer:207 - ---> start train epoch3
2022-12-09 02:47:48 | INFO     | yolox.core.trainer:274 - epoch: 3/120, iter: 10/203, mem: 20310Mb, iter_time: 0.497s, data_time: 0.004s, total_loss: 10.6, iou_loss: 4.3, l1_loss: 0.0, conf_loss: 4.9, cls_loss: 1.4, lr: 8.399e-04, size: 576, ETA: 3:48:30
2022-12-09 02:47:53 | INFO     | yolox.core.trainer:274 - epoch: 3/120, iter: 20/203, mem: 20310Mb, iter_time: 0.520s, data_time: 0.003s, total_loss: 11.1, iou_loss: 4.3, l1_loss: 0.0, conf_loss: 5.4, cls_loss: 1.4, lr: 8.808e-04, size: 768, ETA: 3:47:55
2022-12-09 02:47:58 | INFO     | yolox.core.trainer:274 - epoch: 3/120, iter: 30/203, mem: 20310Mb, iter_time: 0.536s, data_time: 0.003s, total_loss: 10.8, iou_loss: 4.3, l1_loss: 0.0, conf_loss: 5.1, cls_loss: 1.4, lr: 9.226e-04, size: 704, ETA: 3:47:29
2022-12-09 02:48:04 | INFO     | yolox.core.trainer:274 - epoch: 3/120, iter: 40/203, mem: 20310Mb, iter_time: 0.541s, data_time: 0.003s, total_loss: 10.9, iou_loss: 4.3, l1_loss: 0.0, conf_loss: 5.3, cls_loss: 1.4, lr: 9.654e-04, size: 736, ETA: 3:47:08
2022-12-09 02:48:09 | INFO     | yolox.core.trainer:274 - epoch: 3/120, iter: 50/203, mem: 20310Mb, iter_time: 0.546s, data_time: 0.003s, total_loss: 10.9, iou_loss: 4.2, l1_loss: 0.0, conf_loss: 5.2, cls_loss: 1.5, lr: 1.009e-03, size: 736, ETA: 3:46:50
2022-12-09 02:48:14 | INFO     | yolox.core.trainer:274 - epoch: 3/120, iter: 60/203, mem: 20310Mb, iter_time: 0.536s, data_time: 0.004s, total_loss: 11.2, iou_loss: 4.3, l1_loss: 0.0, conf_loss: 5.5, cls_loss: 1.4, lr: 1.054e-03, size: 704, ETA: 3:46:27
2022-12-09 02:48:19 | INFO     | yolox.core.trainer:274 - epoch: 3/120, iter: 70/203, mem: 20310Mb, iter_time: 0.462s, data_time: 0.004s, total_loss: 10.4, iou_loss: 4.4, l1_loss: 0.0, conf_loss: 4.8, cls_loss: 1.2, lr: 1.100e-03, size: 480, ETA: 3:45:28
2022-12-09 02:48:24 | INFO     | yolox.core.trainer:274 - epoch: 3/120, iter: 80/203, mem: 20310Mb, iter_time: 0.505s, data_time: 0.004s, total_loss: 11.1, iou_loss: 4.2, l1_loss: 0.0, conf_loss: 5.4, cls_loss: 1.4, lr: 1.146e-03, size: 768, ETA: 3:44:52
2022-12-09 02:48:29 | INFO     | yolox.core.trainer:274 - epoch: 3/120, iter: 90/203, mem: 20310Mb, iter_time: 0.530s, data_time: 0.003s, total_loss: 10.6, iou_loss: 4.3, l1_loss: 0.0, conf_loss: 4.9, cls_loss: 1.4, lr: 1.194e-03, size: 608, ETA: 3:44:29
2022-12-09 02:48:34 | INFO     | yolox.core.trainer:274 - epoch: 3/120, iter: 100/203, mem: 20310Mb, iter_time: 0.468s, data_time: 0.004s, total_loss: 10.8, iou_loss: 4.3, l1_loss: 0.0, conf_loss: 5.1, cls_loss: 1.4, lr: 1.243e-03, size: 640, ETA: 3:43:38
2022-12-09 02:48:39 | INFO     | yolox.core.trainer:274 - epoch: 3/120, iter: 110/203, mem: 20310Mb, iter_time: 0.440s, data_time: 0.004s, total_loss: 10.4, iou_loss: 4.4, l1_loss: 0.0, conf_loss: 4.8, cls_loss: 1.2, lr: 1.292e-03, size: 480, ETA: 3:42:36
2022-12-09 02:48:43 | INFO     | yolox.core.trainer:274 - epoch: 3/120, iter: 120/203, mem: 20310Mb, iter_time: 0.419s, data_time: 0.003s, total_loss: 10.5, iou_loss: 4.3, l1_loss: 0.0, conf_loss: 4.9, cls_loss: 1.3, lr: 1.343e-03, size: 512, ETA: 3:41:26
2022-12-09 02:48:48 | INFO     | yolox.core.trainer:274 - epoch: 3/120, iter: 130/203, mem: 20310Mb, iter_time: 0.513s, data_time: 0.003s, total_loss: 11.1, iou_loss: 4.2, l1_loss: 0.0, conf_loss: 5.3, cls_loss: 1.6, lr: 1.394e-03, size: 768, ETA: 3:41:01
2022-12-09 02:48:53 | INFO     | yolox.core.trainer:274 - epoch: 3/120, iter: 140/203, mem: 20310Mb, iter_time: 0.511s, data_time: 0.004s, total_loss: 10.6, iou_loss: 4.2, l1_loss: 0.0, conf_loss: 5.0, cls_loss: 1.4, lr: 1.447e-03, size: 608, ETA: 3:40:36
2022-12-09 02:48:57 | INFO     | yolox.core.trainer:274 - epoch: 3/120, iter: 150/203, mem: 20310Mb, iter_time: 0.431s, data_time: 0.004s, total_loss: 10.5, iou_loss: 4.3, l1_loss: 0.0, conf_loss: 5.0, cls_loss: 1.3, lr: 1.500e-03, size: 480, ETA: 3:39:37
2022-12-09 02:49:02 | INFO     | yolox.core.trainer:274 - epoch: 3/120, iter: 160/203, mem: 20310Mb, iter_time: 0.471s, data_time: 0.003s, total_loss: 10.8, iou_loss: 4.2, l1_loss: 0.0, conf_loss: 5.2, cls_loss: 1.4, lr: 1.555e-03, size: 672, ETA: 3:38:57
2022-12-09 02:49:07 | INFO     | yolox.core.trainer:274 - epoch: 3/120, iter: 170/203, mem: 20310Mb, iter_time: 0.462s, data_time: 0.003s, total_loss: 10.4, iou_loss: 4.3, l1_loss: 0.0, conf_loss: 4.8, cls_loss: 1.3, lr: 1.610e-03, size: 512, ETA: 3:38:14
2022-12-09 02:49:11 | INFO     | yolox.core.trainer:274 - epoch: 3/120, iter: 180/203, mem: 20310Mb, iter_time: 0.458s, data_time: 0.003s, total_loss: 10.7, iou_loss: 4.3, l1_loss: 0.0, conf_loss: 5.0, cls_loss: 1.4, lr: 1.667e-03, size: 640, ETA: 3:37:31
2022-12-09 02:49:16 | INFO     | yolox.core.trainer:274 - epoch: 3/120, iter: 190/203, mem: 20310Mb, iter_time: 0.490s, data_time: 0.003s, total_loss: 10.7, iou_loss: 4.3, l1_loss: 0.0, conf_loss: 5.2, cls_loss: 1.3, lr: 1.724e-03, size: 672, ETA: 3:37:02
2022-12-09 02:49:21 | INFO     | yolox.core.trainer:274 - epoch: 3/120, iter: 200/203, mem: 20310Mb, iter_time: 0.481s, data_time: 0.005s, total_loss: 10.6, iou_loss: 4.3, l1_loss: 0.0, conf_loss: 5.1, cls_loss: 1.2, lr: 1.782e-03, size: 608, ETA: 3:36:30
2022-12-09 02:49:22 | INFO     | yolox.core.trainer:356 - Save weights to ./YOLOX_outputs/yolox_s_slim_sparsity_train
2022-12-09 02:49:23 | INFO     | yolox.core.trainer:207 - ---> start train epoch4
2022-12-09 02:49:28 | INFO     | yolox.core.trainer:274 - epoch: 4/120, iter: 10/203, mem: 20310Mb, iter_time: 0.544s, data_time: 0.003s, total_loss: 10.9, iou_loss: 4.1, l1_loss: 0.0, conf_loss: 5.3, cls_loss: 1.5, lr: 1.860e-03, size: 736, ETA: 3:36:13
2022-12-09 02:49:33 | INFO     | yolox.core.trainer:274 - epoch: 4/120, iter: 20/203, mem: 20310Mb, iter_time: 0.527s, data_time: 0.003s, total_loss: 10.6, iou_loss: 4.3, l1_loss: 0.0, conf_loss: 5.1, cls_loss: 1.2, lr: 1.920e-03, size: 704, ETA: 3:36:00
2022-12-09 02:49:38 | INFO     | yolox.core.trainer:274 - epoch: 4/120, iter: 30/203, mem: 20310Mb, iter_time: 0.426s, data_time: 0.003s, total_loss: 10.3, iou_loss: 4.3, l1_loss: 0.0, conf_loss: 4.7, cls_loss: 1.3, lr: 1.982e-03, size: 480, ETA: 3:35:10
2022-12-09 02:49:42 | INFO     | yolox.core.trainer:274 - epoch: 4/120, iter: 40/203, mem: 20310Mb, iter_time: 0.440s, data_time: 0.004s, total_loss: 10.5, iou_loss: 4.2, l1_loss: 0.0, conf_loss: 4.9, cls_loss: 1.3, lr: 2.044e-03, size: 576, ETA: 3:34:26
2022-12-09 02:49:48 | INFO     | yolox.core.trainer:274 - epoch: 4/120, iter: 50/203, mem: 20310Mb, iter_time: 0.582s, data_time: 0.003s, total_loss: 11.0, iou_loss: 4.1, l1_loss: 0.0, conf_loss: 5.5, cls_loss: 1.3, lr: 2.108e-03, size: 800, ETA: 3:34:35
2022-12-09 02:49:53 | INFO     | yolox.core.trainer:274 - epoch: 4/120, iter: 60/203, mem: 20310Mb, iter_time: 0.513s, data_time: 0.003s, total_loss: 10.6, iou_loss: 4.3, l1_loss: 0.0, conf_loss: 5.1, cls_loss: 1.2, lr: 2.172e-03, size: 672, ETA: 3:34:19
2022-12-09 02:49:58 | INFO     | yolox.core.trainer:274 - epoch: 4/120, iter: 70/203, mem: 20310Mb, iter_time: 0.451s, data_time: 0.003s, total_loss: 10.5, iou_loss: 4.3, l1_loss: 0.0, conf_loss: 4.9, cls_loss: 1.3, lr: 2.238e-03, size: 576, ETA: 3:33:41
2022-12-09 02:50:03 | INFO     | yolox.core.trainer:274 - epoch: 4/120, iter: 80/203, mem: 20310Mb, iter_time: 0.513s, data_time: 0.003s, total_loss: 10.5, iou_loss: 4.1, l1_loss: 0.0, conf_loss: 5.0, cls_loss: 1.3, lr: 2.304e-03, size: 704, ETA: 3:33:26
2022-12-09 02:50:08 | INFO     | yolox.core.trainer:274 - epoch: 4/120, iter: 90/203, mem: 20310Mb, iter_time: 0.561s, data_time: 0.003s, total_loss: 10.7, iou_loss: 4.1, l1_loss: 0.0, conf_loss: 5.2, cls_loss: 1.4, lr: 2.371e-03, size: 736, ETA: 3:33:27
2022-12-09 02:50:13 | INFO     | yolox.core.trainer:274 - epoch: 4/120, iter: 100/203, mem: 20310Mb, iter_time: 0.477s, data_time: 0.003s, total_loss: 10.5, iou_loss: 4.3, l1_loss: 0.0, conf_loss: 4.9, cls_loss: 1.3, lr: 2.440e-03, size: 608, ETA: 3:33:01
2022-12-09 02:50:19 | INFO     | yolox.core.trainer:274 - epoch: 4/120, iter: 110/203, mem: 20310Mb, iter_time: 0.555s, data_time: 0.003s, total_loss: 10.8, iou_loss: 4.1, l1_loss: 0.0, conf_loss: 5.3, cls_loss: 1.3, lr: 2.509e-03, size: 768, ETA: 3:33:00
2022-12-09 02:50:23 | INFO     | yolox.core.trainer:274 - epoch: 4/120, iter: 120/203, mem: 20310Mb, iter_time: 0.461s, data_time: 0.003s, total_loss: 10.2, iou_loss: 4.4, l1_loss: 0.0, conf_loss: 4.8, cls_loss: 1.1, lr: 2.579e-03, size: 544, ETA: 3:32:29
2022-12-09 02:50:29 | INFO     | yolox.core.trainer:274 - epoch: 4/120, iter: 130/203, mem: 20310Mb, iter_time: 0.550s, data_time: 0.003s, total_loss: 10.8, iou_loss: 4.2, l1_loss: 0.0, conf_loss: 5.3, cls_loss: 1.3, lr: 2.650e-03, size: 736, ETA: 3:32:27
2022-12-09 02:50:33 | INFO     | yolox.core.trainer:274 - epoch: 4/120, iter: 140/203, mem: 20310Mb, iter_time: 0.430s, data_time: 0.004s, total_loss: 10.2, iou_loss: 4.4, l1_loss: 0.0, conf_loss: 4.8, cls_loss: 1.0, lr: 2.723e-03, size: 512, ETA: 3:31:46
2022-12-09 02:50:37 | INFO     | yolox.core.trainer:274 - epoch: 4/120, iter: 150/203, mem: 20310Mb, iter_time: 0.412s, data_time: 0.004s, total_loss: 10.0, iou_loss: 4.4, l1_loss: 0.0, conf_loss: 4.5, cls_loss: 1.1, lr: 2.796e-03, size: 480, ETA: 3:31:02
2022-12-09 02:50:42 | INFO     | yolox.core.trainer:274 - epoch: 4/120, iter: 160/203, mem: 20310Mb, iter_time: 0.465s, data_time: 0.004s, total_loss: 10.5, iou_loss: 4.3, l1_loss: 0.0, conf_loss: 5.0, cls_loss: 1.2, lr: 2.870e-03, size: 608, ETA: 3:30:34
2022-12-09 02:50:47 | INFO     | yolox.core.trainer:274 - epoch: 4/120, iter: 170/203, mem: 20310Mb, iter_time: 0.466s, data_time: 0.004s, total_loss: 10.4, iou_loss: 4.2, l1_loss: 0.0, conf_loss: 4.9, cls_loss: 1.3, lr: 2.945e-03, size: 608, ETA: 3:30:08
2022-12-09 02:50:51 | INFO     | yolox.core.trainer:274 - epoch: 4/120, iter: 180/203, mem: 20310Mb, iter_time: 0.460s, data_time: 0.004s, total_loss: 10.5, iou_loss: 4.3, l1_loss: 0.0, conf_loss: 5.0, cls_loss: 1.3, lr: 3.021e-03, size: 608, ETA: 3:29:40
slurmstepd: error: *** JOB 2845 ON sw9 CANCELLED AT 2022-12-09T02:50:55 ***
