20221202-033703
0.10335683822631836
898509
[ 1  2  4  6  7  8  9 10 12]
torch.Size([16, 1, 3, 3])
[ 4  9 10 11 12 13 14 15]
tensor([[[[-0.0274, -0.0510, -0.0306],
          [-0.1111, -0.2534, -0.1331],
          [-0.0899, -0.2202, -0.1164]]],


        [[[ 0.0124,  0.0169,  0.0078],
          [ 0.1095,  0.2223,  0.1152],
          [ 0.1032,  0.2062,  0.1038]]],


        [[[-0.0285, -0.0163, -0.0185],
          [-0.0175, -0.1557, -0.0062],
          [-0.0465, -0.0800, -0.0493]]],


        [[[-0.0991, -0.1753, -0.0812],
          [-0.1599, -0.3103, -0.1704],
          [-0.0648, -0.1406, -0.0872]]],


        [[[ 0.3430,  0.0462, -0.3911],
          [ 0.3917,  0.0458, -0.4451],
          [-0.0286,  0.0199,  0.0189]]],


        [[[ 0.0314, -0.0430, -0.0584],
          [-0.0343,  0.0913,  0.0832],
          [-0.0597,  0.2135,  0.2645]]],


        [[[-0.0724, -0.1626, -0.0852],
          [-0.1357, -0.2841, -0.1338],
          [-0.0552, -0.1059, -0.0421]]],


        [[[ 0.0245,  0.0351, -0.0168],
          [ 0.0976,  0.0798, -0.3465],
          [ 0.0416,  0.0500, -0.0441]]],


        [[[-0.1062, -0.1974, -0.1116],
          [-0.1721, -0.3105, -0.1530],
          [-0.0671, -0.1102, -0.0432]]]])
Traceback (most recent call last):
  File "prun_train/prune.py", line 251, in <module>
    main(exp,args)
  File "prun_train/prune.py", line 217, in main
    loose_model, prune_mask_dict, prune_bn_dict, mask_bn_channel_dict)
  File "prun_train/prune.py", line 137, in init_weights_from_loose_model
    w = w[out_idx, :, :, :].clone()
IndexError: index 9 is out of bounds for dimension 0 with size 9
done
