extracting the dataset from NAS ...
cp: cannot overwrite non-directory '/local_datasets/VisDrone' with directory '/data/datasets/VisDrone'
done
/var/spool/slurm/d/job01653/slurm_script: line 22: $'\necho \'setup yolox environment ...\'\npip3 install -v -e .  # or  python3 setup.py develop\necho \'done\'\n': command not found
20221123-224951
2022-11-23 22:49:52 | INFO     | yolox.core.trainer:130 - args: Namespace(batch_size=64, cache=True, ckpt='pretrained_models/yolox_nano.pth', devices=1, dist_backend='nccl', dist_url=None, exp_file='exps/example/custom/visdrone_nano.py', experiment_name='visdrone_nano', fp16=True, logger='tensorboard', machine_rank=0, name=None, num_machines=1, occupy=False, opts=[], resume=False, start_epoch=None)
2022-11-23 22:49:52 | INFO     | yolox.core.trainer:131 - exp value:
╒═══════════════════╤════════════════════════════╕
│ keys              │ values                     │
╞═══════════════════╪════════════════════════════╡
│ seed              │ None                       │
├───────────────────┼────────────────────────────┤
│ output_dir        │ './YOLOX_outputs'          │
├───────────────────┼────────────────────────────┤
│ print_interval    │ 10                         │
├───────────────────┼────────────────────────────┤
│ eval_interval     │ 10                         │
├───────────────────┼────────────────────────────┤
│ num_classes       │ 10                         │
├───────────────────┼────────────────────────────┤
│ depth             │ 0.33                       │
├───────────────────┼────────────────────────────┤
│ width             │ 0.25                       │
├───────────────────┼────────────────────────────┤
│ act               │ 'silu'                     │
├───────────────────┼────────────────────────────┤
│ data_num_workers  │ 0                          │
├───────────────────┼────────────────────────────┤
│ input_size        │ (832, 832)                 │
├───────────────────┼────────────────────────────┤
│ multiscale_range  │ 5                          │
├───────────────────┼────────────────────────────┤
│ data_dir          │ '/local_datasets/VisDrone' │
├───────────────────┼────────────────────────────┤
│ train_ann         │ 'train2017.json'           │
├───────────────────┼────────────────────────────┤
│ val_ann           │ 'val2017.json'             │
├───────────────────┼────────────────────────────┤
│ test_ann          │ 'test2017.json'            │
├───────────────────┼────────────────────────────┤
│ mosaic_prob       │ 1.0                        │
├───────────────────┼────────────────────────────┤
│ mixup_prob        │ 1.0                        │
├───────────────────┼────────────────────────────┤
│ hsv_prob          │ 1.0                        │
├───────────────────┼────────────────────────────┤
│ flip_prob         │ 0.5                        │
├───────────────────┼────────────────────────────┤
│ degrees           │ 10.0                       │
├───────────────────┼────────────────────────────┤
│ translate         │ 0.1                        │
├───────────────────┼────────────────────────────┤
│ mosaic_scale      │ (0.5, 1.5)                 │
├───────────────────┼────────────────────────────┤
│ enable_mixup      │ False                      │
├───────────────────┼────────────────────────────┤
│ mixup_scale       │ (0.5, 1.5)                 │
├───────────────────┼────────────────────────────┤
│ shear             │ 2.0                        │
├───────────────────┼────────────────────────────┤
│ warmup_epochs     │ 5                          │
├───────────────────┼────────────────────────────┤
│ max_epoch         │ 300                        │
├───────────────────┼────────────────────────────┤
│ warmup_lr         │ 0                          │
├───────────────────┼────────────────────────────┤
│ min_lr_ratio      │ 0.05                       │
├───────────────────┼────────────────────────────┤
│ basic_lr_per_img  │ 0.00015625                 │
├───────────────────┼────────────────────────────┤
│ scheduler         │ 'yoloxwarmcos'             │
├───────────────────┼────────────────────────────┤
│ no_aug_epochs     │ 15                         │
├───────────────────┼────────────────────────────┤
│ ema               │ True                       │
├───────────────────┼────────────────────────────┤
│ weight_decay      │ 0.0005                     │
├───────────────────┼────────────────────────────┤
│ momentum          │ 0.9                        │
├───────────────────┼────────────────────────────┤
│ save_history_ckpt │ True                       │
├───────────────────┼────────────────────────────┤
│ exp_name          │ 'visdrone_nano'            │
├───────────────────┼────────────────────────────┤
│ test_size         │ (832, 832)                 │
├───────────────────┼────────────────────────────┤
│ test_conf         │ 0.01                       │
├───────────────────┼────────────────────────────┤
│ nmsthre           │ 0.65                       │
├───────────────────┼────────────────────────────┤
│ random_size       │ (10, 20)                   │
╘═══════════════════╧════════════════════════════╛
2022-11-23 22:49:53 | INFO     | yolox.core.trainer:137 - Model Summary: Params: 0.90M, Gflops: 4.32
2022-11-23 22:49:59 | INFO     | yolox.core.trainer:311 - loading checkpoint for fine tuning
2022-11-23 22:49:59 | WARNING  | yolox.utils.checkpoint:26 - Shape of head.cls_preds.0.weight in checkpoint is torch.Size([80, 64, 1, 1]), while shape of head.cls_preds.0.weight in model is torch.Size([10, 64, 1, 1]).
2022-11-23 22:49:59 | WARNING  | yolox.utils.checkpoint:26 - Shape of head.cls_preds.0.bias in checkpoint is torch.Size([80]), while shape of head.cls_preds.0.bias in model is torch.Size([10]).
2022-11-23 22:49:59 | WARNING  | yolox.utils.checkpoint:26 - Shape of head.cls_preds.1.weight in checkpoint is torch.Size([80, 64, 1, 1]), while shape of head.cls_preds.1.weight in model is torch.Size([10, 64, 1, 1]).
2022-11-23 22:49:59 | WARNING  | yolox.utils.checkpoint:26 - Shape of head.cls_preds.1.bias in checkpoint is torch.Size([80]), while shape of head.cls_preds.1.bias in model is torch.Size([10]).
2022-11-23 22:49:59 | WARNING  | yolox.utils.checkpoint:26 - Shape of head.cls_preds.2.weight in checkpoint is torch.Size([80, 64, 1, 1]), while shape of head.cls_preds.2.weight in model is torch.Size([10, 64, 1, 1]).
2022-11-23 22:49:59 | WARNING  | yolox.utils.checkpoint:26 - Shape of head.cls_preds.2.bias in checkpoint is torch.Size([80]), while shape of head.cls_preds.2.bias in model is torch.Size([10]).
2022-11-23 22:49:59 | INFO     | yolox.data.datasets.coco:65 - loading annotations into memory...
2022-11-23 22:49:59 | ERROR    | yolox.core.launch:98 - An error has been caught in function 'launch', process 'MainProcess' (1810834), thread 'MainThread' (139829883159744):
Traceback (most recent call last):

  File "tools/train.py", line 150, in <module>
    args=(exp, args),
          │    └ Namespace(batch_size=64, cache=True, ckpt='pretrained_models/yolox_nano.pth', devices=1, dist_backend='nccl', dist_url=None, ...
          └ ╒═══════════════════╤════════════════════════════════════════════════════════════════════════════════════════════════════════...

> File "/data/happyhoo97/repos/YOLOX/yolox/core/launch.py", line 98, in launch
    main_func(*args)
    │          └ (╒═══════════════════╤═══════════════════════════════════════════════════════════════════════════════════════════════════════...
    └ <function main at 0x7f2cae0a5830>

  File "tools/train.py", line 127, in main
    trainer.train()
    │       └ <function Trainer.train at 0x7f2c0ae2a560>
    └ <prun_train.my_train.MY_Trainer_Loose object at 0x7f2bfbc07ed0>

  File "/data/happyhoo97/repos/YOLOX/yolox/core/trainer.py", line 74, in train
    self.before_train()
    │    └ <function Trainer.before_train at 0x7f2bfbb2b680>
    └ <prun_train.my_train.MY_Trainer_Loose object at 0x7f2bfbc07ed0>

  File "/data/happyhoo97/repos/YOLOX/yolox/core/trainer.py", line 153, in before_train
    cache_img=self.args.cache,
              │    │    └ True
              │    └ Namespace(batch_size=64, cache=True, ckpt='pretrained_models/yolox_nano.pth', devices=1, dist_backend='nccl', dist_url=None, ...
              └ <prun_train.my_train.MY_Trainer_Loose object at 0x7f2bfbc07ed0>

  File "/data/happyhoo97/repos/YOLOX/yolox/exp/yolox_base.py", line 151, in get_data_loader
    cache=cache_img,
          └ True

  File "/data/happyhoo97/repos/YOLOX/yolox/data/datasets/coco.py", line 65, in __init__
    self.coco = COCO(os.path.join(self.data_dir, "annotations", self.json_file))
    │           │    │  │    │    │    │                        │    └ 'train2017.json'
    │           │    │  │    │    │    │                        └ <yolox.data.datasets.coco.COCODataset object at 0x7f2bfbd4ae50>
    │           │    │  │    │    │    └ '/local_datasets/VisDrone'
    │           │    │  │    │    └ <yolox.data.datasets.coco.COCODataset object at 0x7f2bfbd4ae50>
    │           │    │  │    └ <function join at 0x7f2cae1b6ef0>
    │           │    │  └ <module 'posixpath' from '/data/happyhoo97/anaconda3/envs/yolox_env/lib/python3.7/posixpath.py'>
    │           │    └ <module 'os' from '/data/happyhoo97/anaconda3/envs/yolox_env/lib/python3.7/os.py'>
    │           └ <class 'pycocotools.coco.COCO'>
    └ <yolox.data.datasets.coco.COCODataset object at 0x7f2bfbd4ae50>

  File "/data/happyhoo97/anaconda3/envs/yolox_env/lib/python3.7/site-packages/pycocotools/coco.py", line 81, in __init__
    with open(annotation_file, 'r') as f:
              └ '/local_datasets/VisDrone/annotations/train2017.json'

NotADirectoryError: [Errno 20] Not a directory: '/local_datasets/VisDrone/annotations/train2017.json'
Exception ignored in: <function COCODataset.__del__ at 0x7f2bfbc10440>
Traceback (most recent call last):
  File "/data/happyhoo97/repos/YOLOX/yolox/data/datasets/coco.py", line 83, in __del__
    del self.imgs
AttributeError: imgs
done
