20221125-134047
0.11180496215820312
898509
Case 1
convIn
12
=== out_idx ===
[ 1  2  4  6  7  8  9 10 12]
torch.Size([16, 12, 3, 3])
convIn
backbone.backbone.stem.conv.bn
=== in_idx ===
[ 1  2  4  6  7  8  9 10 12]
torch.Size([16, 1, 3, 3])
Traceback (most recent call last):
  File "prun_train/prune.py", line 262, in <module>
    main(exp,args)
  File "prun_train/prune.py", line 228, in main
    loose_model, prune_mask_dict, prune_bn_dict, mask_bn_channel_dict)
  File "prun_train/prune.py", line 148, in init_weights_from_loose_model
    w = loose_layer.weight.data[:, in_idx, :, :].clone()
IndexError: index 1 is out of bounds for dimension 0 with size 1
done
