20221202-032447
0.10004425048828125
898509
tensor([[[[-1.4803e-01, -1.9262e-01, -4.9513e-02],
          [-2.7289e-02, -6.1833e-03, -4.5431e-02],
          [ 1.5464e-01,  3.1096e-01, -3.0148e-03]]],


        [[[-2.7418e-02, -5.1001e-02, -3.0564e-02],
          [-1.1113e-01, -2.5344e-01, -1.3309e-01],
          [-8.9931e-02, -2.2016e-01, -1.1645e-01]]],


        [[[ 1.2354e-02,  1.6881e-02,  7.7568e-03],
          [ 1.0952e-01,  2.2231e-01,  1.1516e-01],
          [ 1.0321e-01,  2.0625e-01,  1.0380e-01]]],


        [[[ 4.5490e-03,  1.1502e-02, -1.3019e-02],
          [-1.9245e-02,  1.3743e-01,  1.2137e-01],
          [-1.2858e-02,  1.2696e-01,  9.9723e-02]]],


        [[[-2.8460e-02, -1.6316e-02, -1.8456e-02],
          [-1.7480e-02, -1.5575e-01, -6.2080e-03],
          [-4.6492e-02, -8.0001e-02, -4.9257e-02]]],


        [[[-9.7175e-02,  7.6488e-02,  3.7878e-02],
          [ 4.9389e-02,  4.5004e-01,  8.3310e-02],
          [ 9.7177e-02,  9.8466e-02, -8.4294e-02]]],


        [[[-9.9067e-02, -1.7530e-01, -8.1220e-02],
          [-1.5990e-01, -3.1028e-01, -1.7037e-01],
          [-6.4837e-02, -1.4060e-01, -8.7199e-02]]],


        [[[ 3.4304e-01,  4.6218e-02, -3.9105e-01],
          [ 3.9167e-01,  4.5841e-02, -4.4514e-01],
          [-2.8588e-02,  1.9944e-02,  1.8864e-02]]],


        [[[ 3.1425e-02, -4.2954e-02, -5.8403e-02],
          [-3.4319e-02,  9.1291e-02,  8.3245e-02],
          [-5.9715e-02,  2.1349e-01,  2.6448e-01]]],


        [[[-7.2381e-02, -1.6257e-01, -8.5188e-02],
          [-1.3565e-01, -2.8409e-01, -1.3375e-01],
          [-5.5243e-02, -1.0591e-01, -4.2063e-02]]],


        [[[ 2.4468e-02,  3.5063e-02, -1.6816e-02],
          [ 9.7623e-02,  7.9802e-02, -3.4649e-01],
          [ 4.1641e-02,  5.0007e-02, -4.4137e-02]]],


        [[[-4.3291e-02,  6.7314e-02,  8.5299e-02],
          [ 6.7468e-02, -1.3223e-01, -1.5968e-01],
          [ 9.2606e-02, -2.2782e-01, -2.6412e-01]]],


        [[[-1.0622e-01, -1.9737e-01, -1.1159e-01],
          [-1.7209e-01, -3.1048e-01, -1.5304e-01],
          [-6.7106e-02, -1.1023e-01, -4.3156e-02]]],


        [[[-1.5863e-02, -5.2912e-04, -2.3771e-02],
          [ 3.1018e-02,  2.1297e-01,  1.6130e-01],
          [-1.4467e-02,  2.2168e-01,  6.5189e-02]]],


        [[[ 5.1724e-02,  5.6438e-01,  6.1642e-01],
          [-4.9478e-01, -7.4345e-02,  6.8681e-01],
          [-6.8926e-01, -7.7442e-01,  8.5585e-02]]],


        [[[ 1.7442e-02,  4.1631e-02, -2.2016e-02],
          [-1.9289e-02, -3.1807e-01,  3.4323e-02],
          [ 5.9200e-03, -2.4043e-02,  1.3900e-03]]]])
Traceback (most recent call last):
  File "prun_train/prune.py", line 246, in <module>
    main(exp,args)
  File "prun_train/prune.py", line 212, in main
    loose_model, prune_mask_dict, prune_bn_dict, mask_bn_channel_dict)
  File "prun_train/prune.py", line 132, in init_weights_from_loose_model
    w = loose_layer.weight.data[:, in_idx, :, :].clone()
IndexError: index 1 is out of bounds for dimension 0 with size 1
done
